#0 building with "desktop-linux" instance using docker driver

#1 [internal] load build definition from Dockerfile
#1 transferring dockerfile: 302B done
#1 DONE 0.0s

#2 [internal] load metadata for docker.io/library/eclipse-temurin:8-jre
#2 DONE 0.0s

#3 [internal] load .dockerignore
#3 transferring context: 2B done
#3 DONE 0.0s

#4 [1/3] FROM docker.io/library/eclipse-temurin:8-jre@sha256:3b307643e9a7bb12b03154c434211ec485446bea7d119559365c06f31e8bbfa1
#4 resolve docker.io/library/eclipse-temurin:8-jre@sha256:3b307643e9a7bb12b03154c434211ec485446bea7d119559365c06f31e8bbfa1 done
#4 DONE 0.0s

#5 [2/3] RUN /bin/cp /usr/share/zoneinfo/Asia/Shanghai /etc/localtime && echo 'Asia/Shanghai' >/etc/timezone
#5 CACHED

#6 [internal] load build context
#6 transferring context: 62.50MB 0.4s done
#6 DONE 0.4s

#7 [3/3] ADD ./target/ts-admin-user-service-1.0.jar /app/
#7 DONE 0.1s

#8 exporting to image
#8 exporting layers
#8 exporting layers 1.3s done
#8 exporting manifest sha256:d44178d22eecbf26dcb3e0e47de4d6b26ffb6fd4810726fef0c40f997af2270c
#8 exporting manifest sha256:d44178d22eecbf26dcb3e0e47de4d6b26ffb6fd4810726fef0c40f997af2270c done
#8 exporting config sha256:ccc470256a87622d37ef93475b7b91ec516a1873af357d69d2ad4fe55fb3b1fc done
#8 exporting attestation manifest sha256:2f8838f4be7ed2a6931b889f951b81cb6d206d72bdcdb26e8455edca9b197735 0.0s done
#8 exporting manifest list sha256:7bd896d33664be91796230ea539a594cfd23234968383eb8f2def2f42932cfd6 done
#8 naming to 1.94.151.57:85/train-ticket/ts-admin-user-service:1.0.0 done
#8 DONE 1.4s
The push refers to repository [1.94.151.57:85/train-ticket/ts-admin-user-service]
554704b79228: Waiting
8928943a460b: Waiting
a583c88cc96f: Waiting
01d7766a2e4a: Waiting
63efd5d9eb50: Waiting
7fa5470f8d14: Waiting
80ffb99b1b2d: Waiting
fd51d394b192: Waiting
80ffb99b1b2d: Waiting
fd51d394b192: Waiting
554704b79228: Waiting
8928943a460b: Waiting
a583c88cc96f: Waiting
01d7766a2e4a: Waiting
63efd5d9eb50: Waiting
7fa5470f8d14: Waiting
554704b79228: Waiting
8928943a460b: Waiting
a583c88cc96f: Waiting
01d7766a2e4a: Waiting
63efd5d9eb50: Waiting
7fa5470f8d14: Waiting
80ffb99b1b2d: Waiting
fd51d394b192: Waiting
fd51d394b192: Waiting
554704b79228: Waiting
8928943a460b: Waiting
a583c88cc96f: Waiting
01d7766a2e4a: Waiting
63efd5d9eb50: Waiting
7fa5470f8d14: Waiting
80ffb99b1b2d: Waiting
8928943a460b: Waiting
a583c88cc96f: Waiting
01d7766a2e4a: Waiting
63efd5d9eb50: Waiting
7fa5470f8d14: Waiting
80ffb99b1b2d: Waiting
fd51d394b192: Waiting
554704b79228: Waiting
7fa5470f8d14: Waiting
80ffb99b1b2d: Waiting
fd51d394b192: Waiting
554704b79228: Waiting
8928943a460b: Waiting
a583c88cc96f: Waiting
01d7766a2e4a: Waiting
63efd5d9eb50: Waiting
a583c88cc96f: Waiting
01d7766a2e4a: Waiting
63efd5d9eb50: Waiting
7fa5470f8d14: Waiting
80ffb99b1b2d: Waiting
fd51d394b192: Waiting
554704b79228: Waiting
8928943a460b: Waiting
7fa5470f8d14: Waiting
80ffb99b1b2d: Waiting
fd51d394b192: Waiting
554704b79228: Waiting
8928943a460b: Waiting
a583c88cc96f: Waiting
01d7766a2e4a: Waiting
63efd5d9eb50: Waiting
7fa5470f8d14: Waiting
80ffb99b1b2d: Waiting
fd51d394b192: Waiting
554704b79228: Waiting
8928943a460b: Waiting
a583c88cc96f: Waiting
01d7766a2e4a: Waiting
63efd5d9eb50: Waiting
a583c88cc96f: Waiting
01d7766a2e4a: Waiting
63efd5d9eb50: Waiting
7fa5470f8d14: Waiting
80ffb99b1b2d: Waiting
fd51d394b192: Waiting
554704b79228: Waiting
8928943a460b: Waiting
63efd5d9eb50: Waiting
7fa5470f8d14: Waiting
80ffb99b1b2d: Waiting
fd51d394b192: Waiting
554704b79228: Waiting
8928943a460b: Waiting
a583c88cc96f: Waiting
01d7766a2e4a: Waiting
80ffb99b1b2d: Waiting
fd51d394b192: Waiting
554704b79228: Waiting
8928943a460b: Waiting
a583c88cc96f: Waiting
01d7766a2e4a: Waiting
63efd5d9eb50: Waiting
7fa5470f8d14: Waiting
fd51d394b192: Waiting
554704b79228: Waiting
8928943a460b: Waiting
a583c88cc96f: Waiting
01d7766a2e4a: Waiting
63efd5d9eb50: Waiting
7fa5470f8d14: Waiting
80ffb99b1b2d: Waiting
fd51d394b192: Waiting
554704b79228: Waiting
8928943a460b: Waiting
a583c88cc96f: Waiting
01d7766a2e4a: Waiting
63efd5d9eb50: Waiting
7fa5470f8d14: Waiting
80ffb99b1b2d: Waiting
a583c88cc96f: Waiting
01d7766a2e4a: Waiting
63efd5d9eb50: Waiting
7fa5470f8d14: Waiting
80ffb99b1b2d: Waiting
fd51d394b192: Waiting
554704b79228: Waiting
8928943a460b: Waiting
7fa5470f8d14: Waiting
80ffb99b1b2d: Waiting
fd51d394b192: Waiting
554704b79228: Waiting
8928943a460b: Waiting
a583c88cc96f: Waiting
01d7766a2e4a: Waiting
63efd5d9eb50: Waiting
554704b79228: Waiting
8928943a460b: Waiting
a583c88cc96f: Waiting
01d7766a2e4a: Waiting
63efd5d9eb50: Waiting
7fa5470f8d14: Waiting
80ffb99b1b2d: Waiting
fd51d394b192: Waiting
554704b79228: Waiting
8928943a460b: Waiting
a583c88cc96f: Waiting
01d7766a2e4a: Waiting
63efd5d9eb50: Waiting
7fa5470f8d14: Waiting
80ffb99b1b2d: Waiting
fd51d394b192: Waiting
80ffb99b1b2d: Waiting
fd51d394b192: Waiting
8928943a460b: Waiting
a583c88cc96f: Waiting
01d7766a2e4a: Waiting
63efd5d9eb50: Waiting
7fa5470f8d14: Waiting
554704b79228: Pushed
8928943a460b: Waiting
a583c88cc96f: Waiting
01d7766a2e4a: Waiting
63efd5d9eb50: Waiting
7fa5470f8d14: Waiting
80ffb99b1b2d: Waiting
fd51d394b192: Waiting
fd51d394b192: Waiting
8928943a460b: Waiting
a583c88cc96f: Waiting
01d7766a2e4a: Waiting
63efd5d9eb50: Waiting
7fa5470f8d14: Waiting
80ffb99b1b2d: Waiting
a583c88cc96f: Mounted from train-ticket/ts-admin-travel-service
01d7766a2e4a: Mounted from train-ticket/ts-admin-travel-service
63efd5d9eb50: Mounted from train-ticket/ts-admin-travel-service
7fa5470f8d14: Mounted from train-ticket/ts-admin-travel-service
80ffb99b1b2d: Mounted from train-ticket/ts-admin-travel-service
fd51d394b192: Mounted from train-ticket/ts-admin-travel-service
8928943a460b: Waiting
8928943a460b: Waiting
8928943a460b: Waiting
8928943a460b: Waiting
8928943a460b: Waiting
8928943a460b: Waiting
8928943a460b: Waiting
8928943a460b: Waiting
8928943a460b: Waiting
8928943a460b: Waiting
8928943a460b: Waiting
8928943a460b: Waiting
8928943a460b: Waiting
8928943a460b: Pushed
1.0.0: digest: sha256:7bd896d33664be91796230ea539a594cfd23234968383eb8f2def2f42932cfd6 size: 856
