#0 building with "desktop-linux" instance using docker driver

#1 [1/3] FROM docker.io/library/eclipse-temurin:8-jre@sha256:3b307643e9a7bb12b03154c434211ec485446bea7d119559365c06f31e8bbfa1
#1 resolve docker.io/library/eclipse-temurin:8-jre@sha256:3b307643e9a7bb12b03154c434211ec485446bea7d119559365c06f31e8bbfa1 done
#1 DONE 0.0s

#2 [2/3] RUN /bin/cp /usr/share/zoneinfo/Asia/Shanghai /etc/localtime && echo 'Asia/Shanghai' >/etc/timezone
#2 CACHED

#3 [internal] load build definition from Dockerfile
#3 transferring dockerfile: 300B done
#3 DONE 0.0s

#4 [internal] load metadata for docker.io/library/eclipse-temurin:8-jre
#4 DONE 0.0s

#5 [internal] load .dockerignore
#5 transferring context: 2B done
#5 DONE 0.0s

#6 [internal] load build context
#6 transferring context: 80.92MB 0.5s done
#6 DONE 0.5s

#7 [3/3] ADD ./target/ts-assurance-service-1.0.jar /app/
#7 DONE 0.1s

#8 exporting to image
#8 exporting layers
#8 exporting layers 1.6s done
#8 exporting manifest sha256:9aa3cfaca319ff9c859270e2637c73b980b1a60197bf44ec13a15e0b61a92a2e
#8 exporting manifest sha256:9aa3cfaca319ff9c859270e2637c73b980b1a60197bf44ec13a15e0b61a92a2e done
#8 exporting config sha256:b4031a6c72d24341954b0793745a1bd5d1dab6dda0641dede619f872f399a1e7 done
#8 exporting attestation manifest sha256:dce25b2843e5d2f4dd8f80ef60e2541399fa05b4d7310a7c34f4ed410f84eef4 done
#8 exporting manifest list sha256:469a84005da926cf937e3ea490420d4b29c9863744b07c2f84fdca3c995496c0 done
#8 naming to 1.94.151.57:85/train-ticket/ts-assurance-service:1.0.0 done
#8 DONE 1.6s
The push refers to repository [1.94.151.57:85/train-ticket/ts-assurance-service]
a583c88cc96f: Waiting
80ffb99b1b2d: Waiting
fd51d394b192: Waiting
01d7766a2e4a: Waiting
7fa5470f8d14: Waiting
63efd5d9eb50: Waiting
07dad47cd0fa: Waiting
56431cb960bd: Waiting
56431cb960bd: Waiting
a583c88cc96f: Waiting
80ffb99b1b2d: Waiting
fd51d394b192: Waiting
01d7766a2e4a: Waiting
7fa5470f8d14: Waiting
63efd5d9eb50: Waiting
07dad47cd0fa: Waiting
fd51d394b192: Waiting
01d7766a2e4a: Waiting
7fa5470f8d14: Waiting
63efd5d9eb50: Waiting
07dad47cd0fa: Waiting
56431cb960bd: Waiting
a583c88cc96f: Waiting
80ffb99b1b2d: Waiting
56431cb960bd: Waiting
a583c88cc96f: Waiting
80ffb99b1b2d: Waiting
fd51d394b192: Waiting
01d7766a2e4a: Waiting
7fa5470f8d14: Waiting
63efd5d9eb50: Waiting
07dad47cd0fa: Waiting
07dad47cd0fa: Waiting
56431cb960bd: Waiting
a583c88cc96f: Waiting
80ffb99b1b2d: Waiting
fd51d394b192: Waiting
01d7766a2e4a: Waiting
7fa5470f8d14: Waiting
63efd5d9eb50: Waiting
fd51d394b192: Waiting
01d7766a2e4a: Waiting
7fa5470f8d14: Waiting
63efd5d9eb50: Waiting
07dad47cd0fa: Waiting
56431cb960bd: Waiting
a583c88cc96f: Waiting
80ffb99b1b2d: Waiting
63efd5d9eb50: Waiting
07dad47cd0fa: Waiting
56431cb960bd: Waiting
a583c88cc96f: Waiting
80ffb99b1b2d: Waiting
fd51d394b192: Waiting
01d7766a2e4a: Waiting
7fa5470f8d14: Waiting
80ffb99b1b2d: Waiting
fd51d394b192: Waiting
01d7766a2e4a: Waiting
7fa5470f8d14: Waiting
63efd5d9eb50: Waiting
07dad47cd0fa: Waiting
56431cb960bd: Waiting
a583c88cc96f: Waiting
56431cb960bd: Waiting
a583c88cc96f: Waiting
80ffb99b1b2d: Waiting
fd51d394b192: Waiting
01d7766a2e4a: Waiting
7fa5470f8d14: Waiting
63efd5d9eb50: Waiting
07dad47cd0fa: Waiting
56431cb960bd: Waiting
a583c88cc96f: Waiting
80ffb99b1b2d: Waiting
fd51d394b192: Waiting
01d7766a2e4a: Waiting
7fa5470f8d14: Waiting
63efd5d9eb50: Waiting
07dad47cd0fa: Waiting
07dad47cd0fa: Waiting
56431cb960bd: Waiting
a583c88cc96f: Waiting
80ffb99b1b2d: Waiting
fd51d394b192: Waiting
01d7766a2e4a: Waiting
7fa5470f8d14: Waiting
63efd5d9eb50: Waiting
01d7766a2e4a: Waiting
7fa5470f8d14: Waiting
63efd5d9eb50: Waiting
07dad47cd0fa: Waiting
56431cb960bd: Waiting
a583c88cc96f: Waiting
80ffb99b1b2d: Waiting
fd51d394b192: Waiting
a583c88cc96f: Waiting
80ffb99b1b2d: Waiting
fd51d394b192: Waiting
01d7766a2e4a: Waiting
7fa5470f8d14: Waiting
63efd5d9eb50: Waiting
07dad47cd0fa: Waiting
56431cb960bd: Waiting
01d7766a2e4a: Waiting
7fa5470f8d14: Waiting
63efd5d9eb50: Waiting
07dad47cd0fa: Waiting
56431cb960bd: Waiting
a583c88cc96f: Waiting
80ffb99b1b2d: Waiting
fd51d394b192: Waiting
a583c88cc96f: Waiting
80ffb99b1b2d: Waiting
fd51d394b192: Waiting
01d7766a2e4a: Waiting
7fa5470f8d14: Waiting
63efd5d9eb50: Waiting
a583c88cc96f: Waiting
80ffb99b1b2d: Waiting
fd51d394b192: Waiting
01d7766a2e4a: Waiting
7fa5470f8d14: Waiting
63efd5d9eb50: Waiting
7fa5470f8d14: Waiting
63efd5d9eb50: Waiting
07dad47cd0fa: Pushed
a583c88cc96f: Waiting
80ffb99b1b2d: Waiting
fd51d394b192: Waiting
01d7766a2e4a: Waiting
a583c88cc96f: Waiting
80ffb99b1b2d: Mounted from train-ticket/ts-admin-travel-service
fd51d394b192: Mounted from train-ticket/ts-admin-travel-service
01d7766a2e4a: Waiting
7fa5470f8d14: Waiting
63efd5d9eb50: Waiting
a583c88cc96f: Waiting
01d7766a2e4a: Waiting
7fa5470f8d14: Waiting
63efd5d9eb50: Waiting
63efd5d9eb50: Mounted from train-ticket/ts-admin-travel-service
a583c88cc96f: Mounted from train-ticket/ts-admin-travel-service
01d7766a2e4a: Mounted from train-ticket/ts-admin-travel-service
7fa5470f8d14: Waiting
7fa5470f8d14: Waiting
7fa5470f8d14: Waiting
7fa5470f8d14: Mounted from train-ticket/ts-admin-travel-service
56431cb960bd: Pushed
1.0.0: digest: sha256:469a84005da926cf937e3ea490420d4b29c9863744b07c2f84fdca3c995496c0 size: 856
