#0 building with "desktop-linux" instance using docker driver

#1 [internal] load build definition from Dockerfile
#1 transferring dockerfile: 308B done
#1 DONE 0.0s

#2 [internal] load metadata for docker.io/library/eclipse-temurin:8-jre
#2 DONE 0.0s

#3 [internal] load .dockerignore
#3 transferring context: 2B done
#3 DONE 0.0s

#4 [1/3] FROM docker.io/library/eclipse-temurin:8-jre@sha256:3b307643e9a7bb12b03154c434211ec485446bea7d119559365c06f31e8bbfa1
#4 resolve docker.io/library/eclipse-temurin:8-jre@sha256:3b307643e9a7bb12b03154c434211ec485446bea7d119559365c06f31e8bbfa1 done
#4 DONE 0.0s

#5 [2/3] RUN /bin/cp /usr/share/zoneinfo/Asia/Shanghai /etc/localtime && echo 'Asia/Shanghai' >/etc/timezone
#5 CACHED

#6 [internal] load build context
#6 transferring context: 80.91MB 0.5s done
#6 DONE 0.5s

#7 [3/3] ADD ./target/ts-consign-price-service-1.0.jar /app/
#7 DONE 0.1s

#8 exporting to image
#8 exporting layers
#8 exporting layers 1.2s done
#8 exporting manifest sha256:ad4c9e159119ffa79e5520048c9700b1173510c8db9bcdaaa6b405e283b5acba done
#8 exporting config sha256:a111f4a5fc15a3683cb4870a84b5a852c9839e9e94ee024dfbddd1b53e537275 done
#8 exporting attestation manifest sha256:eded38f5597a039ddd9f13f8570121af48a40fce4bb1875dd24c9747efc52c81 done
#8 exporting manifest list sha256:e027a8244fc4a4e987507040e5bf03870f54d072ff243ab4a6d922c7152f467e done
#8 naming to 1.94.151.57:85/train-ticket/ts-consign-price-service:1.0.0 done
#8 DONE 1.3s
The push refers to repository [1.94.151.57:85/train-ticket/ts-consign-price-service]
fd51d394b192: Waiting
80ffb99b1b2d: Waiting
01d7766a2e4a: Waiting
7fa5470f8d14: Waiting
a69edff2797a: Waiting
fb6e2dec8bfd: Waiting
a583c88cc96f: Waiting
63efd5d9eb50: Waiting
7fa5470f8d14: Waiting
a69edff2797a: Waiting
fb6e2dec8bfd: Waiting
a583c88cc96f: Waiting
63efd5d9eb50: Waiting
fd51d394b192: Waiting
80ffb99b1b2d: Waiting
01d7766a2e4a: Waiting
80ffb99b1b2d: Waiting
01d7766a2e4a: Waiting
7fa5470f8d14: Waiting
a69edff2797a: Waiting
fb6e2dec8bfd: Waiting
a583c88cc96f: Waiting
63efd5d9eb50: Waiting
fd51d394b192: Waiting
a583c88cc96f: Waiting
63efd5d9eb50: Waiting
fd51d394b192: Waiting
80ffb99b1b2d: Waiting
01d7766a2e4a: Waiting
7fa5470f8d14: Waiting
a69edff2797a: Waiting
fb6e2dec8bfd: Waiting
a583c88cc96f: Waiting
63efd5d9eb50: Waiting
fd51d394b192: Waiting
80ffb99b1b2d: Waiting
01d7766a2e4a: Waiting
7fa5470f8d14: Waiting
a69edff2797a: Waiting
fb6e2dec8bfd: Waiting
7fa5470f8d14: Waiting
a69edff2797a: Waiting
fb6e2dec8bfd: Waiting
a583c88cc96f: Waiting
63efd5d9eb50: Waiting
fd51d394b192: Waiting
80ffb99b1b2d: Waiting
01d7766a2e4a: Waiting
fb6e2dec8bfd: Waiting
a583c88cc96f: Waiting
63efd5d9eb50: Waiting
fd51d394b192: Waiting
80ffb99b1b2d: Waiting
01d7766a2e4a: Waiting
7fa5470f8d14: Waiting
a69edff2797a: Waiting
a583c88cc96f: Waiting
63efd5d9eb50: Waiting
fd51d394b192: Waiting
80ffb99b1b2d: Waiting
01d7766a2e4a: Waiting
7fa5470f8d14: Waiting
a69edff2797a: Waiting
fb6e2dec8bfd: Waiting
fb6e2dec8bfd: Waiting
a583c88cc96f: Waiting
63efd5d9eb50: Waiting
fd51d394b192: Waiting
80ffb99b1b2d: Waiting
01d7766a2e4a: Waiting
7fa5470f8d14: Waiting
a69edff2797a: Waiting
63efd5d9eb50: Waiting
fd51d394b192: Waiting
80ffb99b1b2d: Waiting
01d7766a2e4a: Waiting
7fa5470f8d14: Waiting
a69edff2797a: Waiting
fb6e2dec8bfd: Waiting
a583c88cc96f: Waiting
63efd5d9eb50: Waiting
fd51d394b192: Waiting
80ffb99b1b2d: Waiting
01d7766a2e4a: Waiting
7fa5470f8d14: Waiting
a69edff2797a: Waiting
fb6e2dec8bfd: Waiting
a583c88cc96f: Waiting
80ffb99b1b2d: Waiting
01d7766a2e4a: Waiting
7fa5470f8d14: Waiting
a69edff2797a: Waiting
fb6e2dec8bfd: Waiting
a583c88cc96f: Waiting
63efd5d9eb50: Waiting
fd51d394b192: Waiting
7fa5470f8d14: Waiting
a69edff2797a: Waiting
fb6e2dec8bfd: Waiting
a583c88cc96f: Waiting
63efd5d9eb50: Waiting
fd51d394b192: Waiting
80ffb99b1b2d: Waiting
01d7766a2e4a: Waiting
63efd5d9eb50: Waiting
fd51d394b192: Waiting
80ffb99b1b2d: Waiting
01d7766a2e4a: Waiting
7fa5470f8d14: Waiting
a69edff2797a: Waiting
fb6e2dec8bfd: Waiting
a583c88cc96f: Waiting
7fa5470f8d14: Waiting
a583c88cc96f: Waiting
63efd5d9eb50: Waiting
fd51d394b192: Waiting
80ffb99b1b2d: Waiting
01d7766a2e4a: Waiting
80ffb99b1b2d: Mounted from train-ticket/ts-admin-user-service
01d7766a2e4a: Waiting
7fa5470f8d14: Waiting
a583c88cc96f: Waiting
63efd5d9eb50: Waiting
fd51d394b192: Waiting
a583c88cc96f: Waiting
63efd5d9eb50: Waiting
fd51d394b192: Waiting
01d7766a2e4a: Waiting
7fa5470f8d14: Waiting
a69edff2797a: Pushed
a583c88cc96f: Mounted from train-ticket/ts-admin-user-service
63efd5d9eb50: Mounted from train-ticket/ts-admin-user-service
fd51d394b192: Mounted from train-ticket/ts-admin-user-service
01d7766a2e4a: Mounted from train-ticket/ts-admin-user-service
7fa5470f8d14: Mounted from train-ticket/ts-admin-user-service
fb6e2dec8bfd: Pushed
1.0.0: digest: sha256:e027a8244fc4a4e987507040e5bf03870f54d072ff243ab4a6d922c7152f467e size: 856
