#0 building with "desktop-linux" instance using docker driver

#1 [internal] load build definition from Dockerfile
#1 transferring dockerfile: 299B done
#1 DONE 0.0s

#2 [internal] load metadata for docker.io/library/eclipse-temurin:8-jre
#2 DONE 0.0s

#3 [internal] load .dockerignore
#3 transferring context: 2B done
#3 DONE 0.0s

#4 [1/3] FROM docker.io/library/eclipse-temurin:8-jre@sha256:3b307643e9a7bb12b03154c434211ec485446bea7d119559365c06f31e8bbfa1
#4 resolve docker.io/library/eclipse-temurin:8-jre@sha256:3b307643e9a7bb12b03154c434211ec485446bea7d119559365c06f31e8bbfa1 0.0s done
#4 DONE 0.0s

#5 [2/3] RUN /bin/cp /usr/share/zoneinfo/Asia/Shanghai /etc/localtime && echo 'Asia/Shanghai' >/etc/timezone
#5 CACHED

#6 [internal] load build context
#6 transferring context: 72.33MB 0.5s done
#6 DONE 0.5s

#7 [3/3] ADD ./target/ts-gateway-service-1.0.jar /app/
#7 DONE 0.1s

#8 exporting to image
#8 exporting layers
#8 exporting layers 1.1s done
#8 exporting manifest sha256:3e3e3219e7cc223f98b15482e0031ecbc092727241f2875ee9b37deaac83130e
#8 exporting manifest sha256:3e3e3219e7cc223f98b15482e0031ecbc092727241f2875ee9b37deaac83130e done
#8 exporting config sha256:cf079e0f226a921b0a15350b492b3cc06109482bf23bd60ef009da3e8bc1ae0c 0.0s done
#8 exporting attestation manifest sha256:966d49190c98b65f4f72d5d882193d374e3e17ddbd5e33edb5a01891dc0c3fb6 done
#8 exporting manifest list sha256:df25d2a09c49ebac1ed8e2798c11a90800d66b32b90131c8eac8201df9ef560b done
#8 naming to 1.94.151.57:85/train-ticket/ts-gateway-service:1.0.0 done
#8 DONE 1.1s
The push refers to repository [1.94.151.57:85/train-ticket/ts-gateway-service]
80ffb99b1b2d: Waiting
fd51d394b192: Waiting
1ec4cf7f9af0: Waiting
f438c4258f6c: Waiting
01d7766a2e4a: Waiting
7fa5470f8d14: Waiting
a583c88cc96f: Waiting
63efd5d9eb50: Waiting
01d7766a2e4a: Waiting
7fa5470f8d14: Waiting
a583c88cc96f: Waiting
63efd5d9eb50: Waiting
80ffb99b1b2d: Waiting
fd51d394b192: Waiting
1ec4cf7f9af0: Waiting
f438c4258f6c: Waiting
01d7766a2e4a: Waiting
7fa5470f8d14: Waiting
a583c88cc96f: Waiting
63efd5d9eb50: Waiting
80ffb99b1b2d: Waiting
fd51d394b192: Waiting
1ec4cf7f9af0: Waiting
f438c4258f6c: Waiting
fd51d394b192: Waiting
1ec4cf7f9af0: Waiting
f438c4258f6c: Waiting
01d7766a2e4a: Waiting
7fa5470f8d14: Waiting
a583c88cc96f: Waiting
63efd5d9eb50: Waiting
80ffb99b1b2d: Waiting
fd51d394b192: Waiting
1ec4cf7f9af0: Waiting
f438c4258f6c: Waiting
01d7766a2e4a: Waiting
7fa5470f8d14: Waiting
a583c88cc96f: Waiting
63efd5d9eb50: Waiting
80ffb99b1b2d: Waiting
80ffb99b1b2d: Waiting
fd51d394b192: Waiting
1ec4cf7f9af0: Waiting
f438c4258f6c: Waiting
01d7766a2e4a: Waiting
7fa5470f8d14: Waiting
a583c88cc96f: Waiting
63efd5d9eb50: Waiting
80ffb99b1b2d: Waiting
fd51d394b192: Waiting
1ec4cf7f9af0: Waiting
f438c4258f6c: Waiting
01d7766a2e4a: Waiting
7fa5470f8d14: Waiting
a583c88cc96f: Waiting
63efd5d9eb50: Waiting
01d7766a2e4a: Waiting
7fa5470f8d14: Waiting
a583c88cc96f: Waiting
63efd5d9eb50: Waiting
80ffb99b1b2d: Waiting
fd51d394b192: Waiting
1ec4cf7f9af0: Waiting
f438c4258f6c: Waiting
1ec4cf7f9af0: Waiting
f438c4258f6c: Waiting
01d7766a2e4a: Waiting
7fa5470f8d14: Waiting
a583c88cc96f: Waiting
63efd5d9eb50: Waiting
80ffb99b1b2d: Waiting
fd51d394b192: Waiting
f438c4258f6c: Waiting
01d7766a2e4a: Waiting
7fa5470f8d14: Waiting
a583c88cc96f: Waiting
63efd5d9eb50: Waiting
80ffb99b1b2d: Waiting
fd51d394b192: Waiting
01d7766a2e4a: Waiting
7fa5470f8d14: Waiting
a583c88cc96f: Waiting
63efd5d9eb50: Waiting
80ffb99b1b2d: Waiting
fd51d394b192: Waiting
1ec4cf7f9af0: Pushed
a583c88cc96f: Waiting
63efd5d9eb50: Mounted from train-ticket/ts-execute-service
80ffb99b1b2d: Mounted from train-ticket/ts-execute-service
fd51d394b192: Waiting
01d7766a2e4a: Mounted from train-ticket/ts-execute-service
7fa5470f8d14: Waiting
fd51d394b192: Mounted from train-ticket/ts-execute-service
7fa5470f8d14: Mounted from train-ticket/ts-execute-service
a583c88cc96f: Mounted from train-ticket/ts-execute-service
f438c4258f6c: Pushed
1.0.0: digest: sha256:df25d2a09c49ebac1ed8e2798c11a90800d66b32b90131c8eac8201df9ef560b size: 856
