#0 building with "desktop-linux" instance using docker driver

#1 [internal] load build definition from Dockerfile
#1 transferring dockerfile: 159B done
#1 DONE 0.0s

#2 [internal] load metadata for docker.io/mrrm/web.go:latest
#2 DONE 1.9s

#3 [internal] load .dockerignore
#3 transferring context: 2B done
#3 DONE 0.0s

#4 [1/5] FROM docker.io/mrrm/web.go:latest@sha256:4cd686091210945a4e27807fb917c6177380a60ba5f056695db20e79a2270112
#4 resolve docker.io/mrrm/web.go:latest@sha256:4cd686091210945a4e27807fb917c6177380a60ba5f056695db20e79a2270112 done
#4 DONE 0.0s

#5 [internal] load build context
#5 transferring context: 89B done
#5 DONE 0.0s

#6 [3/5] WORKDIR /app
#6 CACHED

#7 [2/5] RUN mkdir -p /app
#7 CACHED

#8 [4/5] ADD ./src/main/main.go /app/
#8 CACHED

#9 [5/5] RUN go build
#9 CACHED

#10 exporting to image
#10 exporting layers done
#10 exporting manifest sha256:4a998b56da06767c1b823b6f68dbea65adec9a4a4a819bc3cf69d38196a3caee done
#10 exporting config sha256:148471bcc4b17a76c940747777b2a3282b8708598926a1c9900dc610f9805713 done
#10 exporting attestation manifest sha256:f5676e8f5a35e9ed2aa187829d68abab236449f55a3a569a925934b1fe1ecdab done
#10 exporting manifest list sha256:8a201540674853fbf14af6169c507b02122b757cfa281179873317899360f70c done
#10 naming to 1.94.151.57:85/train-ticket/ts-news-service:1.0.0 done
#10 DONE 0.0s
The push refers to repository [1.94.151.57:85/train-ticket/ts-news-service]
25994cc11974: Waiting
eae3ef959f07: Waiting
e110a4a17941: Waiting
e8f38fc389bc: Waiting
ac58758e6ad5: Waiting
2f7bd87b6a06: Waiting
ca46165c6afa: Waiting
41a1375acc9f: Waiting
d1fd48084f1d: Waiting
de90fc0e5164: Waiting
087a26f98166: Waiting
4f4fb700ef54: Waiting
bfbc384adb72: Waiting
d1fd48084f1d: Waiting
de90fc0e5164: Waiting
087a26f98166: Waiting
4f4fb700ef54: Waiting
bfbc384adb72: Waiting
25994cc11974: Waiting
eae3ef959f07: Waiting
e110a4a17941: Waiting
e8f38fc389bc: Waiting
ac58758e6ad5: Waiting
2f7bd87b6a06: Waiting
ca46165c6afa: Waiting
41a1375acc9f: Waiting
ca46165c6afa: Waiting
41a1375acc9f: Waiting
d1fd48084f1d: Waiting
de90fc0e5164: Waiting
087a26f98166: Waiting
4f4fb700ef54: Waiting
bfbc384adb72: Waiting
25994cc11974: Waiting
eae3ef959f07: Waiting
e110a4a17941: Waiting
e8f38fc389bc: Waiting
ac58758e6ad5: Waiting
2f7bd87b6a06: Waiting
e8f38fc389bc: Waiting
ac58758e6ad5: Waiting
2f7bd87b6a06: Waiting
ca46165c6afa: Waiting
41a1375acc9f: Waiting
d1fd48084f1d: Waiting
de90fc0e5164: Waiting
087a26f98166: Waiting
4f4fb700ef54: Waiting
bfbc384adb72: Waiting
25994cc11974: Waiting
eae3ef959f07: Waiting
e110a4a17941: Waiting
087a26f98166: Waiting
4f4fb700ef54: Waiting
bfbc384adb72: Waiting
25994cc11974: Waiting
eae3ef959f07: Waiting
e110a4a17941: Waiting
e8f38fc389bc: Waiting
ac58758e6ad5: Waiting
2f7bd87b6a06: Waiting
ca46165c6afa: Waiting
41a1375acc9f: Waiting
d1fd48084f1d: Waiting
de90fc0e5164: Waiting
ca46165c6afa: Waiting
41a1375acc9f: Layer already exists
d1fd48084f1d: Layer already exists
de90fc0e5164: Layer already exists
087a26f98166: Waiting
4f4fb700ef54: Layer already exists
bfbc384adb72: Waiting
25994cc11974: Waiting
eae3ef959f07: Waiting
e110a4a17941: Layer already exists
e8f38fc389bc: Waiting
ac58758e6ad5: Layer already exists
2f7bd87b6a06: Layer already exists
e8f38fc389bc: Layer already exists
ca46165c6afa: Layer already exists
087a26f98166: Layer already exists
bfbc384adb72: Layer already exists
25994cc11974: Layer already exists
eae3ef959f07: Waiting
eae3ef959f07: Pushed
1.0.0: digest: sha256:8a201540674853fbf14af6169c507b02122b757cfa281179873317899360f70c size: 856
