#0 building with "desktop-linux" instance using docker driver

#1 [internal] load build definition from Dockerfile
#1 transferring dockerfile: 306B done
#1 DONE 0.0s

#2 [internal] load metadata for docker.io/library/eclipse-temurin:8-jre
#2 DONE 0.0s

#3 [internal] load .dockerignore
#3 transferring context: 2B done
#3 DONE 0.0s

#4 [1/3] FROM docker.io/library/eclipse-temurin:8-jre@sha256:3b307643e9a7bb12b03154c434211ec485446bea7d119559365c06f31e8bbfa1
#4 resolve docker.io/library/eclipse-temurin:8-jre@sha256:3b307643e9a7bb12b03154c434211ec485446bea7d119559365c06f31e8bbfa1 0.0s done
#4 DONE 0.0s

#5 [2/3] RUN /bin/cp /usr/share/zoneinfo/Asia/Shanghai /etc/localtime && echo 'Asia/Shanghai' >/etc/timezone
#5 CACHED

#6 [internal] load build context
#6 transferring context: 84.83MB 0.6s done
#6 DONE 0.6s

#7 [3/3] ADD ./target/ts-notification-service-1.0.jar /app/
#7 DONE 0.1s

#8 exporting to image
#8 exporting layers
#8 exporting layers 1.3s done
#8 exporting manifest sha256:bd9fe6bbde2dfc14395dfa0b4fb83901050be0e8462bdb5ee14d01ed41fdcb2d 0.0s done
#8 exporting config sha256:dce0f75683382ad0995d21aa82004212ccd23146c8fbfa000657e9bb5c167f22 done
#8 exporting attestation manifest sha256:92cd63cb013172b0ae6b6c50f896669be7e4fd5055cc4e31b455c069e927a3aa done
#8 exporting manifest list sha256:7bcf9a36484778cf5dcf78ad77c10602269569b94f8a85fddf6960ef81dbee4d done
#8 naming to 1.94.151.57:85/train-ticket/ts-notification-service:1.0.0 done
#8 DONE 1.3s
The push refers to repository [1.94.151.57:85/train-ticket/ts-notification-service]
39d59e445b0c: Waiting
01d7766a2e4a: Waiting
c8c8c3ea8182: Waiting
7fa5470f8d14: Waiting
63efd5d9eb50: Waiting
a583c88cc96f: Waiting
fd51d394b192: Waiting
80ffb99b1b2d: Waiting
c8c8c3ea8182: Waiting
7fa5470f8d14: Waiting
63efd5d9eb50: Waiting
a583c88cc96f: Waiting
fd51d394b192: Waiting
80ffb99b1b2d: Waiting
39d59e445b0c: Waiting
01d7766a2e4a: Waiting
01d7766a2e4a: Waiting
c8c8c3ea8182: Waiting
7fa5470f8d14: Waiting
63efd5d9eb50: Waiting
a583c88cc96f: Waiting
fd51d394b192: Waiting
80ffb99b1b2d: Waiting
39d59e445b0c: Waiting
fd51d394b192: Waiting
80ffb99b1b2d: Waiting
39d59e445b0c: Waiting
01d7766a2e4a: Waiting
c8c8c3ea8182: Waiting
7fa5470f8d14: Waiting
63efd5d9eb50: Waiting
a583c88cc96f: Waiting
7fa5470f8d14: Waiting
63efd5d9eb50: Waiting
a583c88cc96f: Waiting
fd51d394b192: Waiting
80ffb99b1b2d: Waiting
39d59e445b0c: Waiting
01d7766a2e4a: Waiting
c8c8c3ea8182: Waiting
39d59e445b0c: Waiting
01d7766a2e4a: Waiting
c8c8c3ea8182: Waiting
7fa5470f8d14: Waiting
63efd5d9eb50: Waiting
a583c88cc96f: Waiting
fd51d394b192: Waiting
80ffb99b1b2d: Waiting
a583c88cc96f: Waiting
fd51d394b192: Waiting
80ffb99b1b2d: Waiting
39d59e445b0c: Waiting
01d7766a2e4a: Waiting
c8c8c3ea8182: Waiting
7fa5470f8d14: Waiting
63efd5d9eb50: Waiting
80ffb99b1b2d: Waiting
39d59e445b0c: Waiting
01d7766a2e4a: Waiting
c8c8c3ea8182: Waiting
7fa5470f8d14: Waiting
63efd5d9eb50: Waiting
a583c88cc96f: Waiting
fd51d394b192: Waiting
01d7766a2e4a: Waiting
7fa5470f8d14: Waiting
63efd5d9eb50: Waiting
a583c88cc96f: Waiting
fd51d394b192: Waiting
80ffb99b1b2d: Waiting
80ffb99b1b2d: Waiting
01d7766a2e4a: Waiting
7fa5470f8d14: Waiting
63efd5d9eb50: Waiting
a583c88cc96f: Waiting
fd51d394b192: Waiting
a583c88cc96f: Waiting
fd51d394b192: Waiting
80ffb99b1b2d: Waiting
39d59e445b0c: Pushed
01d7766a2e4a: Waiting
7fa5470f8d14: Waiting
63efd5d9eb50: Waiting
01d7766a2e4a: Mounted from train-ticket/ts-food-delivery-service
7fa5470f8d14: Mounted from train-ticket/ts-food-delivery-service
63efd5d9eb50: Mounted from train-ticket/ts-food-delivery-service
a583c88cc96f: Mounted from train-ticket/ts-food-delivery-service
fd51d394b192: Mounted from train-ticket/ts-food-delivery-service
80ffb99b1b2d: Waiting
80ffb99b1b2d: Waiting
80ffb99b1b2d: Waiting
80ffb99b1b2d: Waiting
80ffb99b1b2d: Waiting
80ffb99b1b2d: Waiting
80ffb99b1b2d: Waiting
80ffb99b1b2d: Waiting
80ffb99b1b2d: Waiting
80ffb99b1b2d: Waiting
80ffb99b1b2d: Waiting
80ffb99b1b2d: Waiting
80ffb99b1b2d: Waiting
80ffb99b1b2d: Waiting
80ffb99b1b2d: Waiting
80ffb99b1b2d: Waiting
80ffb99b1b2d: Waiting
80ffb99b1b2d: Waiting
80ffb99b1b2d: Waiting
80ffb99b1b2d: Waiting
80ffb99b1b2d: Waiting
80ffb99b1b2d: Waiting
80ffb99b1b2d: Waiting
80ffb99b1b2d: Waiting
80ffb99b1b2d: Waiting
80ffb99b1b2d: Waiting
80ffb99b1b2d: Waiting
80ffb99b1b2d: Waiting
80ffb99b1b2d: Waiting
80ffb99b1b2d: Waiting
80ffb99b1b2d: Waiting
80ffb99b1b2d: Waiting
80ffb99b1b2d: Waiting
80ffb99b1b2d: Waiting
80ffb99b1b2d: Waiting
80ffb99b1b2d: Waiting
80ffb99b1b2d: Waiting
80ffb99b1b2d: Waiting
80ffb99b1b2d: Waiting
80ffb99b1b2d: Waiting
80ffb99b1b2d: Waiting
80ffb99b1b2d: Waiting
80ffb99b1b2d: Waiting
80ffb99b1b2d: Waiting
80ffb99b1b2d: Waiting
80ffb99b1b2d: Waiting
80ffb99b1b2d: Waiting
80ffb99b1b2d: Waiting
80ffb99b1b2d: Waiting
80ffb99b1b2d: Waiting
80ffb99b1b2d: Waiting
80ffb99b1b2d: Waiting
80ffb99b1b2d: Waiting
80ffb99b1b2d: Waiting
80ffb99b1b2d: Waiting
80ffb99b1b2d: Waiting
80ffb99b1b2d: Waiting
80ffb99b1b2d: Waiting
80ffb99b1b2d: Waiting
80ffb99b1b2d: Waiting
80ffb99b1b2d: Waiting
80ffb99b1b2d: Waiting
80ffb99b1b2d: Waiting
80ffb99b1b2d: Waiting
80ffb99b1b2d: Waiting
80ffb99b1b2d: Waiting
80ffb99b1b2d: Waiting
80ffb99b1b2d: Waiting
80ffb99b1b2d: Waiting
80ffb99b1b2d: Waiting
80ffb99b1b2d: Waiting
80ffb99b1b2d: Waiting
80ffb99b1b2d: Waiting
80ffb99b1b2d: Waiting
80ffb99b1b2d: Waiting
80ffb99b1b2d: Waiting
80ffb99b1b2d: Waiting
80ffb99b1b2d: Waiting
80ffb99b1b2d: Waiting
80ffb99b1b2d: Waiting
80ffb99b1b2d: Waiting
80ffb99b1b2d: Waiting
80ffb99b1b2d: Waiting
80ffb99b1b2d: Waiting
80ffb99b1b2d: Waiting
80ffb99b1b2d: Waiting
80ffb99b1b2d: Waiting
80ffb99b1b2d: Waiting
80ffb99b1b2d: Waiting
80ffb99b1b2d: Waiting
80ffb99b1b2d: Waiting
80ffb99b1b2d: Waiting
80ffb99b1b2d: Waiting
80ffb99b1b2d: Waiting
80ffb99b1b2d: Waiting
80ffb99b1b2d: Waiting
80ffb99b1b2d: Waiting
80ffb99b1b2d: Waiting
80ffb99b1b2d: Waiting
80ffb99b1b2d: Waiting
80ffb99b1b2d: Waiting
80ffb99b1b2d: Waiting
80ffb99b1b2d: Waiting
80ffb99b1b2d: Waiting
80ffb99b1b2d: Waiting
80ffb99b1b2d: Waiting
80ffb99b1b2d: Waiting
80ffb99b1b2d: Waiting
80ffb99b1b2d: Waiting
80ffb99b1b2d: Waiting
80ffb99b1b2d: Waiting
80ffb99b1b2d: Waiting
80ffb99b1b2d: Waiting
80ffb99b1b2d: Waiting
80ffb99b1b2d: Waiting
80ffb99b1b2d: Waiting
80ffb99b1b2d: Waiting
80ffb99b1b2d: Waiting
80ffb99b1b2d: Waiting
80ffb99b1b2d: Waiting
80ffb99b1b2d: Waiting
80ffb99b1b2d: Waiting
80ffb99b1b2d: Waiting
80ffb99b1b2d: Waiting
80ffb99b1b2d: Waiting
80ffb99b1b2d: Waiting
80ffb99b1b2d: Waiting
80ffb99b1b2d: Waiting
80ffb99b1b2d: Waiting
80ffb99b1b2d: Waiting
80ffb99b1b2d: Waiting
80ffb99b1b2d: Waiting
80ffb99b1b2d: Waiting
80ffb99b1b2d: Waiting
80ffb99b1b2d: Waiting
80ffb99b1b2d: Waiting
80ffb99b1b2d: Waiting
80ffb99b1b2d: Waiting
80ffb99b1b2d: Waiting
80ffb99b1b2d: Waiting
80ffb99b1b2d: Waiting
80ffb99b1b2d: Waiting
80ffb99b1b2d: Waiting
80ffb99b1b2d: Waiting
80ffb99b1b2d: Waiting
80ffb99b1b2d: Waiting
80ffb99b1b2d: Waiting
80ffb99b1b2d: Waiting
80ffb99b1b2d: Waiting
80ffb99b1b2d: Waiting
80ffb99b1b2d: Waiting
80ffb99b1b2d: Waiting
80ffb99b1b2d: Waiting
80ffb99b1b2d: Waiting
80ffb99b1b2d: Waiting
80ffb99b1b2d: Waiting
80ffb99b1b2d: Waiting
80ffb99b1b2d: Waiting
80ffb99b1b2d: Waiting
80ffb99b1b2d: Waiting
80ffb99b1b2d: Waiting
80ffb99b1b2d: Waiting
80ffb99b1b2d: Waiting
80ffb99b1b2d: Waiting
80ffb99b1b2d: Waiting
80ffb99b1b2d: Waiting
80ffb99b1b2d: Waiting
80ffb99b1b2d: Waiting
80ffb99b1b2d: Waiting
80ffb99b1b2d: Waiting
80ffb99b1b2d: Waiting
80ffb99b1b2d: Waiting
80ffb99b1b2d: Waiting
80ffb99b1b2d: Waiting
80ffb99b1b2d: Waiting
80ffb99b1b2d: Waiting
80ffb99b1b2d: Waiting
80ffb99b1b2d: Waiting
80ffb99b1b2d: Waiting
80ffb99b1b2d: Waiting
80ffb99b1b2d: Waiting
80ffb99b1b2d: Waiting
80ffb99b1b2d: Waiting
80ffb99b1b2d: Waiting
80ffb99b1b2d: Waiting
80ffb99b1b2d: Waiting
80ffb99b1b2d: Waiting
80ffb99b1b2d: Waiting
80ffb99b1b2d: Waiting
80ffb99b1b2d: Waiting
80ffb99b1b2d: Waiting
80ffb99b1b2d: Waiting
80ffb99b1b2d: Waiting
80ffb99b1b2d: Waiting
80ffb99b1b2d: Waiting
80ffb99b1b2d: Waiting
80ffb99b1b2d: Waiting
80ffb99b1b2d: Waiting
80ffb99b1b2d: Waiting
80ffb99b1b2d: Waiting
80ffb99b1b2d: Waiting
80ffb99b1b2d: Waiting
80ffb99b1b2d: Waiting
80ffb99b1b2d: Waiting
80ffb99b1b2d: Waiting
80ffb99b1b2d: Waiting
80ffb99b1b2d: Waiting
80ffb99b1b2d: Waiting
80ffb99b1b2d: Waiting
80ffb99b1b2d: Waiting
80ffb99b1b2d: Waiting
80ffb99b1b2d: Waiting
80ffb99b1b2d: Waiting
80ffb99b1b2d: Waiting
80ffb99b1b2d: Waiting
80ffb99b1b2d: Waiting
80ffb99b1b2d: Waiting
80ffb99b1b2d: Waiting
80ffb99b1b2d: Waiting
80ffb99b1b2d: Waiting
80ffb99b1b2d: Waiting
80ffb99b1b2d: Waiting
80ffb99b1b2d: Waiting
80ffb99b1b2d: Waiting
80ffb99b1b2d: Waiting
80ffb99b1b2d: Waiting
80ffb99b1b2d: Waiting
80ffb99b1b2d: Waiting
80ffb99b1b2d: Waiting
80ffb99b1b2d: Waiting
80ffb99b1b2d: Waiting
80ffb99b1b2d: Waiting
80ffb99b1b2d: Waiting
80ffb99b1b2d: Waiting
80ffb99b1b2d: Waiting
80ffb99b1b2d: Waiting
80ffb99b1b2d: Waiting
80ffb99b1b2d: Waiting
80ffb99b1b2d: Waiting
80ffb99b1b2d: Waiting
80ffb99b1b2d: Waiting
80ffb99b1b2d: Waiting
80ffb99b1b2d: Waiting
80ffb99b1b2d: Waiting
80ffb99b1b2d: Waiting
80ffb99b1b2d: Waiting
80ffb99b1b2d: Waiting
80ffb99b1b2d: Waiting
80ffb99b1b2d: Waiting
80ffb99b1b2d: Waiting
80ffb99b1b2d: Waiting
80ffb99b1b2d: Waiting
80ffb99b1b2d: Waiting
80ffb99b1b2d: Waiting
80ffb99b1b2d: Waiting
80ffb99b1b2d: Waiting
80ffb99b1b2d: Waiting
80ffb99b1b2d: Waiting
80ffb99b1b2d: Waiting
80ffb99b1b2d: Waiting
80ffb99b1b2d: Waiting
80ffb99b1b2d: Waiting
80ffb99b1b2d: Waiting
80ffb99b1b2d: Waiting
80ffb99b1b2d: Waiting
80ffb99b1b2d: Waiting
80ffb99b1b2d: Waiting
80ffb99b1b2d: Waiting
80ffb99b1b2d: Waiting
80ffb99b1b2d: Waiting
80ffb99b1b2d: Waiting
80ffb99b1b2d: Waiting
80ffb99b1b2d: Waiting
80ffb99b1b2d: Waiting
80ffb99b1b2d: Waiting
80ffb99b1b2d: Waiting
80ffb99b1b2d: Waiting
80ffb99b1b2d: Waiting
80ffb99b1b2d: Waiting
80ffb99b1b2d: Waiting
80ffb99b1b2d: Waiting
80ffb99b1b2d: Waiting
80ffb99b1b2d: Waiting
80ffb99b1b2d: Waiting
80ffb99b1b2d: Waiting
80ffb99b1b2d: Waiting
80ffb99b1b2d: Waiting
80ffb99b1b2d: Waiting
80ffb99b1b2d: Waiting
80ffb99b1b2d: Waiting
80ffb99b1b2d: Waiting
80ffb99b1b2d: Waiting
80ffb99b1b2d: Waiting
80ffb99b1b2d: Waiting
80ffb99b1b2d: Waiting
80ffb99b1b2d: Waiting
80ffb99b1b2d: Waiting
80ffb99b1b2d: Waiting
80ffb99b1b2d: Waiting
80ffb99b1b2d: Waiting
pushing with mount from train-ticket/ts-food-delivery-service: failed to do request: Post "https://1.94.151.57:85/v2/train-ticket/ts-notification-service/blobs/uploads/?mount=sha256:80ffb99b1b2d337e2a14b896fa9a5a588aeaba657453321b78a7cfdc6ba3a4de&from=train-ticket/ts-food-delivery-service": proxyconnect tcp: dial tcp 192.168.65.1:3128: i/o timeout
