#0 building with "desktop-linux" instance using docker driver

#1 [internal] load build definition from Dockerfile
#1 transferring dockerfile: 368B done
#1 DONE 0.0s

#2 [internal] load metadata for docker.io/library/eclipse-temurin:8-jre
#2 DONE 0.0s

#3 [internal] load .dockerignore
#3 transferring context: 2B done
#3 DONE 0.0s

#4 [1/3] FROM docker.io/library/eclipse-temurin:8-jre@sha256:3b307643e9a7bb12b03154c434211ec485446bea7d119559365c06f31e8bbfa1
#4 resolve docker.io/library/eclipse-temurin:8-jre@sha256:3b307643e9a7bb12b03154c434211ec485446bea7d119559365c06f31e8bbfa1 done
#4 DONE 0.0s

#5 [2/3] RUN /bin/cp /usr/share/zoneinfo/Asia/Shanghai /etc/localtime && echo 'Asia/Shanghai' >/etc/timezone
#5 CACHED

#6 [internal] load build context
#6 transferring context: 80.93MB 0.5s done
#6 DONE 0.5s

#7 [3/3] ADD ./target/ts-order-other-service-1.0.jar /app/
#7 DONE 0.1s

#8 exporting to image
#8 exporting layers
#8 exporting layers 1.2s done
#8 exporting manifest sha256:da880f5793e7b41223815557609a5273d41760f94dc8e9135a58426b22b43bfa
#8 exporting manifest sha256:da880f5793e7b41223815557609a5273d41760f94dc8e9135a58426b22b43bfa 0.0s done
#8 exporting config sha256:7181fa940a91a43edfa933b69c04b95f3c6e39a51b353feb0249fca26e0dce80 done
#8 exporting attestation manifest sha256:11344ab2a9c1578ad55aa7d52c43142a69a27158fb07035a8ba86cdb104f0719 done
#8 exporting manifest list sha256:02c5a910980645c118ee4194dfd12470815dd77cd016acf5d628ca75be441355 done
#8 naming to 1.94.151.57:85/train-ticket/ts-order-other-service:1.0.0 done
#8 DONE 1.3s
The push refers to repository [1.94.151.57:85/train-ticket/ts-order-other-service]
a583c88cc96f: Waiting
80ffb99b1b2d: Waiting
fd51d394b192: Waiting
63efd5d9eb50: Waiting
54f51864e270: Waiting
45352f923d68: Waiting
01d7766a2e4a: Waiting
7fa5470f8d14: Waiting
63efd5d9eb50: Waiting
54f51864e270: Waiting
45352f923d68: Waiting
01d7766a2e4a: Waiting
7fa5470f8d14: Waiting
a583c88cc96f: Waiting
80ffb99b1b2d: Waiting
fd51d394b192: Waiting
7fa5470f8d14: Waiting
a583c88cc96f: Waiting
80ffb99b1b2d: Waiting
fd51d394b192: Waiting
63efd5d9eb50: Waiting
54f51864e270: Waiting
45352f923d68: Waiting
01d7766a2e4a: Waiting
fd51d394b192: Waiting
63efd5d9eb50: Waiting
54f51864e270: Waiting
45352f923d68: Waiting
01d7766a2e4a: Waiting
7fa5470f8d14: Waiting
a583c88cc96f: Waiting
80ffb99b1b2d: Waiting
80ffb99b1b2d: Waiting
fd51d394b192: Waiting
63efd5d9eb50: Waiting
54f51864e270: Waiting
45352f923d68: Waiting
01d7766a2e4a: Waiting
7fa5470f8d14: Waiting
a583c88cc96f: Waiting
45352f923d68: Waiting
01d7766a2e4a: Waiting
7fa5470f8d14: Waiting
a583c88cc96f: Waiting
80ffb99b1b2d: Waiting
fd51d394b192: Waiting
63efd5d9eb50: Waiting
54f51864e270: Waiting
80ffb99b1b2d: Waiting
fd51d394b192: Waiting
63efd5d9eb50: Waiting
54f51864e270: Waiting
45352f923d68: Waiting
01d7766a2e4a: Waiting
7fa5470f8d14: Waiting
a583c88cc96f: Waiting
a583c88cc96f: Waiting
80ffb99b1b2d: Waiting
fd51d394b192: Waiting
63efd5d9eb50: Waiting
54f51864e270: Waiting
45352f923d68: Waiting
01d7766a2e4a: Waiting
7fa5470f8d14: Waiting
01d7766a2e4a: Waiting
7fa5470f8d14: Waiting
a583c88cc96f: Waiting
80ffb99b1b2d: Waiting
fd51d394b192: Waiting
63efd5d9eb50: Waiting
54f51864e270: Waiting
45352f923d68: Waiting
01d7766a2e4a: Waiting
7fa5470f8d14: Waiting
a583c88cc96f: Waiting
80ffb99b1b2d: Waiting
fd51d394b192: Waiting
63efd5d9eb50: Waiting
54f51864e270: Waiting
45352f923d68: Waiting
01d7766a2e4a: Waiting
7fa5470f8d14: Waiting
a583c88cc96f: Waiting
80ffb99b1b2d: Waiting
fd51d394b192: Waiting
63efd5d9eb50: Waiting
7fa5470f8d14: Waiting
a583c88cc96f: Waiting
80ffb99b1b2d: Waiting
fd51d394b192: Waiting
63efd5d9eb50: Waiting
01d7766a2e4a: Waiting
63efd5d9eb50: Waiting
01d7766a2e4a: Waiting
7fa5470f8d14: Waiting
a583c88cc96f: Waiting
80ffb99b1b2d: Waiting
fd51d394b192: Waiting
a583c88cc96f: Mounted from train-ticket/ts-gateway-service
80ffb99b1b2d: Mounted from train-ticket/ts-gateway-service
fd51d394b192: Mounted from train-ticket/ts-gateway-service
63efd5d9eb50: Mounted from train-ticket/ts-gateway-service
54f51864e270: Pushed
01d7766a2e4a: Mounted from train-ticket/ts-gateway-service
7fa5470f8d14: Mounted from train-ticket/ts-gateway-service
45352f923d68: Pushed
1.0.0: digest: sha256:02c5a910980645c118ee4194dfd12470815dd77cd016acf5d628ca75be441355 size: 856
