#0 building with "desktop-linux" instance using docker driver

#1 [1/3] FROM docker.io/library/eclipse-temurin:8-jre@sha256:3b307643e9a7bb12b03154c434211ec485446bea7d119559365c06f31e8bbfa1
#1 resolve docker.io/library/eclipse-temurin:8-jre@sha256:3b307643e9a7bb12b03154c434211ec485446bea7d119559365c06f31e8bbfa1 done
#1 DONE 0.0s

#2 [2/3] RUN /bin/cp /usr/share/zoneinfo/Asia/Shanghai /etc/localtime && echo 'Asia/Shanghai' >/etc/timezone
#2 CACHED

#3 [internal] load build definition from Dockerfile
#3 transferring dockerfile: 296B done
#3 DONE 0.0s

#4 [internal] load metadata for docker.io/library/eclipse-temurin:8-jre
#4 DONE 0.0s

#5 [internal] load .dockerignore
#5 transferring context: 2B done
#5 DONE 0.0s

#6 [internal] load build context
#6 transferring context: 81.13MB 0.5s done
#6 DONE 0.5s

#7 [3/3] ADD ./target/ts-payment-service-1.0.jar /app/
#7 DONE 0.1s

#8 exporting to image
#8 exporting layers
#8 exporting layers 1.4s done
#8 exporting manifest sha256:28bd0abfd69a18b10044fa86f59b5d772a39d7c5ebf1c53bd1df9f08ddb1f232 done
#8 exporting config sha256:243a1721e928278e338387cf325c42451cc4f8ccf0490ed40b3235b68ffc59fa done
#8 exporting attestation manifest sha256:2c305b04a9b7d1e1098e3d0a4ce8f2a6a5cc0f9ce10ad587668aa3ce01efdef4 0.0s done
#8 exporting manifest list sha256:e955ebc2484de2ebff214380311d2b396e0c71179240e482e9af5867f681489f done
#8 naming to 1.94.151.57:85/train-ticket/ts-payment-service:1.0.0 done
#8 DONE 1.5s
The push refers to repository [1.94.151.57:85/train-ticket/ts-payment-service]
80ffb99b1b2d: Waiting
fd51d394b192: Waiting
01d7766a2e4a: Waiting
7fa5470f8d14: Waiting
63efd5d9eb50: Waiting
bace7a5c9c8d: Waiting
60c5120efb38: Waiting
a583c88cc96f: Waiting
fd51d394b192: Waiting
01d7766a2e4a: Waiting
7fa5470f8d14: Waiting
63efd5d9eb50: Waiting
bace7a5c9c8d: Waiting
60c5120efb38: Waiting
a583c88cc96f: Waiting
80ffb99b1b2d: Waiting
80ffb99b1b2d: Waiting
fd51d394b192: Waiting
01d7766a2e4a: Waiting
7fa5470f8d14: Waiting
63efd5d9eb50: Waiting
bace7a5c9c8d: Waiting
60c5120efb38: Waiting
a583c88cc96f: Waiting
7fa5470f8d14: Waiting
63efd5d9eb50: Waiting
bace7a5c9c8d: Waiting
60c5120efb38: Waiting
a583c88cc96f: Waiting
80ffb99b1b2d: Waiting
fd51d394b192: Waiting
01d7766a2e4a: Waiting
bace7a5c9c8d: Waiting
60c5120efb38: Waiting
a583c88cc96f: Waiting
80ffb99b1b2d: Waiting
fd51d394b192: Waiting
01d7766a2e4a: Waiting
7fa5470f8d14: Waiting
63efd5d9eb50: Waiting
a583c88cc96f: Waiting
80ffb99b1b2d: Waiting
fd51d394b192: Waiting
01d7766a2e4a: Waiting
7fa5470f8d14: Waiting
63efd5d9eb50: Waiting
bace7a5c9c8d: Waiting
60c5120efb38: Waiting
01d7766a2e4a: Waiting
7fa5470f8d14: Waiting
63efd5d9eb50: Waiting
a583c88cc96f: Waiting
80ffb99b1b2d: Waiting
fd51d394b192: Waiting
a583c88cc96f: Waiting
80ffb99b1b2d: Waiting
fd51d394b192: Waiting
01d7766a2e4a: Waiting
7fa5470f8d14: Waiting
63efd5d9eb50: Waiting
7fa5470f8d14: Waiting
63efd5d9eb50: Waiting
bace7a5c9c8d: Pushed
a583c88cc96f: Waiting
80ffb99b1b2d: Waiting
fd51d394b192: Waiting
01d7766a2e4a: Waiting
a583c88cc96f: Waiting
80ffb99b1b2d: Waiting
fd51d394b192: Waiting
01d7766a2e4a: Waiting
7fa5470f8d14: Waiting
63efd5d9eb50: Waiting
7fa5470f8d14: Mounted from train-ticket/ts-gateway-service
63efd5d9eb50: Mounted from train-ticket/ts-gateway-service
a583c88cc96f: Mounted from train-ticket/ts-gateway-service
80ffb99b1b2d: Mounted from train-ticket/ts-gateway-service
fd51d394b192: Mounted from train-ticket/ts-gateway-service
01d7766a2e4a: Mounted from train-ticket/ts-gateway-service
60c5120efb38: Pushed
1.0.0: digest: sha256:e955ebc2484de2ebff214380311d2b396e0c71179240e482e9af5867f681489f size: 856
