#0 building with "desktop-linux" instance using docker driver

#1 [1/3] FROM docker.io/library/eclipse-temurin:8-jre@sha256:3b307643e9a7bb12b03154c434211ec485446bea7d119559365c06f31e8bbfa1
#1 resolve docker.io/library/eclipse-temurin:8-jre@sha256:3b307643e9a7bb12b03154c434211ec485446bea7d119559365c06f31e8bbfa1 0.0s done
#1 DONE 0.0s

#2 [2/3] RUN /bin/cp /usr/share/zoneinfo/Asia/Shanghai /etc/localtime && echo 'Asia/Shanghai' >/etc/timezone
#2 CACHED

#3 [internal] load build definition from Dockerfile
#3 transferring dockerfile: 294B done
#3 DONE 0.0s

#4 [internal] load metadata for docker.io/library/eclipse-temurin:8-jre
#4 DONE 0.0s

#5 [internal] load .dockerignore
#5 transferring context: 2B done
#5 DONE 0.0s

#6 [internal] load build context
#6 transferring context: 62.51MB 0.4s done
#6 DONE 0.4s

#7 [3/3] ADD ./target/ts-rebook-service-1.0.jar /app/
#7 DONE 0.1s

#8 exporting to image
#8 exporting layers
#8 exporting layers 1.2s done
#8 exporting manifest sha256:1363d9b7c7321d4f64118b41361b6b17e8e68cc44149b9bc44cf484ad9ccc142
#8 exporting manifest sha256:1363d9b7c7321d4f64118b41361b6b17e8e68cc44149b9bc44cf484ad9ccc142 done
#8 exporting config sha256:0bae9ae8ca804764274e674003a24f377edc9cd1a1ff8fa26d74a2b5ed257976 done
#8 exporting attestation manifest sha256:1a930606b33dc7b80343e6fa3f31b8e345cf6322c3dd992de20d8d43daf4ae4d done
#8 exporting manifest list sha256:5b2b74ba6244e7674ac7c426a020c5c5bb69b6f88e7997eb3d1583179d7b5f44 done
#8 naming to 1.94.151.57:85/train-ticket/ts-rebook-service:1.0.0 done
#8 DONE 1.2s
The push refers to repository [1.94.151.57:85/train-ticket/ts-rebook-service]
01d7766a2e4a: Waiting
7fa5470f8d14: Waiting
80ffb99b1b2d: Waiting
fd51d394b192: Waiting
a583c88cc96f: Waiting
63efd5d9eb50: Waiting
298a603f4a65: Waiting
c86716865313: Waiting
80ffb99b1b2d: Waiting
fd51d394b192: Waiting
a583c88cc96f: Waiting
63efd5d9eb50: Waiting
298a603f4a65: Waiting
c86716865313: Waiting
01d7766a2e4a: Waiting
7fa5470f8d14: Waiting
7fa5470f8d14: Waiting
80ffb99b1b2d: Waiting
fd51d394b192: Waiting
a583c88cc96f: Waiting
63efd5d9eb50: Waiting
298a603f4a65: Waiting
c86716865313: Waiting
01d7766a2e4a: Waiting
298a603f4a65: Waiting
c86716865313: Waiting
01d7766a2e4a: Waiting
7fa5470f8d14: Waiting
80ffb99b1b2d: Waiting
fd51d394b192: Waiting
a583c88cc96f: Waiting
63efd5d9eb50: Waiting
80ffb99b1b2d: Waiting
fd51d394b192: Waiting
a583c88cc96f: Waiting
63efd5d9eb50: Waiting
298a603f4a65: Waiting
c86716865313: Waiting
01d7766a2e4a: Waiting
7fa5470f8d14: Waiting
a583c88cc96f: Waiting
63efd5d9eb50: Waiting
298a603f4a65: Waiting
c86716865313: Waiting
01d7766a2e4a: Waiting
7fa5470f8d14: Waiting
80ffb99b1b2d: Waiting
fd51d394b192: Waiting
63efd5d9eb50: Waiting
298a603f4a65: Waiting
c86716865313: Waiting
01d7766a2e4a: Waiting
7fa5470f8d14: Waiting
80ffb99b1b2d: Waiting
fd51d394b192: Waiting
a583c88cc96f: Waiting
7fa5470f8d14: Waiting
80ffb99b1b2d: Waiting
fd51d394b192: Waiting
a583c88cc96f: Waiting
63efd5d9eb50: Waiting
298a603f4a65: Waiting
c86716865313: Waiting
01d7766a2e4a: Waiting
a583c88cc96f: Waiting
63efd5d9eb50: Waiting
298a603f4a65: Waiting
c86716865313: Waiting
01d7766a2e4a: Waiting
7fa5470f8d14: Waiting
80ffb99b1b2d: Waiting
fd51d394b192: Waiting
a583c88cc96f: Waiting
63efd5d9eb50: Waiting
298a603f4a65: Waiting
c86716865313: Waiting
01d7766a2e4a: Waiting
7fa5470f8d14: Waiting
80ffb99b1b2d: Waiting
fd51d394b192: Waiting
c86716865313: Waiting
01d7766a2e4a: Waiting
7fa5470f8d14: Waiting
80ffb99b1b2d: Waiting
fd51d394b192: Waiting
a583c88cc96f: Waiting
63efd5d9eb50: Waiting
298a603f4a65: Waiting
a583c88cc96f: Waiting
63efd5d9eb50: Waiting
298a603f4a65: Waiting
c86716865313: Waiting
01d7766a2e4a: Waiting
7fa5470f8d14: Waiting
80ffb99b1b2d: Waiting
fd51d394b192: Waiting
01d7766a2e4a: Waiting
7fa5470f8d14: Waiting
80ffb99b1b2d: Waiting
fd51d394b192: Waiting
a583c88cc96f: Waiting
63efd5d9eb50: Waiting
298a603f4a65: Waiting
c86716865313: Waiting
63efd5d9eb50: Waiting
298a603f4a65: Waiting
c86716865313: Waiting
01d7766a2e4a: Waiting
7fa5470f8d14: Waiting
80ffb99b1b2d: Waiting
fd51d394b192: Waiting
a583c88cc96f: Waiting
7fa5470f8d14: Waiting
80ffb99b1b2d: Waiting
fd51d394b192: Waiting
a583c88cc96f: Waiting
63efd5d9eb50: Waiting
298a603f4a65: Waiting
c86716865313: Waiting
01d7766a2e4a: Waiting
298a603f4a65: Waiting
c86716865313: Waiting
01d7766a2e4a: Waiting
7fa5470f8d14: Waiting
80ffb99b1b2d: Waiting
fd51d394b192: Waiting
a583c88cc96f: Waiting
63efd5d9eb50: Waiting
01d7766a2e4a: Waiting
7fa5470f8d14: Waiting
80ffb99b1b2d: Waiting
fd51d394b192: Waiting
a583c88cc96f: Waiting
63efd5d9eb50: Waiting
298a603f4a65: Waiting
c86716865313: Waiting
298a603f4a65: Waiting
c86716865313: Waiting
01d7766a2e4a: Waiting
7fa5470f8d14: Waiting
80ffb99b1b2d: Waiting
fd51d394b192: Waiting
a583c88cc96f: Waiting
63efd5d9eb50: Waiting
63efd5d9eb50: Waiting
298a603f4a65: Waiting
c86716865313: Waiting
01d7766a2e4a: Waiting
7fa5470f8d14: Waiting
80ffb99b1b2d: Waiting
fd51d394b192: Waiting
a583c88cc96f: Waiting
fd51d394b192: Waiting
a583c88cc96f: Waiting
63efd5d9eb50: Waiting
298a603f4a65: Waiting
c86716865313: Waiting
01d7766a2e4a: Waiting
7fa5470f8d14: Waiting
80ffb99b1b2d: Waiting
80ffb99b1b2d: Waiting
fd51d394b192: Waiting
a583c88cc96f: Waiting
63efd5d9eb50: Waiting
298a603f4a65: Waiting
c86716865313: Waiting
01d7766a2e4a: Waiting
7fa5470f8d14: Waiting
80ffb99b1b2d: Waiting
fd51d394b192: Waiting
a583c88cc96f: Waiting
63efd5d9eb50: Waiting
298a603f4a65: Waiting
c86716865313: Waiting
01d7766a2e4a: Waiting
7fa5470f8d14: Waiting
01d7766a2e4a: Waiting
7fa5470f8d14: Waiting
80ffb99b1b2d: Waiting
fd51d394b192: Waiting
a583c88cc96f: Waiting
63efd5d9eb50: Waiting
298a603f4a65: Waiting
c86716865313: Waiting
63efd5d9eb50: Waiting
298a603f4a65: Waiting
c86716865313: Waiting
01d7766a2e4a: Waiting
7fa5470f8d14: Waiting
80ffb99b1b2d: Waiting
fd51d394b192: Waiting
a583c88cc96f: Waiting
c86716865313: Waiting
01d7766a2e4a: Waiting
7fa5470f8d14: Waiting
80ffb99b1b2d: Waiting
fd51d394b192: Waiting
a583c88cc96f: Waiting
63efd5d9eb50: Waiting
298a603f4a65: Waiting
63efd5d9eb50: Waiting
298a603f4a65: Waiting
c86716865313: Waiting
01d7766a2e4a: Waiting
7fa5470f8d14: Waiting
80ffb99b1b2d: Waiting
fd51d394b192: Waiting
a583c88cc96f: Waiting
298a603f4a65: Waiting
c86716865313: Waiting
01d7766a2e4a: Waiting
7fa5470f8d14: Waiting
80ffb99b1b2d: Waiting
fd51d394b192: Waiting
a583c88cc96f: Waiting
63efd5d9eb50: Waiting
63efd5d9eb50: Waiting
298a603f4a65: Waiting
c86716865313: Waiting
01d7766a2e4a: Waiting
7fa5470f8d14: Waiting
80ffb99b1b2d: Waiting
fd51d394b192: Waiting
a583c88cc96f: Waiting
7fa5470f8d14: Waiting
80ffb99b1b2d: Waiting
fd51d394b192: Waiting
a583c88cc96f: Waiting
63efd5d9eb50: Waiting
01d7766a2e4a: Waiting
a583c88cc96f: Waiting
63efd5d9eb50: Waiting
298a603f4a65: Pushed
01d7766a2e4a: Waiting
7fa5470f8d14: Waiting
80ffb99b1b2d: Waiting
fd51d394b192: Waiting
a583c88cc96f: Mounted from train-ticket/ts-preserve-other-service
63efd5d9eb50: Mounted from train-ticket/ts-preserve-other-service
01d7766a2e4a: Mounted from train-ticket/ts-preserve-other-service
7fa5470f8d14: Mounted from train-ticket/ts-preserve-other-service
80ffb99b1b2d: Mounted from train-ticket/ts-preserve-other-service
fd51d394b192: Mounted from train-ticket/ts-preserve-other-service
c86716865313: Pushed
1.0.0: digest: sha256:5b2b74ba6244e7674ac7c426a020c5c5bb69b6f88e7997eb3d1583179d7b5f44 size: 856
