#0 building with "desktop-linux" instance using docker driver

#1 [internal] load build definition from Dockerfile
#1 transferring dockerfile: 296B done
#1 DONE 0.0s

#2 [internal] load metadata for docker.io/library/eclipse-temurin:8-jre
#2 DONE 0.0s

#3 [internal] load .dockerignore
#3 transferring context: 2B done
#3 DONE 0.0s

#4 [1/3] FROM docker.io/library/eclipse-temurin:8-jre@sha256:3b307643e9a7bb12b03154c434211ec485446bea7d119559365c06f31e8bbfa1
#4 resolve docker.io/library/eclipse-temurin:8-jre@sha256:3b307643e9a7bb12b03154c434211ec485446bea7d119559365c06f31e8bbfa1 done
#4 DONE 0.0s

#5 [2/3] RUN /bin/cp /usr/share/zoneinfo/Asia/Shanghai /etc/localtime && echo 'Asia/Shanghai' >/etc/timezone
#5 CACHED

#6 [internal] load build context
#6 transferring context: 80.93MB 0.5s done
#6 DONE 0.5s

#7 [3/3] ADD ./target/ts-travel2-service-1.0.jar /app/
#7 DONE 0.1s

#8 exporting to image
#8 exporting layers
#8 exporting layers 1.2s done
#8 exporting manifest sha256:03673b9291f7572de3bf1cb5eaeafcca8ed3d104dd84d080dd154f74bc21e781 0.0s done
#8 exporting config sha256:732e5a52ba4b4bf792b2a98ccd87a32d310ce28b7daf9c65b86a3de079ae92e8 done
#8 exporting attestation manifest sha256:be7fe68a751ea7b3553a10ce52b8233b9982223f8b799043de16a118290a2871 done
#8 exporting manifest list sha256:59ecf655670942edd1e5537159d6a65252a06f91f626f8f83da70803d7b8efc7 done
#8 naming to 1.94.151.57:85/train-ticket/ts-travel2-service:1.0.0 done
#8 DONE 1.3s
The push refers to repository [1.94.151.57:85/train-ticket/ts-travel2-service]
01d7766a2e4a: Waiting
7fa5470f8d14: Waiting
63efd5d9eb50: Waiting
a583c88cc96f: Waiting
80ffb99b1b2d: Waiting
fd51d394b192: Waiting
e1b7b9628eb5: Waiting
d7c9dfed16c6: Waiting
63efd5d9eb50: Waiting
a583c88cc96f: Waiting
80ffb99b1b2d: Waiting
fd51d394b192: Waiting
e1b7b9628eb5: Waiting
d7c9dfed16c6: Waiting
01d7766a2e4a: Waiting
7fa5470f8d14: Waiting
e1b7b9628eb5: Waiting
d7c9dfed16c6: Waiting
01d7766a2e4a: Waiting
7fa5470f8d14: Waiting
63efd5d9eb50: Waiting
a583c88cc96f: Waiting
80ffb99b1b2d: Waiting
fd51d394b192: Waiting
7fa5470f8d14: Waiting
63efd5d9eb50: Waiting
a583c88cc96f: Waiting
80ffb99b1b2d: Waiting
fd51d394b192: Waiting
e1b7b9628eb5: Waiting
d7c9dfed16c6: Waiting
01d7766a2e4a: Waiting
a583c88cc96f: Waiting
80ffb99b1b2d: Waiting
fd51d394b192: Waiting
e1b7b9628eb5: Waiting
d7c9dfed16c6: Waiting
01d7766a2e4a: Waiting
7fa5470f8d14: Waiting
63efd5d9eb50: Waiting
a583c88cc96f: Waiting
80ffb99b1b2d: Waiting
fd51d394b192: Waiting
e1b7b9628eb5: Waiting
d7c9dfed16c6: Waiting
01d7766a2e4a: Waiting
7fa5470f8d14: Waiting
63efd5d9eb50: Waiting
e1b7b9628eb5: Waiting
d7c9dfed16c6: Waiting
01d7766a2e4a: Waiting
7fa5470f8d14: Waiting
63efd5d9eb50: Waiting
a583c88cc96f: Waiting
80ffb99b1b2d: Waiting
fd51d394b192: Waiting
7fa5470f8d14: Waiting
63efd5d9eb50: Waiting
a583c88cc96f: Waiting
80ffb99b1b2d: Waiting
fd51d394b192: Waiting
01d7766a2e4a: Waiting
fd51d394b192: Mounted from train-ticket/ts-train-food-service
e1b7b9628eb5: Pushed
01d7766a2e4a: Mounted from train-ticket/ts-train-food-service
7fa5470f8d14: Mounted from train-ticket/ts-train-food-service
63efd5d9eb50: Mounted from train-ticket/ts-train-food-service
a583c88cc96f: Mounted from train-ticket/ts-train-food-service
80ffb99b1b2d: Mounted from train-ticket/ts-train-food-service
d7c9dfed16c6: Pushed
1.0.0: digest: sha256:59ecf655670942edd1e5537159d6a65252a06f91f626f8f83da70803d7b8efc7 size: 856
