#0 building with "desktop-linux" instance using docker driver

#1 [internal] load build definition from Dockerfile
#1 transferring dockerfile: 292B done
#1 DONE 0.0s

#2 [internal] load metadata for docker.io/library/eclipse-temurin:8-jre
#2 DONE 0.0s

#3 [internal] load .dockerignore
#3 transferring context: 2B done
#3 DONE 0.0s

#4 [1/3] FROM docker.io/library/eclipse-temurin:8-jre@sha256:3b307643e9a7bb12b03154c434211ec485446bea7d119559365c06f31e8bbfa1
#4 resolve docker.io/library/eclipse-temurin:8-jre@sha256:3b307643e9a7bb12b03154c434211ec485446bea7d119559365c06f31e8bbfa1 0.0s done
#4 DONE 0.0s

#5 [2/3] RUN /bin/cp /usr/share/zoneinfo/Asia/Shanghai /etc/localtime && echo 'Asia/Shanghai' >/etc/timezone
#5 CACHED

#6 [internal] load build context
#6 transferring context: 80.92MB 0.6s done
#6 DONE 0.6s

#7 [3/3] ADD ./target/ts-train-service-1.0.jar /app/
#7 DONE 0.1s

#8 exporting to image
#8 exporting layers
#8 exporting layers 1.2s done
#8 exporting manifest sha256:9ea41a3d853bc6ab9af80e827c6c6a16ba950d6f8e06998cd82fb65842dbafd7
#8 exporting manifest sha256:9ea41a3d853bc6ab9af80e827c6c6a16ba950d6f8e06998cd82fb65842dbafd7 done
#8 exporting config sha256:e5115d5550e5160d122cbbb04ecc46d5716174b3f442ad5d0205e4cba3417963 done
#8 exporting attestation manifest sha256:4a329335689159ffc9c813f937899aba02f5b3309ebc6763833778015d0cf877 done
#8 exporting manifest list sha256:d4e99e9e4ed57ad033a606160ceb0d2eb9855fad0e841a9abe3e0de2eff919d2 done
#8 naming to 1.94.151.57:85/train-ticket/ts-train-service:1.0.0 done
#8 DONE 1.3s
The push refers to repository [1.94.151.57:85/train-ticket/ts-train-service]
80ffb99b1b2d: Waiting
a583c88cc96f: Waiting
fd51d394b192: Waiting
63efd5d9eb50: Waiting
8be217a18ca9: Waiting
8b8859df4dfd: Waiting
01d7766a2e4a: Waiting
7fa5470f8d14: Waiting
fd51d394b192: Waiting
63efd5d9eb50: Waiting
8be217a18ca9: Waiting
8b8859df4dfd: Waiting
01d7766a2e4a: Waiting
7fa5470f8d14: Waiting
80ffb99b1b2d: Waiting
a583c88cc96f: Waiting
8b8859df4dfd: Waiting
01d7766a2e4a: Waiting
7fa5470f8d14: Waiting
80ffb99b1b2d: Waiting
a583c88cc96f: Waiting
fd51d394b192: Waiting
63efd5d9eb50: Waiting
8be217a18ca9: Waiting
a583c88cc96f: Waiting
fd51d394b192: Waiting
63efd5d9eb50: Waiting
8be217a18ca9: Waiting
8b8859df4dfd: Waiting
01d7766a2e4a: Waiting
7fa5470f8d14: Waiting
80ffb99b1b2d: Waiting
01d7766a2e4a: Waiting
7fa5470f8d14: Waiting
80ffb99b1b2d: Waiting
a583c88cc96f: Waiting
fd51d394b192: Waiting
63efd5d9eb50: Waiting
8be217a18ca9: Waiting
8b8859df4dfd: Waiting
a583c88cc96f: Waiting
fd51d394b192: Waiting
63efd5d9eb50: Waiting
8be217a18ca9: Waiting
8b8859df4dfd: Waiting
01d7766a2e4a: Waiting
7fa5470f8d14: Waiting
80ffb99b1b2d: Waiting
63efd5d9eb50: Waiting
8be217a18ca9: Waiting
8b8859df4dfd: Waiting
01d7766a2e4a: Waiting
7fa5470f8d14: Waiting
80ffb99b1b2d: Waiting
a583c88cc96f: Waiting
fd51d394b192: Waiting
63efd5d9eb50: Waiting
8be217a18ca9: Waiting
8b8859df4dfd: Waiting
01d7766a2e4a: Waiting
7fa5470f8d14: Waiting
80ffb99b1b2d: Waiting
a583c88cc96f: Waiting
fd51d394b192: Waiting
8b8859df4dfd: Waiting
01d7766a2e4a: Waiting
7fa5470f8d14: Waiting
80ffb99b1b2d: Waiting
a583c88cc96f: Waiting
fd51d394b192: Waiting
63efd5d9eb50: Waiting
8be217a18ca9: Waiting
7fa5470f8d14: Waiting
80ffb99b1b2d: Waiting
a583c88cc96f: Waiting
fd51d394b192: Waiting
63efd5d9eb50: Waiting
8be217a18ca9: Waiting
8b8859df4dfd: Waiting
01d7766a2e4a: Waiting
01d7766a2e4a: Waiting
7fa5470f8d14: Waiting
80ffb99b1b2d: Waiting
a583c88cc96f: Waiting
fd51d394b192: Waiting
63efd5d9eb50: Waiting
8be217a18ca9: Waiting
8b8859df4dfd: Waiting
7fa5470f8d14: Waiting
80ffb99b1b2d: Waiting
a583c88cc96f: Waiting
fd51d394b192: Waiting
63efd5d9eb50: Waiting
8be217a18ca9: Waiting
8b8859df4dfd: Waiting
01d7766a2e4a: Waiting
01d7766a2e4a: Waiting
7fa5470f8d14: Waiting
80ffb99b1b2d: Waiting
a583c88cc96f: Waiting
fd51d394b192: Waiting
63efd5d9eb50: Waiting
80ffb99b1b2d: Waiting
a583c88cc96f: Waiting
fd51d394b192: Waiting
63efd5d9eb50: Waiting
8be217a18ca9: Pushed
01d7766a2e4a: Waiting
7fa5470f8d14: Waiting
01d7766a2e4a: Waiting
7fa5470f8d14: Mounted from train-ticket/ts-security-service
80ffb99b1b2d: Mounted from train-ticket/ts-security-service
a583c88cc96f: Mounted from train-ticket/ts-security-service
fd51d394b192: Mounted from train-ticket/ts-security-service
63efd5d9eb50: Mounted from train-ticket/ts-security-service
01d7766a2e4a: Waiting
01d7766a2e4a: Mounted from train-ticket/ts-security-service
8b8859df4dfd: Pushed
failed to do request: Head "https://1.94.151.57:85/v2/train-ticket/ts-train-service/blobs/sha256:e5115d5550e5160d122cbbb04ecc46d5716174b3f442ad5d0205e4cba3417963": proxyconnect tcp: dial tcp 192.168.65.1:3128: i/o timeout
