#0 building with "desktop-linux" instance using docker driver

#1 [internal] load build definition from Dockerfile
#1 transferring dockerfile: 294B done
#1 DONE 0.0s

#2 [internal] load metadata for docker.io/library/eclipse-temurin:8-jre
#2 DONE 0.0s

#3 [internal] load .dockerignore
#3 transferring context: 2B done
#3 DONE 0.0s

#4 [1/3] FROM docker.io/library/eclipse-temurin:8-jre@sha256:3b307643e9a7bb12b03154c434211ec485446bea7d119559365c06f31e8bbfa1
#4 resolve docker.io/library/eclipse-temurin:8-jre@sha256:3b307643e9a7bb12b03154c434211ec485446bea7d119559365c06f31e8bbfa1 0.0s done
#4 DONE 0.0s

#5 [2/3] RUN /bin/cp /usr/share/zoneinfo/Asia/Shanghai /etc/localtime && echo 'Asia/Shanghai' >/etc/timezone
#5 CACHED

#6 [internal] load build context
#6 transferring context: 80.95MB 0.5s done
#6 DONE 0.5s

#7 [3/3] ADD ./target/ts-travel-service-1.0.jar /app/
#7 DONE 0.1s

#8 exporting to image
#8 exporting layers
#8 exporting layers 1.2s done
#8 exporting manifest sha256:230bdd44ad9e6b826ab4861f0586c0101829bf8fd3b40837d1546c4ec505468a
#8 exporting manifest sha256:230bdd44ad9e6b826ab4861f0586c0101829bf8fd3b40837d1546c4ec505468a 0.0s done
#8 exporting config sha256:435c48877b969cfbc00f7a1fb00da471569bfec9bd3a85a5a39b017098992b18 done
#8 exporting attestation manifest sha256:69b67c29a9aa58545885a1ddc663c0180eb7e1f2e112a48a780a2d334579ad69 done
#8 exporting manifest list sha256:a7917c2637c3b4fe1b8276dcd5a73883c5a05cad09757a03b87ebc9e6cda2a3a done
#8 naming to 1.94.151.57:85/train-ticket/ts-travel-service:1.0.0 done
#8 DONE 1.3s
The push refers to repository [1.94.151.57:85/train-ticket/ts-travel-service]
a583c88cc96f: Waiting
63efd5d9eb50: Waiting
80ffb99b1b2d: Waiting
fd51d394b192: Waiting
3c46dfac78ee: Waiting
a82ce85180a5: Waiting
01d7766a2e4a: Waiting
7fa5470f8d14: Waiting
3c46dfac78ee: Waiting
a82ce85180a5: Waiting
01d7766a2e4a: Waiting
7fa5470f8d14: Waiting
a583c88cc96f: Waiting
63efd5d9eb50: Waiting
80ffb99b1b2d: Waiting
fd51d394b192: Waiting
01d7766a2e4a: Waiting
7fa5470f8d14: Waiting
a583c88cc96f: Waiting
63efd5d9eb50: Waiting
80ffb99b1b2d: Waiting
fd51d394b192: Waiting
3c46dfac78ee: Waiting
a82ce85180a5: Waiting
7fa5470f8d14: Waiting
a583c88cc96f: Waiting
63efd5d9eb50: Waiting
80ffb99b1b2d: Waiting
fd51d394b192: Waiting
3c46dfac78ee: Waiting
a82ce85180a5: Waiting
01d7766a2e4a: Waiting
63efd5d9eb50: Waiting
80ffb99b1b2d: Waiting
fd51d394b192: Waiting
3c46dfac78ee: Waiting
a82ce85180a5: Waiting
01d7766a2e4a: Waiting
7fa5470f8d14: Waiting
a583c88cc96f: Waiting
a583c88cc96f: Waiting
63efd5d9eb50: Waiting
80ffb99b1b2d: Waiting
fd51d394b192: Waiting
3c46dfac78ee: Waiting
a82ce85180a5: Waiting
01d7766a2e4a: Waiting
7fa5470f8d14: Waiting
a583c88cc96f: Waiting
63efd5d9eb50: Waiting
80ffb99b1b2d: Waiting
fd51d394b192: Waiting
3c46dfac78ee: Waiting
a82ce85180a5: Waiting
01d7766a2e4a: Waiting
7fa5470f8d14: Waiting
fd51d394b192: Waiting
01d7766a2e4a: Waiting
7fa5470f8d14: Waiting
a583c88cc96f: Waiting
63efd5d9eb50: Waiting
80ffb99b1b2d: Waiting
63efd5d9eb50: Waiting
80ffb99b1b2d: Waiting
fd51d394b192: Waiting
01d7766a2e4a: Waiting
7fa5470f8d14: Waiting
a583c88cc96f: Waiting
fd51d394b192: Waiting
3c46dfac78ee: Pushed
01d7766a2e4a: Waiting
7fa5470f8d14: Waiting
a583c88cc96f: Waiting
63efd5d9eb50: Waiting
80ffb99b1b2d: Waiting
01d7766a2e4a: Mounted from train-ticket/ts-security-service
7fa5470f8d14: Mounted from train-ticket/ts-security-service
a583c88cc96f: Mounted from train-ticket/ts-security-service
63efd5d9eb50: Mounted from train-ticket/ts-security-service
80ffb99b1b2d: Mounted from train-ticket/ts-security-service
fd51d394b192: Mounted from train-ticket/ts-security-service
a82ce85180a5: Pushed
1.0.0: digest: sha256:a7917c2637c3b4fe1b8276dcd5a73883c5a05cad09757a03b87ebc9e6cda2a3a size: 856
