#0 building with "desktop-linux" instance using docker driver

#1 [internal] load build definition from Dockerfile
#1 transferring dockerfile: 314B done
#1 DONE 0.0s

#2 [internal] load metadata for docker.io/library/eclipse-temurin:8-jre
#2 DONE 0.0s

#3 [internal] load .dockerignore
#3 transferring context: 2B done
#3 DONE 0.0s

#4 [1/3] FROM docker.io/library/eclipse-temurin:8-jre@sha256:3b307643e9a7bb12b03154c434211ec485446bea7d119559365c06f31e8bbfa1
#4 resolve docker.io/library/eclipse-temurin:8-jre@sha256:3b307643e9a7bb12b03154c434211ec485446bea7d119559365c06f31e8bbfa1 0.0s done
#4 DONE 0.0s

#5 [2/3] RUN /bin/cp /usr/share/zoneinfo/Asia/Shanghai /etc/localtime && echo 'Asia/Shanghai' >/etc/timezone
#5 CACHED

#6 [internal] load build context
#6 transferring context: 62.50MB 0.9s done
#6 DONE 0.9s

#7 [3/3] ADD ./target/ts-admin-basic-info-service-1.0.jar /app/
#7 DONE 0.2s

#8 exporting to image
#8 exporting layers
#8 exporting layers 1.1s done
#8 exporting manifest sha256:394c546f02e6b47f0810e3aa66718c355990bfa6469e3acc2a8a0ceb51930226
#8 exporting manifest sha256:394c546f02e6b47f0810e3aa66718c355990bfa6469e3acc2a8a0ceb51930226 done
#8 exporting config sha256:9d433746dfc041b5faa080327da743017aaf5fc2214e72c063abab0f4a06eec2 done
#8 exporting attestation manifest sha256:ba8edcb25b5b7b3535da0e122fa2b78bbcc08ce641e3bfab23730071fe024890 done
#8 exporting manifest list sha256:50ad5fd52844d64d497a6256f25877507bb2a99ede5e8b48287bbbd6aa1fe20d done
#8 naming to 1.94.151.57:85/train-ticket/ts-admin-basic-info-service:1.0.0 done
#8 DONE 1.2s
The push refers to repository [1.94.151.57:85/train-ticket/ts-admin-basic-info-service]
fd51d394b192: Waiting
a583c88cc96f: Waiting
8b0b8171407b: Waiting
7fa5470f8d14: Waiting
8bc8bd523cee: Waiting
01d7766a2e4a: Waiting
63efd5d9eb50: Waiting
80ffb99b1b2d: Waiting
63efd5d9eb50: Waiting
80ffb99b1b2d: Waiting
fd51d394b192: Waiting
a583c88cc96f: Waiting
8b0b8171407b: Waiting
7fa5470f8d14: Waiting
8bc8bd523cee: Waiting
01d7766a2e4a: Waiting
fd51d394b192: Waiting
a583c88cc96f: Waiting
8b0b8171407b: Waiting
7fa5470f8d14: Waiting
8bc8bd523cee: Waiting
01d7766a2e4a: Waiting
63efd5d9eb50: Waiting
80ffb99b1b2d: Waiting
fd51d394b192: Waiting
a583c88cc96f: Waiting
8b0b8171407b: Waiting
7fa5470f8d14: Waiting
8bc8bd523cee: Waiting
01d7766a2e4a: Waiting
63efd5d9eb50: Waiting
80ffb99b1b2d: Waiting
8b0b8171407b: Waiting
7fa5470f8d14: Waiting
8bc8bd523cee: Waiting
01d7766a2e4a: Waiting
63efd5d9eb50: Waiting
80ffb99b1b2d: Waiting
fd51d394b192: Waiting
a583c88cc96f: Waiting
80ffb99b1b2d: Waiting
fd51d394b192: Waiting
a583c88cc96f: Waiting
8b0b8171407b: Waiting
7fa5470f8d14: Waiting
8bc8bd523cee: Waiting
01d7766a2e4a: Waiting
63efd5d9eb50: Waiting
8b0b8171407b: Waiting
7fa5470f8d14: Waiting
8bc8bd523cee: Waiting
01d7766a2e4a: Waiting
63efd5d9eb50: Waiting
80ffb99b1b2d: Waiting
fd51d394b192: Waiting
a583c88cc96f: Waiting
80ffb99b1b2d: Waiting
fd51d394b192: Waiting
8b0b8171407b: Waiting
7fa5470f8d14: Waiting
8bc8bd523cee: Waiting
01d7766a2e4a: Waiting
63efd5d9eb50: Waiting
7fa5470f8d14: Waiting
8bc8bd523cee: Waiting
01d7766a2e4a: Waiting
63efd5d9eb50: Waiting
80ffb99b1b2d: Pushed
fd51d394b192: Pushed
8b0b8171407b: Pushed
63efd5d9eb50: Pushed
a583c88cc96f: Pushed
7fa5470f8d14: Pushed
01d7766a2e4a: Pushed
8bc8bd523cee: Pushed
1.0.0: digest: sha256:50ad5fd52844d64d497a6256f25877507bb2a99ede5e8b48287bbbd6aa1fe20d size: 856
