#0 building with "desktop-linux" instance using docker driver

#1 [internal] load build definition from Dockerfile
#1 transferring dockerfile: 306B done
#1 DONE 0.0s

#2 [internal] load metadata for docker.io/library/eclipse-temurin:8-jre
#2 DONE 0.0s

#3 [1/3] FROM docker.io/library/eclipse-temurin:8-jre@sha256:3b307643e9a7bb12b03154c434211ec485446bea7d119559365c06f31e8bbfa1
#3 resolve docker.io/library/eclipse-temurin:8-jre@sha256:3b307643e9a7bb12b03154c434211ec485446bea7d119559365c06f31e8bbfa1 0.0s done
#3 DONE 0.0s

#4 [2/3] RUN /bin/cp /usr/share/zoneinfo/Asia/Shanghai /etc/localtime && echo 'Asia/Shanghai' >/etc/timezone
#4 CACHED

#5 [internal] load .dockerignore
#5 transferring context: 2B done
#5 DONE 0.0s

#6 [internal] load build context
#6 transferring context: 62.50MB 1.0s done
#6 DONE 1.1s

#7 [3/3] ADD ./target/ts-admin-travel-service-1.0.jar /app/
#7 DONE 0.1s

#8 exporting to image
#8 exporting layers
#8 exporting layers 1.1s done
#8 exporting manifest sha256:67b921fde42422f4cb833bcbd6d274533f9cd544c2a63104adef64c1650ea4d7 0.0s done
#8 exporting config sha256:b866bacca1590025b61755d78e0bf21980e6ad1c6bbd8c593ddef75b16559087 0.0s done
#8 exporting attestation manifest sha256:819bdd680d8433d7c7b8b854d1e59ae5ab97442a6e705d03a21e4090a60e8083 0.0s done
#8 exporting manifest list sha256:874ccf35c5689514692a6521f17c1064184a2eb61a6ddf223c557d19e1f359a3 0.0s done
#8 naming to 1.94.151.57:85/train-ticket/ts-admin-travel-service:1.0.0 done
#8 DONE 1.3s
The push refers to repository [1.94.151.57:85/train-ticket/ts-admin-travel-service]
01d7766a2e4a: Waiting
80ffb99b1b2d: Waiting
a583c88cc96f: Waiting
63efd5d9eb50: Waiting
fd51d394b192: Waiting
e5c0a23fc93f: Waiting
d161a8f23370: Waiting
7fa5470f8d14: Waiting
a583c88cc96f: Waiting
63efd5d9eb50: Waiting
fd51d394b192: Waiting
e5c0a23fc93f: Waiting
d161a8f23370: Waiting
7fa5470f8d14: Waiting
01d7766a2e4a: Waiting
80ffb99b1b2d: Waiting
e5c0a23fc93f: Waiting
d161a8f23370: Waiting
7fa5470f8d14: Waiting
01d7766a2e4a: Waiting
80ffb99b1b2d: Waiting
a583c88cc96f: Waiting
63efd5d9eb50: Waiting
fd51d394b192: Waiting
7fa5470f8d14: Waiting
01d7766a2e4a: Waiting
80ffb99b1b2d: Waiting
a583c88cc96f: Waiting
63efd5d9eb50: Waiting
fd51d394b192: Waiting
e5c0a23fc93f: Waiting
d161a8f23370: Waiting
a583c88cc96f: Waiting
63efd5d9eb50: Waiting
fd51d394b192: Waiting
e5c0a23fc93f: Waiting
d161a8f23370: Waiting
7fa5470f8d14: Waiting
01d7766a2e4a: Waiting
80ffb99b1b2d: Waiting
80ffb99b1b2d: Waiting
a583c88cc96f: Waiting
63efd5d9eb50: Waiting
fd51d394b192: Waiting
e5c0a23fc93f: Waiting
d161a8f23370: Waiting
7fa5470f8d14: Waiting
01d7766a2e4a: Waiting
d161a8f23370: Waiting
7fa5470f8d14: Waiting
80ffb99b1b2d: Waiting
a583c88cc96f: Waiting
63efd5d9eb50: Waiting
fd51d394b192: Waiting
e5c0a23fc93f: Waiting
e5c0a23fc93f: Pushed
80ffb99b1b2d: Pushed
fd51d394b192: Pushed
63efd5d9eb50: Pushed
7fa5470f8d14: Pushed
01d7766a2e4a: Pushed
d161a8f23370: Pushed
a583c88cc96f: Pushed
1.0.0: digest: sha256:874ccf35c5689514692a6521f17c1064184a2eb61a6ddf223c557d19e1f359a3 size: 856
