#0 building with "desktop-linux" instance using docker driver

#1 [internal] load build definition from Dockerfile
#1 transferring dockerfile: 304B done
#1 DONE 0.0s

#2 [internal] load metadata for docker.io/library/eclipse-temurin:8-jre
#2 DONE 0.0s

#3 [1/3] FROM docker.io/library/eclipse-temurin:8-jre@sha256:3b307643e9a7bb12b03154c434211ec485446bea7d119559365c06f31e8bbfa1
#3 resolve docker.io/library/eclipse-temurin:8-jre@sha256:3b307643e9a7bb12b03154c434211ec485446bea7d119559365c06f31e8bbfa1 0.0s done
#3 DONE 0.0s

#4 [2/3] RUN /bin/cp /usr/share/zoneinfo/Asia/Shanghai /etc/localtime && echo 'Asia/Shanghai' >/etc/timezone
#4 CACHED

#5 [internal] load .dockerignore
#5 transferring context: 2B done
#5 DONE 0.0s

#6 [internal] load build context
#6 transferring context: 62.50MB 1.0s done
#6 DONE 1.0s

#7 [3/3] ADD ./target/ts-admin-order-service-1.0.jar /app/
#7 DONE 0.1s

#8 exporting to image
#8 exporting layers
#8 exporting layers 1.1s done
#8 exporting manifest sha256:5af8c6cdb6a28570291a76cef3d185daaadbea91bc9f3ce9344f89bde29ee875 0.0s done
#8 exporting config sha256:ee76f12b2a32a7360ad15a7e92d303995c97a2b3095717dc94550f4f929afde3 0.0s done
#8 exporting attestation manifest sha256:0e9a2eb7f9d4223af084f51c4cc67dc88527cf141007e737a56990cdb8dacfe7 0.0s done
#8 exporting manifest list sha256:f9a292b1b04441ee4af8e8be2f308876e54c4c7856186957d37408c753149595 0.0s done
#8 naming to 1.94.151.57:85/train-ticket/ts-admin-order-service:1.0.0 done
#8 DONE 1.3s
The push refers to repository [1.94.151.57:85/train-ticket/ts-admin-order-service]
80ffb99b1b2d: Waiting
fd51d394b192: Waiting
0a71f977ecb0: Waiting
be07ea68d342: Waiting
01d7766a2e4a: Waiting
7fa5470f8d14: Waiting
a583c88cc96f: Waiting
63efd5d9eb50: Waiting
a583c88cc96f: Waiting
63efd5d9eb50: Waiting
80ffb99b1b2d: Waiting
fd51d394b192: Waiting
0a71f977ecb0: Waiting
be07ea68d342: Waiting
01d7766a2e4a: Waiting
7fa5470f8d14: Waiting
01d7766a2e4a: Waiting
7fa5470f8d14: Waiting
a583c88cc96f: Waiting
63efd5d9eb50: Waiting
80ffb99b1b2d: Waiting
fd51d394b192: Waiting
0a71f977ecb0: Waiting
be07ea68d342: Waiting
80ffb99b1b2d: Waiting
fd51d394b192: Waiting
0a71f977ecb0: Waiting
be07ea68d342: Waiting
01d7766a2e4a: Waiting
7fa5470f8d14: Waiting
a583c88cc96f: Waiting
63efd5d9eb50: Waiting
fd51d394b192: Waiting
0a71f977ecb0: Waiting
be07ea68d342: Waiting
01d7766a2e4a: Waiting
7fa5470f8d14: Waiting
a583c88cc96f: Waiting
63efd5d9eb50: Waiting
80ffb99b1b2d: Waiting
80ffb99b1b2d: Waiting
fd51d394b192: Waiting
0a71f977ecb0: Waiting
be07ea68d342: Waiting
01d7766a2e4a: Waiting
7fa5470f8d14: Waiting
a583c88cc96f: Waiting
63efd5d9eb50: Waiting
0a71f977ecb0: Waiting
be07ea68d342: Waiting
01d7766a2e4a: Waiting
7fa5470f8d14: Waiting
a583c88cc96f: Waiting
63efd5d9eb50: Waiting
7fa5470f8d14: Waiting
a583c88cc96f: Waiting
63efd5d9eb50: Waiting
01d7766a2e4a: Waiting
80ffb99b1b2d: Pushed
fd51d394b192: Pushed
0a71f977ecb0: Pushed
63efd5d9eb50: Pushed
7fa5470f8d14: Pushed
01d7766a2e4a: Pushed
a583c88cc96f: Pushed
be07ea68d342: Pushed
1.0.0: digest: sha256:f9a292b1b04441ee4af8e8be2f308876e54c4c7856186957d37408c753149595 size: 856
