#0 building with "desktop-linux" instance using docker driver

#1 [internal] load build definition from Dockerfile
#1 DONE 0.0s

#1 [internal] load build definition from Dockerfile
#1 transferring dockerfile: 304B done
#1 DONE 0.0s

#2 [internal] load metadata for docker.io/library/eclipse-temurin:8-jre
#2 DONE 0.0s

#3 [1/3] FROM docker.io/library/eclipse-temurin:8-jre@sha256:3b307643e9a7bb12b03154c434211ec485446bea7d119559365c06f31e8bbfa1
#3 resolve docker.io/library/eclipse-temurin:8-jre@sha256:3b307643e9a7bb12b03154c434211ec485446bea7d119559365c06f31e8bbfa1 0.0s done
#3 DONE 0.0s

#4 [2/3] RUN /bin/cp /usr/share/zoneinfo/Asia/Shanghai /etc/localtime && echo 'Asia/Shanghai' >/etc/timezone
#4 CACHED

#5 [internal] load .dockerignore
#5 transferring context: 2B done
#5 DONE 0.0s

#6 [internal] load build context
#6 transferring context: 62.50MB 1.0s done
#6 DONE 1.0s

#7 [3/3] ADD ./target/ts-admin-route-service-1.0.jar /app/
#7 DONE 0.1s

#8 exporting to image
#8 exporting layers
#8 exporting layers 1.2s done
#8 exporting manifest sha256:bed5f0aef14689e06ee4627f58c09e67f2b1a5005688d14933488f018567a1b0 0.0s done
#8 exporting config sha256:44554daeb4053741c3fb85283bbd3feed95f01dbda2b4055046b4d72adcdd44b 0.0s done
#8 exporting attestation manifest sha256:1a6b9249956136f9a72c50f11d4dff9474b6ca6b7590681b99ffcab7a8f60bfe 0.0s done
#8 exporting manifest list sha256:417d400afcc7f4991c3009511c1168d96360dd3ad5368a3c92a55271baa4b276 done
#8 naming to 1.94.151.57:85/train-ticket/ts-admin-route-service:1.0.0 done
#8 DONE 1.3s
The push refers to repository [1.94.151.57:85/train-ticket/ts-admin-route-service]
905029840ffa: Waiting
aa9e29c7edc5: Waiting
01d7766a2e4a: Waiting
7fa5470f8d14: Waiting
80ffb99b1b2d: Waiting
fd51d394b192: Waiting
a583c88cc96f: Waiting
63efd5d9eb50: Waiting
a583c88cc96f: Waiting
63efd5d9eb50: Waiting
905029840ffa: Waiting
aa9e29c7edc5: Waiting
01d7766a2e4a: Waiting
7fa5470f8d14: Waiting
80ffb99b1b2d: Waiting
fd51d394b192: Waiting
fd51d394b192: Waiting
a583c88cc96f: Waiting
63efd5d9eb50: Waiting
905029840ffa: Waiting
aa9e29c7edc5: Waiting
01d7766a2e4a: Waiting
7fa5470f8d14: Waiting
80ffb99b1b2d: Waiting
80ffb99b1b2d: Waiting
fd51d394b192: Waiting
a583c88cc96f: Waiting
63efd5d9eb50: Waiting
905029840ffa: Waiting
aa9e29c7edc5: Waiting
01d7766a2e4a: Waiting
7fa5470f8d14: Waiting
01d7766a2e4a: Waiting
7fa5470f8d14: Waiting
80ffb99b1b2d: Waiting
fd51d394b192: Waiting
a583c88cc96f: Waiting
63efd5d9eb50: Waiting
905029840ffa: Waiting
aa9e29c7edc5: Waiting
80ffb99b1b2d: Waiting
fd51d394b192: Waiting
a583c88cc96f: Waiting
63efd5d9eb50: Waiting
905029840ffa: Waiting
aa9e29c7edc5: Waiting
01d7766a2e4a: Waiting
7fa5470f8d14: Waiting
80ffb99b1b2d: Waiting
fd51d394b192: Waiting
a583c88cc96f: Waiting
63efd5d9eb50: Waiting
905029840ffa: Waiting
aa9e29c7edc5: Waiting
01d7766a2e4a: Waiting
7fa5470f8d14: Waiting
01d7766a2e4a: Waiting
80ffb99b1b2d: Waiting
fd51d394b192: Pushed
80ffb99b1b2d: Pushed
63efd5d9eb50: Pushed
905029840ffa: Pushed
7fa5470f8d14: Pushed
01d7766a2e4a: Pushed
a583c88cc96f: Pushed
aa9e29c7edc5: Pushed
1.0.0: digest: sha256:417d400afcc7f4991c3009511c1168d96360dd3ad5368a3c92a55271baa4b276 size: 856
