#0 building with "desktop-linux" instance using docker driver

#1 [internal] load build definition from Dockerfile
#1 transferring dockerfile: 294B done
#1 DONE 0.0s

#2 [internal] load metadata for docker.io/library/eclipse-temurin:8-jre
#2 DONE 0.0s

#3 [internal] load .dockerignore
#3 transferring context: 2B done
#3 DONE 0.0s

#4 [1/3] FROM docker.io/library/eclipse-temurin:8-jre@sha256:3b307643e9a7bb12b03154c434211ec485446bea7d119559365c06f31e8bbfa1
#4 resolve docker.io/library/eclipse-temurin:8-jre@sha256:3b307643e9a7bb12b03154c434211ec485446bea7d119559365c06f31e8bbfa1 done
#4 DONE 0.0s

#5 [2/3] RUN /bin/cp /usr/share/zoneinfo/Asia/Shanghai /etc/localtime && echo 'Asia/Shanghai' >/etc/timezone
#5 CACHED

#6 [internal] load build context
#6 transferring context: 62.50MB 0.4s done
#6 DONE 0.4s

#7 [3/3] ADD ./target/ts-cancel-service-1.0.jar /app/
#7 DONE 0.1s

#8 exporting to image
#8 exporting layers
#8 exporting layers 0.9s done
#8 exporting manifest sha256:46b47cb34e498259f963835c652e5cbf47bbd2cdb97b9f8c2d768c42d72d32e1
#8 exporting manifest sha256:46b47cb34e498259f963835c652e5cbf47bbd2cdb97b9f8c2d768c42d72d32e1 0.0s done
#8 exporting config sha256:d1bf888ccb60365d687020d2a2d77ec08e51e313c6f1568f06fc4edcfd5e371e done
#8 exporting attestation manifest sha256:56b46810d2182808e856c34180720608985bb2823461d052c5623e9de098444e done
#8 exporting manifest list sha256:b59dd4bc7db348e10f728422c00434edf4e4503a508c3d8967b59762d49e9426 done
#8 naming to 1.94.151.57:85/train-ticket/ts-cancel-service:1.0.0 done
#8 DONE 1.0s
The push refers to repository [1.94.151.57:85/train-ticket/ts-cancel-service]
7fa5470f8d14: Waiting
a583c88cc96f: Waiting
63efd5d9eb50: Waiting
80ffb99b1b2d: Waiting
fd51d394b192: Waiting
464868a8e009: Waiting
8cc733642151: Waiting
01d7766a2e4a: Waiting
464868a8e009: Waiting
8cc733642151: Waiting
01d7766a2e4a: Waiting
7fa5470f8d14: Waiting
a583c88cc96f: Waiting
63efd5d9eb50: Waiting
80ffb99b1b2d: Waiting
fd51d394b192: Waiting
unknown: unexpected status from HEAD request to http://1.94.151.57:85/v2/train-ticket/ts-cancel-service/blobs/sha256:d1bf888ccb60365d687020d2a2d77ec08e51e313c6f1568f06fc4edcfd5e371e: 502 Bad Gateway
