#0 building with "desktop-linux" instance using docker driver

#1 [1/3] FROM docker.io/library/eclipse-temurin:8-jre@sha256:3b307643e9a7bb12b03154c434211ec485446bea7d119559365c06f31e8bbfa1
#1 resolve docker.io/library/eclipse-temurin:8-jre@sha256:3b307643e9a7bb12b03154c434211ec485446bea7d119559365c06f31e8bbfa1 done
#1 DONE 0.0s

#2 [2/3] RUN /bin/cp /usr/share/zoneinfo/Asia/Shanghai /etc/localtime && echo 'Asia/Shanghai' >/etc/timezone
#2 CACHED

#3 [internal] load build definition from Dockerfile
#3 transferring dockerfile: 298B done
#3 DONE 0.0s

#4 [internal] load metadata for docker.io/library/eclipse-temurin:8-jre
#4 DONE 0.0s

#5 [internal] load .dockerignore
#5 transferring context: 2B done
#5 DONE 0.0s

#6 [internal] load build context
#6 transferring context: 80.92MB 0.5s done
#6 DONE 0.5s

#7 [3/3] ADD ./target/ts-contacts-service-1.0.jar /app/
#7 DONE 0.1s

#8 exporting to image
#8 exporting layers
#8 exporting layers 1.4s done
#8 exporting manifest sha256:e9d05ba39b92f7ed09695a4df2d333a90fa09d747816057e3a8ae2604ad42428
#8 exporting manifest sha256:e9d05ba39b92f7ed09695a4df2d333a90fa09d747816057e3a8ae2604ad42428 done
#8 exporting config sha256:f28eea73731dd404eca9673cde765ba60847adeeae6feaf317d2b82e48009233 done
#8 exporting attestation manifest sha256:effcba0435a1e3febb924e42576a32d1a0672c05e7e8ef5ff28fe30018ab509f done
#8 exporting manifest list sha256:c6516f06bf0cbb361062de421def59229936fb22dcfc7ca30296686681f4ee3f done
#8 naming to 1.94.151.57:85/train-ticket/ts-contacts-service:1.0.0 done
#8 DONE 1.4s
The push refers to repository [1.94.151.57:85/train-ticket/ts-contacts-service]
a583c88cc96f: Waiting
63efd5d9eb50: Waiting
80ffb99b1b2d: Waiting
fd51d394b192: Waiting
87edddf8f449: Waiting
07e1961133f1: Waiting
01d7766a2e4a: Waiting
7fa5470f8d14: Waiting
fd51d394b192: Waiting
87edddf8f449: Waiting
07e1961133f1: Waiting
01d7766a2e4a: Waiting
7fa5470f8d14: Waiting
a583c88cc96f: Waiting
63efd5d9eb50: Waiting
80ffb99b1b2d: Waiting
7fa5470f8d14: Waiting
a583c88cc96f: Waiting
63efd5d9eb50: Waiting
80ffb99b1b2d: Waiting
fd51d394b192: Waiting
87edddf8f449: Waiting
07e1961133f1: Waiting
01d7766a2e4a: Waiting
7fa5470f8d14: Waiting
a583c88cc96f: Waiting
63efd5d9eb50: Waiting
80ffb99b1b2d: Waiting
fd51d394b192: Waiting
87edddf8f449: Waiting
07e1961133f1: Waiting
01d7766a2e4a: Waiting
a583c88cc96f: Waiting
63efd5d9eb50: Waiting
80ffb99b1b2d: Waiting
fd51d394b192: Waiting
87edddf8f449: Waiting
07e1961133f1: Waiting
01d7766a2e4a: Waiting
7fa5470f8d14: Waiting
a583c88cc96f: Waiting
63efd5d9eb50: Waiting
80ffb99b1b2d: Waiting
fd51d394b192: Waiting
87edddf8f449: Waiting
07e1961133f1: Waiting
01d7766a2e4a: Waiting
7fa5470f8d14: Waiting
01d7766a2e4a: Waiting
7fa5470f8d14: Waiting
a583c88cc96f: Waiting
63efd5d9eb50: Waiting
80ffb99b1b2d: Waiting
fd51d394b192: Waiting
87edddf8f449: Waiting
07e1961133f1: Waiting
7fa5470f8d14: Waiting
a583c88cc96f: Waiting
63efd5d9eb50: Waiting
80ffb99b1b2d: Waiting
fd51d394b192: Waiting
87edddf8f449: Waiting
07e1961133f1: Waiting
01d7766a2e4a: Waiting
7fa5470f8d14: Waiting
a583c88cc96f: Waiting
63efd5d9eb50: Waiting
80ffb99b1b2d: Waiting
fd51d394b192: Waiting
87edddf8f449: Waiting
07e1961133f1: Waiting
01d7766a2e4a: Waiting
01d7766a2e4a: Waiting
7fa5470f8d14: Waiting
a583c88cc96f: Waiting
63efd5d9eb50: Waiting
80ffb99b1b2d: Waiting
fd51d394b192: Waiting
87edddf8f449: Waiting
07e1961133f1: Waiting
fd51d394b192: Waiting
87edddf8f449: Waiting
07e1961133f1: Waiting
01d7766a2e4a: Waiting
7fa5470f8d14: Waiting
a583c88cc96f: Waiting
63efd5d9eb50: Waiting
80ffb99b1b2d: Waiting
80ffb99b1b2d: Waiting
fd51d394b192: Waiting
87edddf8f449: Waiting
07e1961133f1: Waiting
01d7766a2e4a: Waiting
7fa5470f8d14: Waiting
a583c88cc96f: Waiting
63efd5d9eb50: Waiting
63efd5d9eb50: Waiting
80ffb99b1b2d: Waiting
fd51d394b192: Waiting
01d7766a2e4a: Waiting
7fa5470f8d14: Waiting
a583c88cc96f: Waiting
fd51d394b192: Mounted from train-ticket/ts-config-service
87edddf8f449: Pushed
01d7766a2e4a: Mounted from train-ticket/ts-config-service
7fa5470f8d14: Mounted from train-ticket/ts-config-service
a583c88cc96f: Mounted from train-ticket/ts-config-service
63efd5d9eb50: Mounted from train-ticket/ts-config-service
80ffb99b1b2d: Mounted from train-ticket/ts-config-service
07e1961133f1: Pushed
1.0.0: digest: sha256:c6516f06bf0cbb361062de421def59229936fb22dcfc7ca30296686681f4ee3f size: 856
