#0 building with "desktop-linux" instance using docker driver

#1 [internal] load build definition from Dockerfile
#1 transferring dockerfile: 294B done
#1 DONE 0.0s

#2 [internal] load metadata for docker.io/library/eclipse-temurin:8-jre
#2 DONE 0.0s

#3 [internal] load .dockerignore
#3 transferring context: 2B done
#3 DONE 0.0s

#4 [1/3] FROM docker.io/library/eclipse-temurin:8-jre@sha256:3b307643e9a7bb12b03154c434211ec485446bea7d119559365c06f31e8bbfa1
#4 resolve docker.io/library/eclipse-temurin:8-jre@sha256:3b307643e9a7bb12b03154c434211ec485446bea7d119559365c06f31e8bbfa1 0.0s done
#4 DONE 0.0s

#5 [2/3] RUN /bin/cp /usr/share/zoneinfo/Asia/Shanghai /etc/localtime && echo 'Asia/Shanghai' >/etc/timezone
#5 CACHED

#6 [internal] load build context
#6 transferring context: 80.91MB 0.6s done
#6 DONE 0.6s

#7 [3/3] ADD ./target/ts-config-service-1.0.jar /app/
#7 DONE 0.1s

#8 exporting to image
#8 exporting layers
#8 exporting layers 1.2s done
#8 exporting manifest sha256:eb9628a6bc57b9a2f5a1875b09f3dc7a402e884d9e70bbe42c07573edc761ec1 done
#8 exporting config sha256:40eb107301ae45aa6139790aa60c5283c213db4bb4b673c2c308ef73799b6f99 done
#8 exporting attestation manifest sha256:5a013ae2ab78aa8509eaabf72ec54d440e7b4bf42d7f70c02d39ed199775ec2b done
#8 exporting manifest list sha256:a9443ffe9a038216a236f14c9e1fde6a2c9909b6da922983cd3cd433e9669ddc done
#8 naming to 1.94.151.57:85/train-ticket/ts-config-service:1.0.0 done
#8 DONE 1.2s
The push refers to repository [1.94.151.57:85/train-ticket/ts-config-service]
a583c88cc96f: Waiting
2ebc852ab733: Waiting
21881dac247c: Waiting
01d7766a2e4a: Waiting
63efd5d9eb50: Waiting
fd51d394b192: Waiting
80ffb99b1b2d: Waiting
7fa5470f8d14: Waiting
a583c88cc96f: Waiting
2ebc852ab733: Waiting
21881dac247c: Waiting
01d7766a2e4a: Waiting
63efd5d9eb50: Waiting
fd51d394b192: Waiting
80ffb99b1b2d: Waiting
7fa5470f8d14: Waiting
a583c88cc96f: Waiting
2ebc852ab733: Waiting
21881dac247c: Waiting
01d7766a2e4a: Waiting
63efd5d9eb50: Waiting
fd51d394b192: Waiting
80ffb99b1b2d: Waiting
7fa5470f8d14: Waiting
63efd5d9eb50: Waiting
fd51d394b192: Waiting
80ffb99b1b2d: Waiting
7fa5470f8d14: Waiting
a583c88cc96f: Waiting
2ebc852ab733: Waiting
21881dac247c: Waiting
01d7766a2e4a: Waiting
80ffb99b1b2d: Waiting
7fa5470f8d14: Waiting
a583c88cc96f: Waiting
2ebc852ab733: Waiting
21881dac247c: Waiting
01d7766a2e4a: Waiting
63efd5d9eb50: Waiting
fd51d394b192: Waiting
80ffb99b1b2d: Waiting
7fa5470f8d14: Waiting
a583c88cc96f: Waiting
2ebc852ab733: Waiting
21881dac247c: Waiting
01d7766a2e4a: Waiting
63efd5d9eb50: Waiting
fd51d394b192: Waiting
21881dac247c: Waiting
01d7766a2e4a: Waiting
63efd5d9eb50: Waiting
fd51d394b192: Waiting
80ffb99b1b2d: Waiting
7fa5470f8d14: Waiting
a583c88cc96f: Waiting
2ebc852ab733: Waiting
a583c88cc96f: Waiting
2ebc852ab733: Waiting
21881dac247c: Waiting
01d7766a2e4a: Waiting
63efd5d9eb50: Waiting
fd51d394b192: Waiting
80ffb99b1b2d: Waiting
7fa5470f8d14: Waiting
fd51d394b192: Waiting
80ffb99b1b2d: Waiting
7fa5470f8d14: Waiting
a583c88cc96f: Waiting
2ebc852ab733: Waiting
21881dac247c: Waiting
01d7766a2e4a: Waiting
63efd5d9eb50: Waiting
01d7766a2e4a: Waiting
63efd5d9eb50: Waiting
fd51d394b192: Waiting
80ffb99b1b2d: Waiting
7fa5470f8d14: Waiting
a583c88cc96f: Waiting
63efd5d9eb50: Waiting
fd51d394b192: Waiting
80ffb99b1b2d: Waiting
7fa5470f8d14: Waiting
a583c88cc96f: Waiting
2ebc852ab733: Pushed
01d7766a2e4a: Waiting
01d7766a2e4a: Mounted from train-ticket/ts-admin-travel-service
63efd5d9eb50: Mounted from train-ticket/ts-admin-travel-service
fd51d394b192: Waiting
80ffb99b1b2d: Mounted from train-ticket/ts-admin-travel-service
7fa5470f8d14: Mounted from train-ticket/ts-admin-travel-service
a583c88cc96f: Waiting
fd51d394b192: Waiting
a583c88cc96f: Waiting
fd51d394b192: Mounted from train-ticket/ts-admin-travel-service
a583c88cc96f: Mounted from train-ticket/ts-admin-travel-service
21881dac247c: Pushed
1.0.0: digest: sha256:a9443ffe9a038216a236f14c9e1fde6a2c9909b6da922983cd3cd433e9669ddc size: 856
