#0 building with "desktop-linux" instance using docker driver

#1 [internal] load build definition from Dockerfile
#1 transferring dockerfile: 296B done
#1 DONE 0.0s

#2 [internal] load metadata for docker.io/library/eclipse-temurin:8-jre
#2 DONE 0.0s

#3 [internal] load .dockerignore
#3 transferring context: 2B done
#3 DONE 0.0s

#4 [1/3] FROM docker.io/library/eclipse-temurin:8-jre@sha256:3b307643e9a7bb12b03154c434211ec485446bea7d119559365c06f31e8bbfa1
#4 resolve docker.io/library/eclipse-temurin:8-jre@sha256:3b307643e9a7bb12b03154c434211ec485446bea7d119559365c06f31e8bbfa1 done
#4 DONE 0.0s

#5 [2/3] RUN /bin/cp /usr/share/zoneinfo/Asia/Shanghai /etc/localtime && echo 'Asia/Shanghai' >/etc/timezone
#5 CACHED

#6 [internal] load build context
#6 transferring context: 80.92MB 0.5s done
#6 DONE 0.5s

#7 [3/3] ADD ./target/ts-consign-service-1.0.jar /app/
#7 DONE 0.1s

#8 exporting to image
#8 exporting layers
#8 exporting layers 1.3s done
#8 exporting manifest sha256:a6af055bfdfcc319057712bf4b0926f9f6028664607f6d44e91d81526be21f54 done
#8 exporting config sha256:5180ca7ebee6e659caa47a65b44e56ae777d3fa80e727cfc8acbfd8a3845a221 done
#8 exporting attestation manifest sha256:bfb4860befb3caca369af25fb5770ddc02d6b863243daa1f091cc102a97f79a8 done
#8 exporting manifest list sha256:87ae85e6101ce8b3dd7e059644fb20b388b53daead29936007b77ab34d9b4b02 done
#8 naming to 1.94.151.57:85/train-ticket/ts-consign-service:1.0.0 done
#8 DONE 1.4s
The push refers to repository [1.94.151.57:85/train-ticket/ts-consign-service]
87ea2d72c858: Waiting
63efd5d9eb50: Waiting
7fa5470f8d14: Waiting
80ffb99b1b2d: Waiting
a583c88cc96f: Waiting
01d7766a2e4a: Waiting
fd51d394b192: Waiting
fb3922e09439: Waiting
fd51d394b192: Waiting
fb3922e09439: Waiting
87ea2d72c858: Waiting
63efd5d9eb50: Waiting
7fa5470f8d14: Waiting
80ffb99b1b2d: Waiting
a583c88cc96f: Waiting
01d7766a2e4a: Waiting
80ffb99b1b2d: Waiting
a583c88cc96f: Waiting
01d7766a2e4a: Waiting
fd51d394b192: Waiting
fb3922e09439: Waiting
87ea2d72c858: Waiting
63efd5d9eb50: Waiting
7fa5470f8d14: Waiting
01d7766a2e4a: Waiting
fd51d394b192: Waiting
fb3922e09439: Waiting
87ea2d72c858: Waiting
63efd5d9eb50: Waiting
7fa5470f8d14: Waiting
80ffb99b1b2d: Waiting
a583c88cc96f: Waiting
fd51d394b192: Waiting
fb3922e09439: Waiting
87ea2d72c858: Waiting
63efd5d9eb50: Waiting
7fa5470f8d14: Waiting
80ffb99b1b2d: Waiting
a583c88cc96f: Waiting
01d7766a2e4a: Waiting
fb3922e09439: Waiting
87ea2d72c858: Waiting
63efd5d9eb50: Waiting
7fa5470f8d14: Waiting
80ffb99b1b2d: Waiting
a583c88cc96f: Waiting
01d7766a2e4a: Waiting
fd51d394b192: Waiting
80ffb99b1b2d: Waiting
a583c88cc96f: Waiting
01d7766a2e4a: Waiting
fd51d394b192: Waiting
fb3922e09439: Waiting
87ea2d72c858: Waiting
63efd5d9eb50: Waiting
7fa5470f8d14: Waiting
7fa5470f8d14: Waiting
80ffb99b1b2d: Waiting
a583c88cc96f: Waiting
01d7766a2e4a: Waiting
fd51d394b192: Waiting
fb3922e09439: Waiting
87ea2d72c858: Waiting
63efd5d9eb50: Waiting
fd51d394b192: Waiting
fb3922e09439: Waiting
87ea2d72c858: Waiting
63efd5d9eb50: Waiting
7fa5470f8d14: Waiting
80ffb99b1b2d: Waiting
a583c88cc96f: Waiting
01d7766a2e4a: Waiting
01d7766a2e4a: Waiting
fd51d394b192: Waiting
fb3922e09439: Waiting
63efd5d9eb50: Waiting
7fa5470f8d14: Waiting
80ffb99b1b2d: Waiting
a583c88cc96f: Waiting
63efd5d9eb50: Waiting
7fa5470f8d14: Waiting
80ffb99b1b2d: Waiting
a583c88cc96f: Waiting
01d7766a2e4a: Waiting
fd51d394b192: Waiting
fb3922e09439: Waiting
fd51d394b192: Waiting
63efd5d9eb50: Waiting
7fa5470f8d14: Waiting
80ffb99b1b2d: Waiting
a583c88cc96f: Waiting
01d7766a2e4a: Waiting
63efd5d9eb50: Waiting
7fa5470f8d14: Waiting
80ffb99b1b2d: Waiting
a583c88cc96f: Waiting
01d7766a2e4a: Waiting
fd51d394b192: Waiting
01d7766a2e4a: Mounted from train-ticket/ts-config-service
fd51d394b192: Mounted from train-ticket/ts-config-service
fb3922e09439: Pushed
63efd5d9eb50: Mounted from train-ticket/ts-config-service
7fa5470f8d14: Mounted from train-ticket/ts-config-service
80ffb99b1b2d: Waiting
a583c88cc96f: Mounted from train-ticket/ts-config-service
80ffb99b1b2d: Mounted from train-ticket/ts-config-service
87ea2d72c858: Pushed
1.0.0: digest: sha256:87ae85e6101ce8b3dd7e059644fb20b388b53daead29936007b77ab34d9b4b02 size: 856
