#0 building with "desktop-linux" instance using docker driver

#1 [internal] load build definition from Dockerfile
#1 transferring dockerfile: 299B done
#1 DONE 0.0s

#2 [internal] load metadata for docker.io/library/eclipse-temurin:8-jre
#2 DONE 0.0s

#3 [internal] load .dockerignore
#3 transferring context: 2B done
#3 DONE 0.0s

#4 [1/3] FROM docker.io/library/eclipse-temurin:8-jre@sha256:3b307643e9a7bb12b03154c434211ec485446bea7d119559365c06f31e8bbfa1
#4 resolve docker.io/library/eclipse-temurin:8-jre@sha256:3b307643e9a7bb12b03154c434211ec485446bea7d119559365c06f31e8bbfa1 done
#4 DONE 0.0s

#5 [2/3] RUN /bin/cp /usr/share/zoneinfo/Asia/Shanghai /etc/localtime && echo 'Asia/Shanghai' >/etc/timezone
#5 CACHED

#6 [internal] load build context
#6 transferring context: 84.99MB 0.6s done
#6 DONE 0.6s

#7 [3/3] ADD ./target/ts-delivery-service-1.0.jar /app/
#7 DONE 0.1s

#8 exporting to image
#8 exporting layers
#8 exporting layers 1.5s done
#8 exporting manifest sha256:506306d3118601a814a3116f36efb1dc0da912a35a910f9190683e704f191a89
#8 exporting manifest sha256:506306d3118601a814a3116f36efb1dc0da912a35a910f9190683e704f191a89 done
#8 exporting config sha256:cb64ad5c074c9acc44e7d614b9987dd9bea8f54a9572eaf21bd3cd3bf39feb28 done
#8 exporting attestation manifest sha256:370399b5b908c5a7f804565e9cc8615d11def07db85a314e94399ef25cb5f09a 0.0s done
#8 exporting manifest list sha256:819fe907c36efded5dee0ac0e8d285e4233a0389c644b09bc17bc01b719d0db7 done
#8 naming to 1.94.151.57:85/train-ticket/ts-delivery-service:1.0.0 done
#8 DONE 1.6s
The push refers to repository [1.94.151.57:85/train-ticket/ts-delivery-service]
7fa5470f8d14: Waiting
a583c88cc96f: Waiting
63efd5d9eb50: Waiting
80ffb99b1b2d: Waiting
fd51d394b192: Waiting
e3e0d686a234: Waiting
53fab1512326: Waiting
01d7766a2e4a: Waiting
01d7766a2e4a: Waiting
7fa5470f8d14: Waiting
a583c88cc96f: Waiting
63efd5d9eb50: Waiting
80ffb99b1b2d: Waiting
fd51d394b192: Waiting
e3e0d686a234: Waiting
53fab1512326: Waiting
53fab1512326: Waiting
01d7766a2e4a: Waiting
7fa5470f8d14: Waiting
a583c88cc96f: Waiting
63efd5d9eb50: Waiting
80ffb99b1b2d: Waiting
fd51d394b192: Waiting
e3e0d686a234: Waiting
53fab1512326: Waiting
01d7766a2e4a: Waiting
7fa5470f8d14: Waiting
a583c88cc96f: Waiting
63efd5d9eb50: Waiting
80ffb99b1b2d: Waiting
fd51d394b192: Waiting
e3e0d686a234: Waiting
7fa5470f8d14: Waiting
a583c88cc96f: Waiting
63efd5d9eb50: Waiting
80ffb99b1b2d: Waiting
fd51d394b192: Waiting
e3e0d686a234: Waiting
53fab1512326: Waiting
01d7766a2e4a: Waiting
e3e0d686a234: Waiting
53fab1512326: Waiting
01d7766a2e4a: Waiting
7fa5470f8d14: Waiting
a583c88cc96f: Waiting
63efd5d9eb50: Waiting
80ffb99b1b2d: Waiting
fd51d394b192: Waiting
80ffb99b1b2d: Waiting
fd51d394b192: Waiting
e3e0d686a234: Waiting
53fab1512326: Waiting
01d7766a2e4a: Waiting
7fa5470f8d14: Waiting
a583c88cc96f: Waiting
63efd5d9eb50: Waiting
01d7766a2e4a: Waiting
7fa5470f8d14: Waiting
a583c88cc96f: Waiting
63efd5d9eb50: Waiting
80ffb99b1b2d: Waiting
fd51d394b192: Waiting
e3e0d686a234: Waiting
53fab1512326: Waiting
e3e0d686a234: Waiting
53fab1512326: Waiting
01d7766a2e4a: Waiting
7fa5470f8d14: Waiting
a583c88cc96f: Waiting
63efd5d9eb50: Waiting
80ffb99b1b2d: Waiting
fd51d394b192: Waiting
01d7766a2e4a: Waiting
7fa5470f8d14: Waiting
a583c88cc96f: Waiting
63efd5d9eb50: Waiting
80ffb99b1b2d: Waiting
fd51d394b192: Waiting
7fa5470f8d14: Waiting
a583c88cc96f: Waiting
63efd5d9eb50: Waiting
80ffb99b1b2d: Waiting
fd51d394b192: Waiting
e3e0d686a234: Pushed
01d7766a2e4a: Waiting
fd51d394b192: Mounted from train-ticket/ts-contacts-service
01d7766a2e4a: Mounted from train-ticket/ts-contacts-service
7fa5470f8d14: Mounted from train-ticket/ts-contacts-service
a583c88cc96f: Mounted from train-ticket/ts-contacts-service
63efd5d9eb50: Mounted from train-ticket/ts-contacts-service
80ffb99b1b2d: Mounted from train-ticket/ts-contacts-service
53fab1512326: Pushed
1.0.0: digest: sha256:819fe907c36efded5dee0ac0e8d285e4233a0389c644b09bc17bc01b719d0db7 size: 856
