#0 building with "desktop-linux" instance using docker driver

#1 [1/3] FROM docker.io/library/eclipse-temurin:8-jre@sha256:3b307643e9a7bb12b03154c434211ec485446bea7d119559365c06f31e8bbfa1
#1 resolve docker.io/library/eclipse-temurin:8-jre@sha256:3b307643e9a7bb12b03154c434211ec485446bea7d119559365c06f31e8bbfa1 done
#1 DONE 0.0s

#2 [2/3] RUN /bin/cp /usr/share/zoneinfo/Asia/Shanghai /etc/localtime && echo 'Asia/Shanghai' >/etc/timezone
#2 CACHED

#3 [internal] load build definition from Dockerfile
#3 transferring dockerfile: 296B done
#3 DONE 0.0s

#4 [internal] load metadata for docker.io/library/eclipse-temurin:8-jre
#4 DONE 0.0s

#5 [internal] load .dockerignore
#5 transferring context: 2B done
#5 DONE 0.0s

#6 [internal] load build context
#6 transferring context: 62.50MB 0.4s done
#6 DONE 0.4s

#7 [3/3] ADD ./target/ts-execute-service-1.0.jar /app/
#7 DONE 0.1s

#8 exporting to image
#8 exporting layers
#8 exporting layers 1.4s done
#8 exporting manifest sha256:a29749f28c67277c4e5595afc89c0c1773f60718fcc91a6071581048eace67c6 done
#8 exporting config sha256:412a34701077ea416b918d28ed776036350eadd49c1a63d96228ea3856f14cca done
#8 exporting attestation manifest sha256:94289c35c5d0b98842ba8f5418f4cdf1d4a255a1716a24494f2ce1c365bfd53f done
#8 exporting manifest list sha256:f1de38f657308ae66e32ae353f00c69e6d1ed31b8a4544e9b7b8778003a40e73 done
#8 naming to 1.94.151.57:85/train-ticket/ts-execute-service:1.0.0 done
#8 DONE 1.4s
The push refers to repository [1.94.151.57:85/train-ticket/ts-execute-service]
fd51d394b192: Waiting
63efd5d9eb50: Waiting
01d7766a2e4a: Waiting
7fa5470f8d14: Waiting
49a7b6712d9d: Waiting
ad70c129a755: Waiting
a583c88cc96f: Waiting
80ffb99b1b2d: Waiting
7fa5470f8d14: Waiting
49a7b6712d9d: Waiting
ad70c129a755: Waiting
a583c88cc96f: Waiting
80ffb99b1b2d: Waiting
fd51d394b192: Waiting
63efd5d9eb50: Waiting
01d7766a2e4a: Waiting
01d7766a2e4a: Waiting
7fa5470f8d14: Waiting
49a7b6712d9d: Waiting
ad70c129a755: Waiting
a583c88cc96f: Waiting
80ffb99b1b2d: Waiting
fd51d394b192: Waiting
63efd5d9eb50: Waiting
80ffb99b1b2d: Waiting
fd51d394b192: Waiting
63efd5d9eb50: Waiting
01d7766a2e4a: Waiting
7fa5470f8d14: Waiting
49a7b6712d9d: Waiting
ad70c129a755: Waiting
a583c88cc96f: Waiting
fd51d394b192: Waiting
63efd5d9eb50: Waiting
01d7766a2e4a: Waiting
7fa5470f8d14: Waiting
49a7b6712d9d: Waiting
ad70c129a755: Waiting
a583c88cc96f: Waiting
80ffb99b1b2d: Waiting
a583c88cc96f: Waiting
80ffb99b1b2d: Waiting
fd51d394b192: Waiting
63efd5d9eb50: Waiting
01d7766a2e4a: Waiting
7fa5470f8d14: Waiting
49a7b6712d9d: Waiting
ad70c129a755: Waiting
63efd5d9eb50: Waiting
01d7766a2e4a: Waiting
7fa5470f8d14: Waiting
49a7b6712d9d: Waiting
ad70c129a755: Waiting
a583c88cc96f: Waiting
80ffb99b1b2d: Waiting
fd51d394b192: Waiting
63efd5d9eb50: Waiting
01d7766a2e4a: Waiting
7fa5470f8d14: Waiting
49a7b6712d9d: Waiting
ad70c129a755: Waiting
a583c88cc96f: Waiting
80ffb99b1b2d: Waiting
fd51d394b192: Waiting
fd51d394b192: Waiting
63efd5d9eb50: Waiting
01d7766a2e4a: Waiting
7fa5470f8d14: Waiting
a583c88cc96f: Waiting
80ffb99b1b2d: Waiting
63efd5d9eb50: Waiting
01d7766a2e4a: Waiting
7fa5470f8d14: Waiting
49a7b6712d9d: Pushed
a583c88cc96f: Waiting
80ffb99b1b2d: Waiting
fd51d394b192: Waiting
fd51d394b192: Waiting
63efd5d9eb50: Waiting
01d7766a2e4a: Waiting
7fa5470f8d14: Mounted from train-ticket/ts-contacts-service
a583c88cc96f: Mounted from train-ticket/ts-contacts-service
80ffb99b1b2d: Mounted from train-ticket/ts-contacts-service
63efd5d9eb50: Mounted from train-ticket/ts-contacts-service
01d7766a2e4a: Mounted from train-ticket/ts-contacts-service
fd51d394b192: Mounted from train-ticket/ts-contacts-service
ad70c129a755: Pushed
1.0.0: digest: sha256:f1de38f657308ae66e32ae353f00c69e6d1ed31b8a4544e9b7b8778003a40e73 size: 856
