#0 building with "desktop-linux" instance using docker driver

#1 [1/3] FROM docker.io/library/eclipse-temurin:8-jre@sha256:3b307643e9a7bb12b03154c434211ec485446bea7d119559365c06f31e8bbfa1
#1 resolve docker.io/library/eclipse-temurin:8-jre@sha256:3b307643e9a7bb12b03154c434211ec485446bea7d119559365c06f31e8bbfa1 done
#1 DONE 0.0s

#2 [2/3] RUN /bin/cp /usr/share/zoneinfo/Asia/Shanghai /etc/localtime && echo 'Asia/Shanghai' >/etc/timezone
#2 CACHED

#3 [internal] load build definition from Dockerfile
#3 transferring dockerfile: 309B done
#3 DONE 0.0s

#4 [internal] load metadata for docker.io/library/eclipse-temurin:8-jre
#4 DONE 0.0s

#5 [internal] load .dockerignore
#5 transferring context: 2B done
#5 DONE 0.0s

#6 [internal] load build context
#6 transferring context: 80.92MB 0.5s done
#6 DONE 0.5s

#7 [3/3] ADD ./target/ts-food-delivery-service-1.0.jar /app/
#7 DONE 0.1s

#8 exporting to image
#8 exporting layers
#8 exporting layers 1.4s done
#8 exporting manifest sha256:2341fa57951e14985f8b893e4466eb7fe93ad481772875e97b3d81161ada6f31 done
#8 exporting config sha256:be1e0eee818a16fadbce454b71bfbdbd2b41b46dd9f13daa0f9fe3f2a725be76 done
#8 exporting attestation manifest sha256:fad75bcc185da816ebc3ccc6b3ac4b03dee5ed5978272eac87a439eef3b2abf8 done
#8 exporting manifest list sha256:fe33629cbc27a477364a688e043c3dbdf1e89110da6e7eb28c8cafe3a6807074 done
#8 naming to 1.94.151.57:85/train-ticket/ts-food-delivery-service:1.0.0 done
#8 DONE 1.4s
The push refers to repository [1.94.151.57:85/train-ticket/ts-food-delivery-service]
a583c88cc96f: Waiting
63efd5d9eb50: Waiting
bf554de38321: Waiting
03d91f829f24: Waiting
01d7766a2e4a: Waiting
7fa5470f8d14: Waiting
80ffb99b1b2d: Waiting
fd51d394b192: Waiting
01d7766a2e4a: Waiting
7fa5470f8d14: Waiting
80ffb99b1b2d: Waiting
fd51d394b192: Waiting
a583c88cc96f: Waiting
63efd5d9eb50: Waiting
bf554de38321: Waiting
03d91f829f24: Waiting
80ffb99b1b2d: Waiting
fd51d394b192: Waiting
a583c88cc96f: Waiting
63efd5d9eb50: Waiting
bf554de38321: Waiting
03d91f829f24: Waiting
01d7766a2e4a: Waiting
7fa5470f8d14: Waiting
01d7766a2e4a: Waiting
7fa5470f8d14: Waiting
80ffb99b1b2d: Waiting
fd51d394b192: Waiting
a583c88cc96f: Waiting
63efd5d9eb50: Waiting
bf554de38321: Waiting
03d91f829f24: Waiting
80ffb99b1b2d: Waiting
fd51d394b192: Waiting
a583c88cc96f: Waiting
63efd5d9eb50: Waiting
bf554de38321: Waiting
03d91f829f24: Waiting
01d7766a2e4a: Waiting
7fa5470f8d14: Waiting
7fa5470f8d14: Waiting
80ffb99b1b2d: Waiting
fd51d394b192: Waiting
a583c88cc96f: Waiting
63efd5d9eb50: Waiting
bf554de38321: Waiting
03d91f829f24: Waiting
01d7766a2e4a: Waiting
63efd5d9eb50: Waiting
bf554de38321: Waiting
03d91f829f24: Waiting
01d7766a2e4a: Waiting
7fa5470f8d14: Waiting
80ffb99b1b2d: Waiting
fd51d394b192: Waiting
a583c88cc96f: Waiting
03d91f829f24: Waiting
01d7766a2e4a: Waiting
7fa5470f8d14: Waiting
80ffb99b1b2d: Waiting
fd51d394b192: Waiting
a583c88cc96f: Waiting
63efd5d9eb50: Waiting
bf554de38321: Waiting
a583c88cc96f: Waiting
63efd5d9eb50: Waiting
bf554de38321: Waiting
03d91f829f24: Waiting
01d7766a2e4a: Waiting
7fa5470f8d14: Waiting
80ffb99b1b2d: Waiting
fd51d394b192: Waiting
80ffb99b1b2d: Waiting
fd51d394b192: Waiting
a583c88cc96f: Waiting
63efd5d9eb50: Waiting
bf554de38321: Waiting
03d91f829f24: Waiting
01d7766a2e4a: Waiting
7fa5470f8d14: Waiting
bf554de38321: Waiting
03d91f829f24: Waiting
01d7766a2e4a: Waiting
7fa5470f8d14: Waiting
80ffb99b1b2d: Waiting
fd51d394b192: Waiting
a583c88cc96f: Waiting
63efd5d9eb50: Waiting
a583c88cc96f: Waiting
63efd5d9eb50: Waiting
bf554de38321: Waiting
03d91f829f24: Waiting
01d7766a2e4a: Waiting
7fa5470f8d14: Waiting
80ffb99b1b2d: Waiting
fd51d394b192: Waiting
63efd5d9eb50: Waiting
bf554de38321: Waiting
03d91f829f24: Waiting
01d7766a2e4a: Waiting
7fa5470f8d14: Waiting
80ffb99b1b2d: Waiting
fd51d394b192: Waiting
a583c88cc96f: Waiting
a583c88cc96f: Waiting
63efd5d9eb50: Waiting
bf554de38321: Waiting
03d91f829f24: Waiting
01d7766a2e4a: Waiting
7fa5470f8d14: Waiting
80ffb99b1b2d: Waiting
fd51d394b192: Waiting
03d91f829f24: Waiting
01d7766a2e4a: Waiting
7fa5470f8d14: Waiting
80ffb99b1b2d: Waiting
fd51d394b192: Waiting
a583c88cc96f: Waiting
63efd5d9eb50: Waiting
bf554de38321: Waiting
7fa5470f8d14: Waiting
80ffb99b1b2d: Waiting
fd51d394b192: Waiting
a583c88cc96f: Waiting
63efd5d9eb50: Waiting
bf554de38321: Waiting
03d91f829f24: Waiting
01d7766a2e4a: Waiting
63efd5d9eb50: Waiting
bf554de38321: Waiting
03d91f829f24: Waiting
01d7766a2e4a: Waiting
7fa5470f8d14: Waiting
80ffb99b1b2d: Waiting
fd51d394b192: Waiting
a583c88cc96f: Waiting
80ffb99b1b2d: Waiting
fd51d394b192: Waiting
a583c88cc96f: Waiting
63efd5d9eb50: Waiting
bf554de38321: Waiting
03d91f829f24: Waiting
01d7766a2e4a: Waiting
7fa5470f8d14: Waiting
03d91f829f24: Waiting
01d7766a2e4a: Waiting
7fa5470f8d14: Waiting
80ffb99b1b2d: Waiting
fd51d394b192: Waiting
a583c88cc96f: Waiting
63efd5d9eb50: Waiting
7fa5470f8d14: Waiting
80ffb99b1b2d: Waiting
fd51d394b192: Waiting
a583c88cc96f: Waiting
63efd5d9eb50: Waiting
03d91f829f24: Waiting
01d7766a2e4a: Waiting
01d7766a2e4a: Waiting
7fa5470f8d14: Waiting
80ffb99b1b2d: Waiting
fd51d394b192: Waiting
a583c88cc96f: Waiting
63efd5d9eb50: Waiting
bf554de38321: Pushed
03d91f829f24: Waiting
01d7766a2e4a: Mounted from train-ticket/ts-contacts-service
7fa5470f8d14: Mounted from train-ticket/ts-contacts-service
80ffb99b1b2d: Mounted from train-ticket/ts-contacts-service
fd51d394b192: Mounted from train-ticket/ts-contacts-service
a583c88cc96f: Mounted from train-ticket/ts-contacts-service
63efd5d9eb50: Mounted from train-ticket/ts-contacts-service
03d91f829f24: Pushed
1.0.0: digest: sha256:fe33629cbc27a477364a688e043c3dbdf1e89110da6e7eb28c8cafe3a6807074 size: 856
