#0 building with "desktop-linux" instance using docker driver

#1 [internal] load build definition from Dockerfile
#1 transferring dockerfile: 290B done
#1 DONE 0.0s

#2 [internal] load metadata for docker.io/library/eclipse-temurin:8-jre
#2 DONE 0.0s

#3 [internal] load .dockerignore
#3 transferring context: 2B done
#3 DONE 0.0s

#4 [1/3] FROM docker.io/library/eclipse-temurin:8-jre@sha256:3b307643e9a7bb12b03154c434211ec485446bea7d119559365c06f31e8bbfa1
#4 resolve docker.io/library/eclipse-temurin:8-jre@sha256:3b307643e9a7bb12b03154c434211ec485446bea7d119559365c06f31e8bbfa1 done
#4 DONE 0.0s

#5 [2/3] RUN /bin/cp /usr/share/zoneinfo/Asia/Shanghai /etc/localtime && echo 'Asia/Shanghai' >/etc/timezone
#5 CACHED

#6 [internal] load build context
#6 transferring context: 82.24MB 0.5s done
#6 DONE 0.5s

#7 [3/3] ADD ./target/ts-food-service-1.0.jar /app/
#7 DONE 0.1s

#8 exporting to image
#8 exporting layers
#8 exporting layers 1.2s done
#8 exporting manifest sha256:f1b6426902066d423646c1ac3e82a6a6401c6e83aadd121a71ec1ebb56a00338
#8 exporting manifest sha256:f1b6426902066d423646c1ac3e82a6a6401c6e83aadd121a71ec1ebb56a00338 done
#8 exporting config sha256:9e35ff2b9f15cf597043b72f6a8809dc958ad23a17e7edd7920dd7f550d29627 done
#8 exporting attestation manifest sha256:71cbcd493582070b62d195f4b55934b685f50d693983d50c013cd2847e1a3f90 done
#8 exporting manifest list sha256:f13b22d6c0feeebf8e3f95fd3e41da98cb618c45f571e625d5840bc6a99162e0 done
#8 naming to 1.94.151.57:85/train-ticket/ts-food-service:1.0.0 done
#8 DONE 1.2s
The push refers to repository [1.94.151.57:85/train-ticket/ts-food-service]
fd51d394b192: Waiting
a8a5b4e2952e: Waiting
3539c9de42d0: Waiting
a583c88cc96f: Waiting
80ffb99b1b2d: Waiting
01d7766a2e4a: Waiting
63efd5d9eb50: Waiting
7fa5470f8d14: Waiting
a8a5b4e2952e: Waiting
3539c9de42d0: Waiting
a583c88cc96f: Waiting
80ffb99b1b2d: Waiting
01d7766a2e4a: Waiting
63efd5d9eb50: Waiting
7fa5470f8d14: Waiting
fd51d394b192: Waiting
3539c9de42d0: Waiting
a583c88cc96f: Waiting
80ffb99b1b2d: Waiting
01d7766a2e4a: Waiting
63efd5d9eb50: Waiting
7fa5470f8d14: Waiting
fd51d394b192: Waiting
a8a5b4e2952e: Waiting
01d7766a2e4a: Waiting
63efd5d9eb50: Waiting
7fa5470f8d14: Waiting
fd51d394b192: Waiting
a8a5b4e2952e: Waiting
3539c9de42d0: Waiting
a583c88cc96f: Waiting
80ffb99b1b2d: Waiting
fd51d394b192: Waiting
a8a5b4e2952e: Waiting
3539c9de42d0: Waiting
a583c88cc96f: Waiting
80ffb99b1b2d: Waiting
01d7766a2e4a: Waiting
63efd5d9eb50: Waiting
7fa5470f8d14: Waiting
80ffb99b1b2d: Waiting
01d7766a2e4a: Waiting
63efd5d9eb50: Waiting
7fa5470f8d14: Waiting
fd51d394b192: Waiting
a8a5b4e2952e: Waiting
3539c9de42d0: Waiting
a583c88cc96f: Waiting
80ffb99b1b2d: Waiting
01d7766a2e4a: Waiting
63efd5d9eb50: Waiting
7fa5470f8d14: Waiting
fd51d394b192: Waiting
a8a5b4e2952e: Waiting
3539c9de42d0: Waiting
a583c88cc96f: Waiting
7fa5470f8d14: Waiting
fd51d394b192: Waiting
a583c88cc96f: Waiting
80ffb99b1b2d: Waiting
01d7766a2e4a: Waiting
63efd5d9eb50: Waiting
80ffb99b1b2d: Waiting
01d7766a2e4a: Waiting
63efd5d9eb50: Waiting
7fa5470f8d14: Waiting
fd51d394b192: Waiting
a8a5b4e2952e: Pushed
a583c88cc96f: Waiting
a583c88cc96f: Mounted from train-ticket/ts-contacts-service
80ffb99b1b2d: Mounted from train-ticket/ts-contacts-service
01d7766a2e4a: Waiting
63efd5d9eb50: Waiting
7fa5470f8d14: Waiting
fd51d394b192: Mounted from train-ticket/ts-contacts-service
7fa5470f8d14: Mounted from train-ticket/ts-contacts-service
01d7766a2e4a: Mounted from train-ticket/ts-contacts-service
63efd5d9eb50: Mounted from train-ticket/ts-contacts-service
3539c9de42d0: Pushed
1.0.0: digest: sha256:f13b22d6c0feeebf8e3f95fd3e41da98cb618c45f571e625d5840bc6a99162e0 size: 856
