#0 building with "desktop-linux" instance using docker driver

#1 [internal] load build definition from Dockerfile
#1 transferring dockerfile: 310B done
#1 DONE 0.0s

#2 [internal] load metadata for docker.io/library/eclipse-temurin:8-jre
#2 DONE 0.0s

#3 [internal] load .dockerignore
#3 transferring context: 2B done
#3 DONE 0.0s

#4 [1/3] FROM docker.io/library/eclipse-temurin:8-jre@sha256:3b307643e9a7bb12b03154c434211ec485446bea7d119559365c06f31e8bbfa1
#4 resolve docker.io/library/eclipse-temurin:8-jre@sha256:3b307643e9a7bb12b03154c434211ec485446bea7d119559365c06f31e8bbfa1 0.0s done
#4 DONE 0.0s

#5 [2/3] RUN /bin/cp /usr/share/zoneinfo/Asia/Shanghai /etc/localtime && echo 'Asia/Shanghai' >/etc/timezone
#5 CACHED

#6 [internal] load build context
#6 transferring context: 80.93MB 0.5s done
#6 DONE 0.5s

#7 [3/3] ADD ./target/ts-inside-payment-service-1.0.jar /app/
#7 DONE 0.1s

#8 exporting to image
#8 exporting layers
#8 exporting layers 1.2s done
#8 exporting manifest sha256:fb3eb63dc5ab5c47bd00faed1d805f3ea7a221a8b0aa092ce87163683aa57949 done
#8 exporting config sha256:bab84f9f0fe036ab98df6eaba01e5a1442d683cb293e6e9312aa29933ac0954a done
#8 exporting attestation manifest sha256:b39c8e8bb7d24f085859ca59e4aee09fbda23ae703ba73ac5167b4907d82c60d done
#8 exporting manifest list sha256:54be9ad6e294595615a67889e50355e796759af9d9d480d0ca0d67cbcf95bb40 done
#8 naming to 1.94.151.57:85/train-ticket/ts-inside-payment-service:1.0.0 done
#8 DONE 1.2s
The push refers to repository [1.94.151.57:85/train-ticket/ts-inside-payment-service]
fd51d394b192: Waiting
f61f01b0b218: Waiting
20074adace64: Waiting
01d7766a2e4a: Waiting
7fa5470f8d14: Waiting
a583c88cc96f: Waiting
63efd5d9eb50: Waiting
80ffb99b1b2d: Waiting
20074adace64: Waiting
01d7766a2e4a: Waiting
7fa5470f8d14: Waiting
a583c88cc96f: Waiting
63efd5d9eb50: Waiting
80ffb99b1b2d: Waiting
fd51d394b192: Waiting
f61f01b0b218: Waiting
80ffb99b1b2d: Waiting
fd51d394b192: Waiting
f61f01b0b218: Waiting
20074adace64: Waiting
01d7766a2e4a: Waiting
7fa5470f8d14: Waiting
a583c88cc96f: Waiting
63efd5d9eb50: Waiting
01d7766a2e4a: Waiting
7fa5470f8d14: Waiting
a583c88cc96f: Waiting
63efd5d9eb50: Waiting
80ffb99b1b2d: Waiting
fd51d394b192: Waiting
f61f01b0b218: Waiting
20074adace64: Waiting
f61f01b0b218: Waiting
20074adace64: Waiting
01d7766a2e4a: Waiting
7fa5470f8d14: Waiting
a583c88cc96f: Waiting
63efd5d9eb50: Waiting
80ffb99b1b2d: Waiting
fd51d394b192: Waiting
01d7766a2e4a: Waiting
7fa5470f8d14: Waiting
a583c88cc96f: Waiting
63efd5d9eb50: Waiting
80ffb99b1b2d: Waiting
fd51d394b192: Waiting
f61f01b0b218: Waiting
20074adace64: Waiting
f61f01b0b218: Waiting
20074adace64: Waiting
01d7766a2e4a: Waiting
7fa5470f8d14: Waiting
a583c88cc96f: Waiting
63efd5d9eb50: Waiting
80ffb99b1b2d: Waiting
fd51d394b192: Waiting
a583c88cc96f: Waiting
63efd5d9eb50: Waiting
80ffb99b1b2d: Waiting
fd51d394b192: Waiting
f61f01b0b218: Waiting
20074adace64: Waiting
01d7766a2e4a: Waiting
7fa5470f8d14: Waiting
fd51d394b192: Waiting
f61f01b0b218: Waiting
01d7766a2e4a: Waiting
7fa5470f8d14: Waiting
a583c88cc96f: Waiting
63efd5d9eb50: Waiting
80ffb99b1b2d: Waiting
01d7766a2e4a: Waiting
7fa5470f8d14: Waiting
a583c88cc96f: Waiting
63efd5d9eb50: Waiting
80ffb99b1b2d: Waiting
fd51d394b192: Waiting
f61f01b0b218: Waiting
80ffb99b1b2d: Waiting
fd51d394b192: Waiting
01d7766a2e4a: Waiting
7fa5470f8d14: Mounted from train-ticket/ts-execute-service
a583c88cc96f: Waiting
63efd5d9eb50: Waiting
01d7766a2e4a: Mounted from train-ticket/ts-execute-service
a583c88cc96f: Mounted from train-ticket/ts-execute-service
63efd5d9eb50: Mounted from train-ticket/ts-execute-service
80ffb99b1b2d: Mounted from train-ticket/ts-execute-service
fd51d394b192: Mounted from train-ticket/ts-execute-service
f61f01b0b218: Pushed
20074adace64: Pushed
1.0.0: digest: sha256:54be9ad6e294595615a67889e50355e796759af9d9d480d0ca0d67cbcf95bb40 size: 856
