#0 building with "desktop-linux" instance using docker driver

#1 [1/3] FROM docker.io/library/eclipse-temurin:8-jre@sha256:3b307643e9a7bb12b03154c434211ec485446bea7d119559365c06f31e8bbfa1
#1 resolve docker.io/library/eclipse-temurin:8-jre@sha256:3b307643e9a7bb12b03154c434211ec485446bea7d119559365c06f31e8bbfa1 0.0s done
#1 DONE 0.0s

#2 [2/3] RUN /bin/cp /usr/share/zoneinfo/Asia/Shanghai /etc/localtime && echo 'Asia/Shanghai' >/etc/timezone
#2 CACHED

#3 [internal] load build definition from Dockerfile
#3 transferring dockerfile: 292B done
#3 DONE 0.0s

#4 [internal] load metadata for docker.io/library/eclipse-temurin:8-jre
#4 DONE 0.0s

#5 [internal] load .dockerignore
#5 transferring context: 2B done
#5 DONE 0.0s

#6 [internal] load build context
#6 transferring context: 81.24MB 0.7s done
#6 DONE 0.7s

#7 [3/3] ADD ./target/ts-price-service-1.0.jar /app/
#7 DONE 0.1s

#8 exporting to image
#8 exporting layers
#8 exporting layers 1.5s done
#8 exporting manifest sha256:e5c8feb6fd3654528e687cf5bb05f7d2a7f8a971686a063c47c625dda89b2d6f done
#8 exporting config sha256:7575e2b57db0fef9ba79c8a848f281a82864935e942c8c4174eea501daf9c74a done
#8 exporting attestation manifest sha256:c05ef1d2d131de7a194169cfe298bed0b7aebaecb01d109b4e68900f6f2cabca done
#8 exporting manifest list sha256:707b3bccf09d4486cb97e25cec0e13cb0d656f1b7028f8362c6191028cec382d done
#8 naming to 1.94.151.57:85/train-ticket/ts-price-service:1.0.0 done
#8 DONE 1.5s
The push refers to repository [1.94.151.57:85/train-ticket/ts-price-service]
7fa5470f8d14: Waiting
80ffb99b1b2d: Waiting
fd51d394b192: Waiting
63efd5d9eb50: Waiting
71df986e61ff: Waiting
40f20189860a: Waiting
a583c88cc96f: Waiting
01d7766a2e4a: Waiting
71df986e61ff: Waiting
40f20189860a: Waiting
a583c88cc96f: Waiting
01d7766a2e4a: Waiting
7fa5470f8d14: Waiting
80ffb99b1b2d: Waiting
fd51d394b192: Waiting
63efd5d9eb50: Waiting
80ffb99b1b2d: Waiting
fd51d394b192: Waiting
63efd5d9eb50: Waiting
71df986e61ff: Waiting
40f20189860a: Waiting
a583c88cc96f: Waiting
01d7766a2e4a: Waiting
7fa5470f8d14: Waiting
fd51d394b192: Waiting
63efd5d9eb50: Waiting
71df986e61ff: Waiting
40f20189860a: Waiting
a583c88cc96f: Waiting
01d7766a2e4a: Waiting
7fa5470f8d14: Waiting
80ffb99b1b2d: Waiting
71df986e61ff: Waiting
40f20189860a: Waiting
a583c88cc96f: Waiting
01d7766a2e4a: Waiting
7fa5470f8d14: Waiting
80ffb99b1b2d: Waiting
fd51d394b192: Waiting
63efd5d9eb50: Waiting
40f20189860a: Waiting
a583c88cc96f: Waiting
01d7766a2e4a: Waiting
7fa5470f8d14: Waiting
80ffb99b1b2d: Waiting
fd51d394b192: Waiting
63efd5d9eb50: Waiting
71df986e61ff: Waiting
a583c88cc96f: Waiting
01d7766a2e4a: Waiting
7fa5470f8d14: Waiting
80ffb99b1b2d: Waiting
fd51d394b192: Waiting
63efd5d9eb50: Waiting
71df986e61ff: Waiting
40f20189860a: Waiting
80ffb99b1b2d: Waiting
fd51d394b192: Waiting
63efd5d9eb50: Waiting
a583c88cc96f: Waiting
01d7766a2e4a: Waiting
7fa5470f8d14: Waiting
a583c88cc96f: Waiting
01d7766a2e4a: Waiting
7fa5470f8d14: Waiting
80ffb99b1b2d: Waiting
fd51d394b192: Waiting
63efd5d9eb50: Waiting
71df986e61ff: Pushed
a583c88cc96f: Waiting
01d7766a2e4a: Waiting
7fa5470f8d14: Waiting
80ffb99b1b2d: Waiting
fd51d394b192: Waiting
63efd5d9eb50: Waiting
80ffb99b1b2d: Waiting
fd51d394b192: Waiting
63efd5d9eb50: Waiting
a583c88cc96f: Waiting
01d7766a2e4a: Waiting
7fa5470f8d14: Waiting
7fa5470f8d14: Waiting
80ffb99b1b2d: Waiting
fd51d394b192: Waiting
63efd5d9eb50: Waiting
a583c88cc96f: Waiting
01d7766a2e4a: Waiting
7fa5470f8d14: Waiting
80ffb99b1b2d: Mounted from train-ticket/ts-preserve-other-service
fd51d394b192: Waiting
63efd5d9eb50: Waiting
a583c88cc96f: Waiting
01d7766a2e4a: Mounted from train-ticket/ts-preserve-other-service
7fa5470f8d14: Mounted from train-ticket/ts-preserve-other-service
fd51d394b192: Waiting
63efd5d9eb50: Mounted from train-ticket/ts-preserve-other-service
a583c88cc96f: Mounted from train-ticket/ts-preserve-other-service
fd51d394b192: Mounted from train-ticket/ts-preserve-other-service
40f20189860a: Pushed
1.0.0: digest: sha256:707b3bccf09d4486cb97e25cec0e13cb0d656f1b7028f8362c6191028cec382d size: 856
