#0 building with "desktop-linux" instance using docker driver

#1 [internal] load build definition from Dockerfile
#1 transferring dockerfile: 310B done
#1 DONE 0.0s

#2 [internal] load metadata for docker.io/library/eclipse-temurin:8-jre
#2 DONE 0.0s

#3 [internal] load .dockerignore
#3 transferring context: 2B done
#3 DONE 0.0s

#4 [1/3] FROM docker.io/library/eclipse-temurin:8-jre@sha256:3b307643e9a7bb12b03154c434211ec485446bea7d119559365c06f31e8bbfa1
#4 resolve docker.io/library/eclipse-temurin:8-jre@sha256:3b307643e9a7bb12b03154c434211ec485446bea7d119559365c06f31e8bbfa1 0.0s done
#4 DONE 0.0s

#5 [2/3] RUN /bin/cp /usr/share/zoneinfo/Asia/Shanghai /etc/localtime && echo 'Asia/Shanghai' >/etc/timezone
#5 CACHED

#6 [internal] load build context
#6 transferring context: 63.83MB 0.4s done
#6 DONE 0.4s

#7 [3/3] ADD ./target/ts-preserve-other-service-1.0.jar /app/
#7 DONE 0.1s

#8 exporting to image
#8 exporting layers
#8 exporting layers 0.9s done
#8 exporting manifest sha256:9c9bd6a6383b494301c46d59c8e15ef591c6f032ca15888e534b4e4169a058b2
#8 exporting manifest sha256:9c9bd6a6383b494301c46d59c8e15ef591c6f032ca15888e534b4e4169a058b2 done
#8 exporting config sha256:640deb2648c05c6bcad37b344773224028bff6da0392eee3e1f9bac50e3c2cc5 done
#8 exporting attestation manifest sha256:245b01577dad78f19b7e72b182c2ae21f9b5a30c0b453cc725acbdde29a95a61 done
#8 exporting manifest list sha256:16a1929cbb47f222d0ff0970b138769806c9936d6059b4e889b56c3d0a5a1f5f done
#8 naming to 1.94.151.57:85/train-ticket/ts-preserve-other-service:1.0.0 done
#8 DONE 1.0s
The push refers to repository [1.94.151.57:85/train-ticket/ts-preserve-other-service]
01d7766a2e4a: Waiting
63efd5d9eb50: Waiting
fd51d394b192: Waiting
7fa5470f8d14: Waiting
880d2c67e5c9: Waiting
45d019fbaba3: Waiting
a583c88cc96f: Waiting
80ffb99b1b2d: Waiting
80ffb99b1b2d: Waiting
01d7766a2e4a: Waiting
63efd5d9eb50: Waiting
fd51d394b192: Waiting
7fa5470f8d14: Waiting
880d2c67e5c9: Waiting
45d019fbaba3: Waiting
a583c88cc96f: Waiting
fd51d394b192: Waiting
7fa5470f8d14: Waiting
880d2c67e5c9: Waiting
45d019fbaba3: Waiting
a583c88cc96f: Waiting
80ffb99b1b2d: Waiting
01d7766a2e4a: Waiting
63efd5d9eb50: Waiting
01d7766a2e4a: Waiting
63efd5d9eb50: Waiting
fd51d394b192: Waiting
7fa5470f8d14: Waiting
880d2c67e5c9: Waiting
45d019fbaba3: Waiting
a583c88cc96f: Waiting
80ffb99b1b2d: Waiting
01d7766a2e4a: Waiting
63efd5d9eb50: Waiting
fd51d394b192: Waiting
7fa5470f8d14: Waiting
880d2c67e5c9: Waiting
45d019fbaba3: Waiting
a583c88cc96f: Waiting
80ffb99b1b2d: Waiting
880d2c67e5c9: Waiting
45d019fbaba3: Waiting
a583c88cc96f: Waiting
80ffb99b1b2d: Waiting
01d7766a2e4a: Waiting
63efd5d9eb50: Waiting
fd51d394b192: Waiting
7fa5470f8d14: Waiting
63efd5d9eb50: Waiting
fd51d394b192: Waiting
7fa5470f8d14: Waiting
a583c88cc96f: Waiting
80ffb99b1b2d: Waiting
01d7766a2e4a: Waiting
80ffb99b1b2d: Waiting
01d7766a2e4a: Waiting
63efd5d9eb50: Waiting
fd51d394b192: Waiting
7fa5470f8d14: Waiting
a583c88cc96f: Waiting
880d2c67e5c9: Pushed
a583c88cc96f: Waiting
80ffb99b1b2d: Waiting
01d7766a2e4a: Waiting
63efd5d9eb50: Mounted from train-ticket/ts-inside-payment-service
fd51d394b192: Mounted from train-ticket/ts-inside-payment-service
7fa5470f8d14: Waiting
80ffb99b1b2d: Mounted from train-ticket/ts-inside-payment-service
01d7766a2e4a: Mounted from train-ticket/ts-inside-payment-service
7fa5470f8d14: Mounted from train-ticket/ts-inside-payment-service
a583c88cc96f: Mounted from train-ticket/ts-inside-payment-service
45d019fbaba3: Pushed
1.0.0: digest: sha256:16a1929cbb47f222d0ff0970b138769806c9936d6059b4e889b56c3d0a5a1f5f size: 856
