#0 building with "desktop-linux" instance using docker driver

#1 [internal] load build definition from Dockerfile
#1 transferring dockerfile: 298B done
#1 DONE 0.0s

#2 [internal] load metadata for docker.io/library/eclipse-temurin:8-jre
#2 DONE 0.0s

#3 [internal] load .dockerignore
#3 transferring context: 2B done
#3 DONE 0.0s

#4 [1/3] FROM docker.io/library/eclipse-temurin:8-jre@sha256:3b307643e9a7bb12b03154c434211ec485446bea7d119559365c06f31e8bbfa1
#4 resolve docker.io/library/eclipse-temurin:8-jre@sha256:3b307643e9a7bb12b03154c434211ec485446bea7d119559365c06f31e8bbfa1 0.0s done
#4 DONE 0.0s

#5 [2/3] RUN /bin/cp /usr/share/zoneinfo/Asia/Shanghai /etc/localtime && echo 'Asia/Shanghai' >/etc/timezone
#5 CACHED

#6 [internal] load build context
#6 transferring context: 63.83MB 0.5s done
#6 DONE 0.5s

#7 [3/3] ADD ./target/ts-preserve-service-1.0.jar /app/
#7 DONE 0.1s

#8 exporting to image
#8 exporting layers
#8 exporting layers 1.2s done
#8 exporting manifest sha256:fa3114bce02e964d04cf8d6eae31cc044efeffaa354866c68199dad144e37530
#8 exporting manifest sha256:fa3114bce02e964d04cf8d6eae31cc044efeffaa354866c68199dad144e37530 0.0s done
#8 exporting config sha256:d3ec41c102e34427b2c0d650e8fddbc175f493d76a8a2affe784ba48bab1da24 0.0s done
#8 exporting attestation manifest sha256:d62a64e6edbc99037bf1c8b55823b3d89dd55815c9f78e5ec4ca0cf234b3d98e done
#8 exporting manifest list sha256:bc5fb8b82c7c35f8eb9c72dadf4fb54a7d503b95ec8348539ddf3cf85df32c35 done
#8 naming to 1.94.151.57:85/train-ticket/ts-preserve-service:1.0.0 done
#8 DONE 1.3s
The push refers to repository [1.94.151.57:85/train-ticket/ts-preserve-service]
01d7766a2e4a: Waiting
7fa5470f8d14: Waiting
a583c88cc96f: Waiting
63efd5d9eb50: Waiting
80ffb99b1b2d: Waiting
fd51d394b192: Waiting
d91fea20cebe: Waiting
2ab0b2e938b5: Waiting
01d7766a2e4a: Waiting
7fa5470f8d14: Waiting
a583c88cc96f: Waiting
63efd5d9eb50: Waiting
80ffb99b1b2d: Waiting
fd51d394b192: Waiting
d91fea20cebe: Waiting
2ab0b2e938b5: Waiting
fd51d394b192: Waiting
d91fea20cebe: Waiting
2ab0b2e938b5: Waiting
01d7766a2e4a: Waiting
7fa5470f8d14: Waiting
a583c88cc96f: Waiting
63efd5d9eb50: Waiting
80ffb99b1b2d: Waiting
2ab0b2e938b5: Waiting
01d7766a2e4a: Waiting
7fa5470f8d14: Waiting
a583c88cc96f: Waiting
63efd5d9eb50: Waiting
80ffb99b1b2d: Waiting
fd51d394b192: Waiting
d91fea20cebe: Waiting
a583c88cc96f: Waiting
63efd5d9eb50: Waiting
80ffb99b1b2d: Waiting
fd51d394b192: Waiting
d91fea20cebe: Waiting
2ab0b2e938b5: Waiting
01d7766a2e4a: Waiting
7fa5470f8d14: Waiting
a583c88cc96f: Waiting
63efd5d9eb50: Waiting
80ffb99b1b2d: Waiting
fd51d394b192: Waiting
d91fea20cebe: Waiting
2ab0b2e938b5: Waiting
01d7766a2e4a: Waiting
7fa5470f8d14: Waiting
80ffb99b1b2d: Waiting
fd51d394b192: Waiting
d91fea20cebe: Waiting
2ab0b2e938b5: Waiting
01d7766a2e4a: Waiting
7fa5470f8d14: Waiting
a583c88cc96f: Waiting
63efd5d9eb50: Waiting
80ffb99b1b2d: Waiting
fd51d394b192: Waiting
01d7766a2e4a: Waiting
7fa5470f8d14: Waiting
a583c88cc96f: Waiting
63efd5d9eb50: Waiting
fd51d394b192: Waiting
d91fea20cebe: Pushed
01d7766a2e4a: Waiting
7fa5470f8d14: Waiting
a583c88cc96f: Waiting
63efd5d9eb50: Waiting
80ffb99b1b2d: Waiting
01d7766a2e4a: Mounted from train-ticket/ts-preserve-other-service
7fa5470f8d14: Mounted from train-ticket/ts-preserve-other-service
a583c88cc96f: Mounted from train-ticket/ts-preserve-other-service
63efd5d9eb50: Mounted from train-ticket/ts-preserve-other-service
80ffb99b1b2d: Mounted from train-ticket/ts-preserve-other-service
fd51d394b192: Mounted from train-ticket/ts-preserve-other-service
2ab0b2e938b5: Pushed
1.0.0: digest: sha256:bc5fb8b82c7c35f8eb9c72dadf4fb54a7d503b95ec8348539ddf3cf85df32c35 size: 856
