#0 building with "desktop-linux" instance using docker driver

#1 [internal] load build definition from Dockerfile
#1 transferring dockerfile: 302B done
#1 DONE 0.0s

#2 [internal] load metadata for docker.io/library/eclipse-temurin:8-jre
#2 DONE 0.0s

#3 [internal] load .dockerignore
#3 transferring context: 2B done
#3 DONE 0.0s

#4 [1/3] FROM docker.io/library/eclipse-temurin:8-jre@sha256:3b307643e9a7bb12b03154c434211ec485446bea7d119559365c06f31e8bbfa1
#4 resolve docker.io/library/eclipse-temurin:8-jre@sha256:3b307643e9a7bb12b03154c434211ec485446bea7d119559365c06f31e8bbfa1 done
#4 DONE 0.0s

#5 [2/3] RUN /bin/cp /usr/share/zoneinfo/Asia/Shanghai /etc/localtime && echo 'Asia/Shanghai' >/etc/timezone
#5 CACHED

#6 [internal] load build context
#6 transferring context: 62.50MB 0.4s done
#6 DONE 0.4s

#7 [3/3] ADD ./target/ts-route-plan-service-1.0.jar /app/
#7 DONE 0.1s

#8 exporting to image
#8 exporting layers
#8 exporting layers 0.9s done
#8 exporting manifest sha256:ed353e7112bb8c03d8f800c37068bbab314f604e49db8fb805bb00df4cedae27
#8 exporting manifest sha256:ed353e7112bb8c03d8f800c37068bbab314f604e49db8fb805bb00df4cedae27 done
#8 exporting config sha256:6d0611b11f2fb7cb893812a2e1b9924d3d72ae565571b7eb090303d40f7395f5 done
#8 exporting attestation manifest sha256:4001f54612e94310b4b44c51155950d5ceb3bb2a2cebdc946814e92535eca04e done
#8 exporting manifest list sha256:a507ee35de462a804b188afc555c8931b30977d9432687df26e75906badb179f done
#8 naming to 1.94.151.57:85/train-ticket/ts-route-plan-service:1.0.0 done
#8 DONE 1.0s
The push refers to repository [1.94.151.57:85/train-ticket/ts-route-plan-service]
97071e4d97a8: Waiting
d24f3c280b97: Waiting
01d7766a2e4a: Waiting
7fa5470f8d14: Waiting
a583c88cc96f: Waiting
63efd5d9eb50: Waiting
80ffb99b1b2d: Waiting
fd51d394b192: Waiting
fd51d394b192: Waiting
97071e4d97a8: Waiting
d24f3c280b97: Waiting
01d7766a2e4a: Waiting
7fa5470f8d14: Waiting
a583c88cc96f: Waiting
63efd5d9eb50: Waiting
80ffb99b1b2d: Waiting
fd51d394b192: Waiting
97071e4d97a8: Waiting
d24f3c280b97: Waiting
01d7766a2e4a: Waiting
7fa5470f8d14: Waiting
a583c88cc96f: Waiting
63efd5d9eb50: Waiting
80ffb99b1b2d: Waiting
d24f3c280b97: Waiting
01d7766a2e4a: Waiting
7fa5470f8d14: Waiting
a583c88cc96f: Waiting
63efd5d9eb50: Waiting
80ffb99b1b2d: Waiting
fd51d394b192: Waiting
97071e4d97a8: Waiting
7fa5470f8d14: Waiting
a583c88cc96f: Waiting
63efd5d9eb50: Waiting
80ffb99b1b2d: Waiting
fd51d394b192: Waiting
97071e4d97a8: Waiting
d24f3c280b97: Waiting
01d7766a2e4a: Waiting
a583c88cc96f: Waiting
63efd5d9eb50: Waiting
80ffb99b1b2d: Waiting
fd51d394b192: Waiting
97071e4d97a8: Waiting
d24f3c280b97: Waiting
01d7766a2e4a: Waiting
7fa5470f8d14: Waiting
80ffb99b1b2d: Waiting
fd51d394b192: Waiting
97071e4d97a8: Waiting
d24f3c280b97: Waiting
01d7766a2e4a: Waiting
7fa5470f8d14: Waiting
a583c88cc96f: Waiting
63efd5d9eb50: Waiting
7fa5470f8d14: Waiting
a583c88cc96f: Waiting
63efd5d9eb50: Waiting
80ffb99b1b2d: Waiting
fd51d394b192: Waiting
97071e4d97a8: Waiting
d24f3c280b97: Waiting
01d7766a2e4a: Waiting
97071e4d97a8: Waiting
d24f3c280b97: Waiting
01d7766a2e4a: Waiting
7fa5470f8d14: Waiting
a583c88cc96f: Waiting
63efd5d9eb50: Waiting
80ffb99b1b2d: Waiting
fd51d394b192: Waiting
d24f3c280b97: Waiting
01d7766a2e4a: Waiting
7fa5470f8d14: Waiting
a583c88cc96f: Waiting
63efd5d9eb50: Waiting
80ffb99b1b2d: Waiting
fd51d394b192: Waiting
97071e4d97a8: Waiting
d24f3c280b97: Waiting
01d7766a2e4a: Waiting
7fa5470f8d14: Waiting
a583c88cc96f: Waiting
63efd5d9eb50: Waiting
80ffb99b1b2d: Waiting
fd51d394b192: Waiting
97071e4d97a8: Waiting
fd51d394b192: Waiting
d24f3c280b97: Waiting
01d7766a2e4a: Waiting
7fa5470f8d14: Waiting
a583c88cc96f: Waiting
63efd5d9eb50: Waiting
80ffb99b1b2d: Waiting
7fa5470f8d14: Waiting
a583c88cc96f: Waiting
63efd5d9eb50: Waiting
80ffb99b1b2d: Waiting
fd51d394b192: Waiting
d24f3c280b97: Waiting
01d7766a2e4a: Waiting
fd51d394b192: Waiting
97071e4d97a8: Pushed
01d7766a2e4a: Waiting
7fa5470f8d14: Waiting
a583c88cc96f: Waiting
63efd5d9eb50: Waiting
80ffb99b1b2d: Waiting
80ffb99b1b2d: Mounted from train-ticket/ts-rebook-service
fd51d394b192: Mounted from train-ticket/ts-rebook-service
01d7766a2e4a: Mounted from train-ticket/ts-rebook-service
7fa5470f8d14: Mounted from train-ticket/ts-rebook-service
a583c88cc96f: Mounted from train-ticket/ts-rebook-service
63efd5d9eb50: Mounted from train-ticket/ts-rebook-service
d24f3c280b97: Pushed
1.0.0: digest: sha256:a507ee35de462a804b188afc555c8931b30977d9432687df26e75906badb179f size: 856
