#0 building with "desktop-linux" instance using docker driver

#1 [internal] load build definition from Dockerfile
#1 transferring dockerfile: 292B done
#1 DONE 0.0s

#2 [internal] load metadata for docker.io/library/eclipse-temurin:8-jre
#2 DONE 0.0s

#3 [internal] load .dockerignore
#3 transferring context: 2B done
#3 DONE 0.0s

#4 [1/3] FROM docker.io/library/eclipse-temurin:8-jre@sha256:3b307643e9a7bb12b03154c434211ec485446bea7d119559365c06f31e8bbfa1
#4 resolve docker.io/library/eclipse-temurin:8-jre@sha256:3b307643e9a7bb12b03154c434211ec485446bea7d119559365c06f31e8bbfa1 done
#4 DONE 0.0s

#5 [2/3] RUN /bin/cp /usr/share/zoneinfo/Asia/Shanghai /etc/localtime && echo 'Asia/Shanghai' >/etc/timezone
#5 CACHED

#6 [internal] load build context
#6 transferring context: 80.92MB 0.5s done
#6 DONE 0.6s

#7 [3/3] ADD ./target/ts-route-service-1.0.jar /app/
#7 DONE 0.1s

#8 exporting to image
#8 exporting layers
#8 exporting layers 1.2s done
#8 exporting manifest sha256:487ccde4d5eeeac0af8e6fd9b423f5e0e903598e9735e22efafce78ea77222c3
#8 exporting manifest sha256:487ccde4d5eeeac0af8e6fd9b423f5e0e903598e9735e22efafce78ea77222c3 done
#8 exporting config sha256:9eeff3884e906f57fdc294c2165db0bc3465152dac03eef14b358399fc854c4d done
#8 exporting attestation manifest sha256:050ab44306ac7e3ea97ff72c6e4baae2af08919a32178053dd516f244fce91cc done
#8 exporting manifest list sha256:4b0e245fad55d1c655f73f16caf9f4d90b71f2f6e4258e29797fc5635f29649f done
#8 naming to 1.94.151.57:85/train-ticket/ts-route-service:1.0.0 done
#8 DONE 1.2s
The push refers to repository [1.94.151.57:85/train-ticket/ts-route-service]
80ffb99b1b2d: Waiting
01d7766a2e4a: Waiting
7fa5470f8d14: Waiting
a583c88cc96f: Waiting
f2369f015461: Waiting
b0673d5bbd5b: Waiting
63efd5d9eb50: Waiting
fd51d394b192: Waiting
01d7766a2e4a: Waiting
7fa5470f8d14: Waiting
a583c88cc96f: Waiting
f2369f015461: Waiting
b0673d5bbd5b: Waiting
63efd5d9eb50: Waiting
fd51d394b192: Waiting
80ffb99b1b2d: Waiting
f2369f015461: Waiting
b0673d5bbd5b: Waiting
63efd5d9eb50: Waiting
fd51d394b192: Waiting
80ffb99b1b2d: Waiting
01d7766a2e4a: Waiting
7fa5470f8d14: Waiting
a583c88cc96f: Waiting
80ffb99b1b2d: Waiting
01d7766a2e4a: Waiting
7fa5470f8d14: Waiting
a583c88cc96f: Waiting
f2369f015461: Waiting
b0673d5bbd5b: Waiting
63efd5d9eb50: Waiting
fd51d394b192: Waiting
80ffb99b1b2d: Waiting
01d7766a2e4a: Waiting
7fa5470f8d14: Waiting
a583c88cc96f: Waiting
f2369f015461: Waiting
b0673d5bbd5b: Waiting
63efd5d9eb50: Waiting
fd51d394b192: Waiting
f2369f015461: Waiting
b0673d5bbd5b: Waiting
63efd5d9eb50: Waiting
fd51d394b192: Waiting
80ffb99b1b2d: Waiting
01d7766a2e4a: Waiting
7fa5470f8d14: Waiting
a583c88cc96f: Waiting
63efd5d9eb50: Waiting
fd51d394b192: Waiting
80ffb99b1b2d: Waiting
01d7766a2e4a: Waiting
7fa5470f8d14: Waiting
a583c88cc96f: Waiting
f2369f015461: Waiting
b0673d5bbd5b: Waiting
80ffb99b1b2d: Waiting
01d7766a2e4a: Waiting
7fa5470f8d14: Waiting
a583c88cc96f: Waiting
63efd5d9eb50: Waiting
fd51d394b192: Waiting
63efd5d9eb50: Waiting
fd51d394b192: Waiting
80ffb99b1b2d: Waiting
01d7766a2e4a: Waiting
7fa5470f8d14: Waiting
a583c88cc96f: Waiting
01d7766a2e4a: Waiting
7fa5470f8d14: Mounted from train-ticket/ts-rebook-service
a583c88cc96f: Waiting
63efd5d9eb50: Waiting
fd51d394b192: Waiting
80ffb99b1b2d: Waiting
a583c88cc96f: Mounted from train-ticket/ts-rebook-service
63efd5d9eb50: Mounted from train-ticket/ts-rebook-service
fd51d394b192: Mounted from train-ticket/ts-rebook-service
80ffb99b1b2d: Mounted from train-ticket/ts-rebook-service
01d7766a2e4a: Mounted from train-ticket/ts-rebook-service
failed to copy: failed to do request: Put "http://1.94.151.57:85/v2/train-ticket/ts-route-service/blobs/uploads/40b14ec1-8dec-472b-9cd3-1ce65f61bb0b?_state=n2lDe2rAhDwu0LH4RNl7RRe3Lx0RrTeLE1A3E3yyqDZ7Ik5hbWUiOiJ0cmFpbi10aWNrZXQvdHMtcm91dGUtc2VydmljZSIsIlVVSUQiOiI0MGIxNGVjMS04ZGVjLTQ3MmItOWNkMy0xY2U2NWY2MWJiMGIiLCJPZmZzZXQiOjAsIlN0YXJ0ZWRBdCI6IjIwMjYtMDMtMTVUMTA6MDE6MDIuMzY4OTI5MThaIn0%3D&digest=sha256%3Af2369f015461eab1bccb6d538aa6cc545065a9cb394f0a396671787e80101a60": proxyconnect tcp: dial tcp 192.168.65.1:3128: i/o timeout
