#0 building with "desktop-linux" instance using docker driver

#1 [internal] load build definition from Dockerfile
#1 transferring dockerfile: 290B done
#1 DONE 0.0s

#2 [internal] load metadata for docker.io/library/eclipse-temurin:8-jre
#2 DONE 0.0s

#3 [internal] load .dockerignore
#3 transferring context: 2B done
#3 DONE 0.0s

#4 [1/3] FROM docker.io/library/eclipse-temurin:8-jre@sha256:3b307643e9a7bb12b03154c434211ec485446bea7d119559365c06f31e8bbfa1
#4 resolve docker.io/library/eclipse-temurin:8-jre@sha256:3b307643e9a7bb12b03154c434211ec485446bea7d119559365c06f31e8bbfa1 0.0s done
#4 DONE 0.0s

#5 [2/3] RUN /bin/cp /usr/share/zoneinfo/Asia/Shanghai /etc/localtime && echo 'Asia/Shanghai' >/etc/timezone
#5 CACHED

#6 [internal] load build context
#6 transferring context: 62.50MB 0.4s done
#6 DONE 0.4s

#7 [3/3] ADD ./target/ts-seat-service-1.0.jar /app/
#7 DONE 0.1s

#8 exporting to image
#8 exporting layers
#8 exporting layers 1.0s done
#8 exporting manifest sha256:107e8bd90977c5e8a7b657b363424a6fe8047769f85b2b08f97458dff793acef done
#8 exporting config sha256:c17622944878bbee2c0d5d4af3b0d01e74a6d534a21e888f1914ba08f4fe235c done
#8 exporting attestation manifest sha256:8296d182cb3b94b7feb2fbf8c435433cfaaef23b0b76fb9b7b9fe008ade7534e done
#8 exporting manifest list sha256:03b7b74cf663522d90babd987a33ee98a5fb78689fbfa4d925570b8b1c8a7736 done
#8 naming to 1.94.151.57:85/train-ticket/ts-seat-service:1.0.0 done
#8 DONE 1.1s
The push refers to repository [1.94.151.57:85/train-ticket/ts-seat-service]
7fa5470f8d14: Waiting
80ffb99b1b2d: Waiting
63efd5d9eb50: Waiting
fd51d394b192: Waiting
8b22929f28c9: Waiting
0c4863e7b4f1: Waiting
a583c88cc96f: Waiting
01d7766a2e4a: Waiting
63efd5d9eb50: Waiting
fd51d394b192: Waiting
8b22929f28c9: Waiting
0c4863e7b4f1: Waiting
a583c88cc96f: Waiting
01d7766a2e4a: Waiting
7fa5470f8d14: Waiting
80ffb99b1b2d: Waiting
fd51d394b192: Waiting
8b22929f28c9: Waiting
0c4863e7b4f1: Waiting
a583c88cc96f: Waiting
01d7766a2e4a: Waiting
7fa5470f8d14: Waiting
80ffb99b1b2d: Waiting
63efd5d9eb50: Waiting
8b22929f28c9: Waiting
0c4863e7b4f1: Waiting
a583c88cc96f: Waiting
01d7766a2e4a: Waiting
7fa5470f8d14: Waiting
80ffb99b1b2d: Waiting
63efd5d9eb50: Waiting
fd51d394b192: Waiting
01d7766a2e4a: Waiting
7fa5470f8d14: Waiting
80ffb99b1b2d: Waiting
63efd5d9eb50: Waiting
fd51d394b192: Waiting
8b22929f28c9: Waiting
0c4863e7b4f1: Waiting
a583c88cc96f: Waiting
0c4863e7b4f1: Waiting
a583c88cc96f: Waiting
01d7766a2e4a: Waiting
7fa5470f8d14: Waiting
80ffb99b1b2d: Waiting
63efd5d9eb50: Waiting
fd51d394b192: Waiting
8b22929f28c9: Waiting
80ffb99b1b2d: Waiting
63efd5d9eb50: Waiting
fd51d394b192: Waiting
8b22929f28c9: Waiting
0c4863e7b4f1: Waiting
a583c88cc96f: Waiting
01d7766a2e4a: Waiting
7fa5470f8d14: Waiting
63efd5d9eb50: Waiting
fd51d394b192: Waiting
8b22929f28c9: Waiting
0c4863e7b4f1: Waiting
a583c88cc96f: Waiting
01d7766a2e4a: Waiting
7fa5470f8d14: Waiting
80ffb99b1b2d: Waiting
80ffb99b1b2d: Waiting
63efd5d9eb50: Waiting
fd51d394b192: Waiting
8b22929f28c9: Waiting
0c4863e7b4f1: Waiting
a583c88cc96f: Waiting
01d7766a2e4a: Waiting
7fa5470f8d14: Waiting
0c4863e7b4f1: Waiting
a583c88cc96f: Waiting
01d7766a2e4a: Waiting
7fa5470f8d14: Waiting
80ffb99b1b2d: Waiting
63efd5d9eb50: Waiting
fd51d394b192: Waiting
8b22929f28c9: Waiting
7fa5470f8d14: Waiting
80ffb99b1b2d: Waiting
63efd5d9eb50: Waiting
fd51d394b192: Waiting
0c4863e7b4f1: Waiting
a583c88cc96f: Waiting
01d7766a2e4a: Waiting
0c4863e7b4f1: Waiting
a583c88cc96f: Waiting
01d7766a2e4a: Waiting
7fa5470f8d14: Waiting
80ffb99b1b2d: Waiting
63efd5d9eb50: Waiting
fd51d394b192: Waiting
8b22929f28c9: Pushed
fd51d394b192: Mounted from train-ticket/ts-rebook-service
0c4863e7b4f1: Waiting
a583c88cc96f: Mounted from train-ticket/ts-rebook-service
01d7766a2e4a: Mounted from train-ticket/ts-rebook-service
7fa5470f8d14: Waiting
80ffb99b1b2d: Mounted from train-ticket/ts-rebook-service
63efd5d9eb50: Mounted from train-ticket/ts-rebook-service
7fa5470f8d14: Waiting
0c4863e7b4f1: Waiting
0c4863e7b4f1: Waiting
7fa5470f8d14: Waiting
7fa5470f8d14: Waiting
0c4863e7b4f1: Waiting
0c4863e7b4f1: Waiting
7fa5470f8d14: Waiting
0c4863e7b4f1: Waiting
7fa5470f8d14: Waiting
7fa5470f8d14: Waiting
0c4863e7b4f1: Waiting
0c4863e7b4f1: Waiting
7fa5470f8d14: Waiting
7fa5470f8d14: Waiting
0c4863e7b4f1: Waiting
0c4863e7b4f1: Waiting
7fa5470f8d14: Waiting
7fa5470f8d14: Waiting
0c4863e7b4f1: Waiting
0c4863e7b4f1: Waiting
7fa5470f8d14: Waiting
7fa5470f8d14: Waiting
0c4863e7b4f1: Waiting
7fa5470f8d14: Waiting
0c4863e7b4f1: Waiting
7fa5470f8d14: Waiting
0c4863e7b4f1: Waiting
7fa5470f8d14: Waiting
0c4863e7b4f1: Waiting
7fa5470f8d14: Waiting
0c4863e7b4f1: Waiting
7fa5470f8d14: Waiting
0c4863e7b4f1: Waiting
7fa5470f8d14: Waiting
0c4863e7b4f1: Waiting
0c4863e7b4f1: Waiting
7fa5470f8d14: Waiting
0c4863e7b4f1: Waiting
7fa5470f8d14: Waiting
0c4863e7b4f1: Waiting
7fa5470f8d14: Waiting
0c4863e7b4f1: Waiting
7fa5470f8d14: Waiting
0c4863e7b4f1: Waiting
7fa5470f8d14: Waiting
0c4863e7b4f1: Waiting
7fa5470f8d14: Waiting
7fa5470f8d14: Waiting
0c4863e7b4f1: Waiting
7fa5470f8d14: Waiting
0c4863e7b4f1: Waiting
0c4863e7b4f1: Waiting
7fa5470f8d14: Waiting
0c4863e7b4f1: Waiting
7fa5470f8d14: Waiting
0c4863e7b4f1: Waiting
7fa5470f8d14: Waiting
7fa5470f8d14: Waiting
0c4863e7b4f1: Waiting
7fa5470f8d14: Waiting
0c4863e7b4f1: Waiting
0c4863e7b4f1: Waiting
7fa5470f8d14: Waiting
0c4863e7b4f1: Waiting
7fa5470f8d14: Waiting
7fa5470f8d14: Waiting
0c4863e7b4f1: Waiting
0c4863e7b4f1: Waiting
7fa5470f8d14: Waiting
7fa5470f8d14: Waiting
0c4863e7b4f1: Waiting
0c4863e7b4f1: Waiting
7fa5470f8d14: Waiting
0c4863e7b4f1: Waiting
7fa5470f8d14: Waiting
0c4863e7b4f1: Waiting
7fa5470f8d14: Waiting
7fa5470f8d14: Waiting
0c4863e7b4f1: Waiting
0c4863e7b4f1: Waiting
7fa5470f8d14: Waiting
7fa5470f8d14: Waiting
0c4863e7b4f1: Waiting
0c4863e7b4f1: Waiting
7fa5470f8d14: Waiting
7fa5470f8d14: Waiting
0c4863e7b4f1: Waiting
7fa5470f8d14: Waiting
0c4863e7b4f1: Waiting
0c4863e7b4f1: Waiting
7fa5470f8d14: Waiting
7fa5470f8d14: Waiting
0c4863e7b4f1: Waiting
7fa5470f8d14: Waiting
0c4863e7b4f1: Waiting
0c4863e7b4f1: Waiting
7fa5470f8d14: Waiting
7fa5470f8d14: Waiting
0c4863e7b4f1: Waiting
0c4863e7b4f1: Waiting
7fa5470f8d14: Waiting
0c4863e7b4f1: Waiting
7fa5470f8d14: Waiting
7fa5470f8d14: Waiting
0c4863e7b4f1: Waiting
7fa5470f8d14: Waiting
0c4863e7b4f1: Waiting
0c4863e7b4f1: Waiting
7fa5470f8d14: Waiting
7fa5470f8d14: Waiting
0c4863e7b4f1: Waiting
0c4863e7b4f1: Waiting
7fa5470f8d14: Waiting
7fa5470f8d14: Waiting
0c4863e7b4f1: Waiting
0c4863e7b4f1: Waiting
7fa5470f8d14: Waiting
0c4863e7b4f1: Waiting
7fa5470f8d14: Waiting
0c4863e7b4f1: Waiting
7fa5470f8d14: Waiting
0c4863e7b4f1: Waiting
7fa5470f8d14: Waiting
0c4863e7b4f1: Waiting
7fa5470f8d14: Waiting
7fa5470f8d14: Waiting
0c4863e7b4f1: Waiting
7fa5470f8d14: Waiting
0c4863e7b4f1: Waiting
0c4863e7b4f1: Waiting
7fa5470f8d14: Waiting
7fa5470f8d14: Waiting
0c4863e7b4f1: Waiting
0c4863e7b4f1: Waiting
7fa5470f8d14: Waiting
0c4863e7b4f1: Waiting
7fa5470f8d14: Waiting
0c4863e7b4f1: Waiting
7fa5470f8d14: Waiting
0c4863e7b4f1: Waiting
7fa5470f8d14: Waiting
7fa5470f8d14: Waiting
0c4863e7b4f1: Waiting
7fa5470f8d14: Waiting
0c4863e7b4f1: Waiting
7fa5470f8d14: Waiting
0c4863e7b4f1: Waiting
0c4863e7b4f1: Waiting
7fa5470f8d14: Waiting
0c4863e7b4f1: Waiting
7fa5470f8d14: Waiting
0c4863e7b4f1: Waiting
7fa5470f8d14: Waiting
0c4863e7b4f1: Waiting
7fa5470f8d14: Waiting
0c4863e7b4f1: Waiting
7fa5470f8d14: Waiting
7fa5470f8d14: Waiting
0c4863e7b4f1: Waiting
7fa5470f8d14: Waiting
0c4863e7b4f1: Waiting
0c4863e7b4f1: Waiting
7fa5470f8d14: Waiting
7fa5470f8d14: Waiting
0c4863e7b4f1: Waiting
0c4863e7b4f1: Waiting
7fa5470f8d14: Waiting
0c4863e7b4f1: Waiting
7fa5470f8d14: Waiting
0c4863e7b4f1: Waiting
7fa5470f8d14: Waiting
7fa5470f8d14: Waiting
0c4863e7b4f1: Waiting
0c4863e7b4f1: Waiting
7fa5470f8d14: Waiting
7fa5470f8d14: Waiting
0c4863e7b4f1: Waiting
0c4863e7b4f1: Waiting
7fa5470f8d14: Waiting
0c4863e7b4f1: Waiting
7fa5470f8d14: Waiting
0c4863e7b4f1: Waiting
7fa5470f8d14: Waiting
7fa5470f8d14: Waiting
0c4863e7b4f1: Waiting
7fa5470f8d14: Waiting
0c4863e7b4f1: Waiting
0c4863e7b4f1: Waiting
7fa5470f8d14: Waiting
0c4863e7b4f1: Waiting
7fa5470f8d14: Waiting
0c4863e7b4f1: Waiting
7fa5470f8d14: Waiting
7fa5470f8d14: Waiting
0c4863e7b4f1: Waiting
7fa5470f8d14: Waiting
0c4863e7b4f1: Waiting
0c4863e7b4f1: Waiting
7fa5470f8d14: Waiting
7fa5470f8d14: Waiting
0c4863e7b4f1: Waiting
7fa5470f8d14: Waiting
0c4863e7b4f1: Waiting
0c4863e7b4f1: Waiting
7fa5470f8d14: Waiting
7fa5470f8d14: Waiting
0c4863e7b4f1: Waiting
0c4863e7b4f1: Waiting
7fa5470f8d14: Waiting
7fa5470f8d14: Waiting
0c4863e7b4f1: Waiting
0c4863e7b4f1: Waiting
7fa5470f8d14: Waiting
0c4863e7b4f1: Waiting
7fa5470f8d14: Waiting
7fa5470f8d14: Waiting
0c4863e7b4f1: Waiting
7fa5470f8d14: Waiting
0c4863e7b4f1: Waiting
0c4863e7b4f1: Waiting
7fa5470f8d14: Waiting
0c4863e7b4f1: Waiting
7fa5470f8d14: Waiting
0c4863e7b4f1: Waiting
7fa5470f8d14: Waiting
0c4863e7b4f1: Waiting
7fa5470f8d14: Waiting
0c4863e7b4f1: Waiting
7fa5470f8d14: Waiting
7fa5470f8d14: Waiting
0c4863e7b4f1: Waiting
0c4863e7b4f1: Waiting
7fa5470f8d14: Waiting
0c4863e7b4f1: Waiting
7fa5470f8d14: Waiting
7fa5470f8d14: Waiting
0c4863e7b4f1: Waiting
0c4863e7b4f1: Waiting
7fa5470f8d14: Waiting
0c4863e7b4f1: Waiting
7fa5470f8d14: Waiting
0c4863e7b4f1: Waiting
7fa5470f8d14: Waiting
0c4863e7b4f1: Waiting
7fa5470f8d14: Waiting
7fa5470f8d14: Waiting
0c4863e7b4f1: Waiting
0c4863e7b4f1: Waiting
7fa5470f8d14: Waiting
0c4863e7b4f1: Waiting
7fa5470f8d14: Waiting
0c4863e7b4f1: Waiting
7fa5470f8d14: Waiting
0c4863e7b4f1: Waiting
7fa5470f8d14: Waiting
0c4863e7b4f1: Waiting
7fa5470f8d14: Waiting
0c4863e7b4f1: Waiting
7fa5470f8d14: Waiting
7fa5470f8d14: Waiting
0c4863e7b4f1: Waiting
0c4863e7b4f1: Waiting
7fa5470f8d14: Waiting
0c4863e7b4f1: Waiting
7fa5470f8d14: Waiting
7fa5470f8d14: Waiting
0c4863e7b4f1: Waiting
0c4863e7b4f1: Waiting
7fa5470f8d14: Waiting
0c4863e7b4f1: Waiting
7fa5470f8d14: Waiting
7fa5470f8d14: Waiting
0c4863e7b4f1: Waiting
0c4863e7b4f1: Waiting
7fa5470f8d14: Waiting
0c4863e7b4f1: Waiting
7fa5470f8d14: Waiting
7fa5470f8d14: Waiting
0c4863e7b4f1: Waiting
7fa5470f8d14: Waiting
0c4863e7b4f1: Waiting
0c4863e7b4f1: Waiting
7fa5470f8d14: Waiting
7fa5470f8d14: Waiting
0c4863e7b4f1: Waiting
7fa5470f8d14: Waiting
0c4863e7b4f1: Waiting
7fa5470f8d14: Waiting
0c4863e7b4f1: Waiting
0c4863e7b4f1: Waiting
7fa5470f8d14: Waiting
7fa5470f8d14: Waiting
0c4863e7b4f1: Waiting
7fa5470f8d14: Waiting
0c4863e7b4f1: Waiting
0c4863e7b4f1: Waiting
7fa5470f8d14: Waiting
0c4863e7b4f1: Waiting
7fa5470f8d14: Waiting
0c4863e7b4f1: Waiting
7fa5470f8d14: Waiting
0c4863e7b4f1: Waiting
7fa5470f8d14: Waiting
0c4863e7b4f1: Waiting
7fa5470f8d14: Waiting
0c4863e7b4f1: Waiting
7fa5470f8d14: Waiting
0c4863e7b4f1: Waiting
7fa5470f8d14: Waiting
7fa5470f8d14: Waiting
0c4863e7b4f1: Waiting
0c4863e7b4f1: Waiting
7fa5470f8d14: Waiting
0c4863e7b4f1: Waiting
7fa5470f8d14: Waiting
7fa5470f8d14: Waiting
0c4863e7b4f1: Waiting
0c4863e7b4f1: Waiting
7fa5470f8d14: Waiting
7fa5470f8d14: Waiting
0c4863e7b4f1: Waiting
7fa5470f8d14: Waiting
0c4863e7b4f1: Waiting
7fa5470f8d14: Waiting
0c4863e7b4f1: Waiting
0c4863e7b4f1: Waiting
7fa5470f8d14: Waiting
7fa5470f8d14: Waiting
0c4863e7b4f1: Waiting
0c4863e7b4f1: Waiting
7fa5470f8d14: Waiting
0c4863e7b4f1: Waiting
7fa5470f8d14: Waiting
0c4863e7b4f1: Waiting
7fa5470f8d14: Waiting
7fa5470f8d14: Waiting
0c4863e7b4f1: Waiting
7fa5470f8d14: Waiting
0c4863e7b4f1: Waiting
0c4863e7b4f1: Waiting
7fa5470f8d14: Waiting
0c4863e7b4f1: Waiting
7fa5470f8d14: Waiting
7fa5470f8d14: Waiting
0c4863e7b4f1: Waiting
0c4863e7b4f1: Waiting
7fa5470f8d14: Waiting
0c4863e7b4f1: Waiting
7fa5470f8d14: Waiting
7fa5470f8d14: Waiting
0c4863e7b4f1: Waiting
7fa5470f8d14: Waiting
0c4863e7b4f1: Waiting
0c4863e7b4f1: Waiting
7fa5470f8d14: Waiting
7fa5470f8d14: Waiting
0c4863e7b4f1: Waiting
7fa5470f8d14: Waiting
0c4863e7b4f1: Waiting
0c4863e7b4f1: Waiting
7fa5470f8d14: Waiting
7fa5470f8d14: Waiting
0c4863e7b4f1: Waiting
7fa5470f8d14: Waiting
0c4863e7b4f1: Waiting
7fa5470f8d14: Waiting
0c4863e7b4f1: Waiting
0c4863e7b4f1: Waiting
7fa5470f8d14: Waiting
7fa5470f8d14: Waiting
0c4863e7b4f1: Waiting
0c4863e7b4f1: Waiting
7fa5470f8d14: Waiting
0c4863e7b4f1: Waiting
7fa5470f8d14: Waiting
0c4863e7b4f1: Waiting
7fa5470f8d14: Waiting
7fa5470f8d14: Waiting
0c4863e7b4f1: Waiting
0c4863e7b4f1: Waiting
7fa5470f8d14: Waiting
0c4863e7b4f1: Waiting
7fa5470f8d14: Waiting
7fa5470f8d14: Waiting
0c4863e7b4f1: Waiting
0c4863e7b4f1: Waiting
7fa5470f8d14: Waiting
7fa5470f8d14: Waiting
0c4863e7b4f1: Waiting
0c4863e7b4f1: Waiting
7fa5470f8d14: Waiting
0c4863e7b4f1: Waiting
7fa5470f8d14: Waiting
7fa5470f8d14: Waiting
0c4863e7b4f1: Waiting
7fa5470f8d14: Waiting
0c4863e7b4f1: Waiting
0c4863e7b4f1: Waiting
7fa5470f8d14: Waiting
0c4863e7b4f1: Waiting
7fa5470f8d14: Waiting
7fa5470f8d14: Waiting
0c4863e7b4f1: Waiting
0c4863e7b4f1: Waiting
7fa5470f8d14: Waiting
7fa5470f8d14: Waiting
0c4863e7b4f1: Waiting
7fa5470f8d14: Waiting
0c4863e7b4f1: Waiting
7fa5470f8d14: Waiting
0c4863e7b4f1: Waiting
0c4863e7b4f1: Waiting
7fa5470f8d14: Waiting
0c4863e7b4f1: Waiting
7fa5470f8d14: Waiting
7fa5470f8d14: Waiting
0c4863e7b4f1: Waiting
0c4863e7b4f1: Waiting
7fa5470f8d14: Waiting
0c4863e7b4f1: Waiting
7fa5470f8d14: Waiting
7fa5470f8d14: Waiting
0c4863e7b4f1: Waiting
0c4863e7b4f1: Waiting
7fa5470f8d14: Waiting
0c4863e7b4f1: Waiting
7fa5470f8d14: Waiting
7fa5470f8d14: Waiting
0c4863e7b4f1: Waiting
0c4863e7b4f1: Waiting
7fa5470f8d14: Waiting
0c4863e7b4f1: Waiting
7fa5470f8d14: Waiting
7fa5470f8d14: Waiting
0c4863e7b4f1: Waiting
7fa5470f8d14: Waiting
0c4863e7b4f1: Waiting
0c4863e7b4f1: Waiting
7fa5470f8d14: Waiting
0c4863e7b4f1: Waiting
7fa5470f8d14: Waiting
7fa5470f8d14: Waiting
0c4863e7b4f1: Waiting
0c4863e7b4f1: Waiting
7fa5470f8d14: Waiting
0c4863e7b4f1: Waiting
7fa5470f8d14: Waiting
7fa5470f8d14: Waiting
0c4863e7b4f1: Waiting
7fa5470f8d14: Waiting
0c4863e7b4f1: Waiting
0c4863e7b4f1: Waiting
7fa5470f8d14: Waiting
0c4863e7b4f1: Waiting
7fa5470f8d14: Waiting
7fa5470f8d14: Waiting
0c4863e7b4f1: Waiting
7fa5470f8d14: Waiting
0c4863e7b4f1: Waiting
7fa5470f8d14: Waiting
0c4863e7b4f1: Waiting
0c4863e7b4f1: Waiting
7fa5470f8d14: Waiting
0c4863e7b4f1: Waiting
7fa5470f8d14: Waiting
0c4863e7b4f1: Waiting
7fa5470f8d14: Waiting
7fa5470f8d14: Waiting
0c4863e7b4f1: Waiting
7fa5470f8d14: Waiting
0c4863e7b4f1: Waiting
7fa5470f8d14: Waiting
0c4863e7b4f1: Waiting
7fa5470f8d14: Waiting
0c4863e7b4f1: Waiting
7fa5470f8d14: Waiting
0c4863e7b4f1: Waiting
0c4863e7b4f1: Waiting
7fa5470f8d14: Waiting
7fa5470f8d14: Waiting
0c4863e7b4f1: Waiting
7fa5470f8d14: Waiting
0c4863e7b4f1: Waiting
0c4863e7b4f1: Waiting
7fa5470f8d14: Waiting
7fa5470f8d14: Waiting
0c4863e7b4f1: Waiting
0c4863e7b4f1: Waiting
7fa5470f8d14: Waiting
0c4863e7b4f1: Waiting
7fa5470f8d14: Waiting
0c4863e7b4f1: Waiting
7fa5470f8d14: Waiting
0c4863e7b4f1: Waiting
7fa5470f8d14: Waiting
0c4863e7b4f1: Waiting
7fa5470f8d14: Waiting
7fa5470f8d14: Waiting
0c4863e7b4f1: Waiting
7fa5470f8d14: Waiting
0c4863e7b4f1: Waiting
0c4863e7b4f1: Waiting
7fa5470f8d14: Waiting
7fa5470f8d14: Waiting
0c4863e7b4f1: Waiting
0c4863e7b4f1: Waiting
7fa5470f8d14: Waiting
0c4863e7b4f1: Waiting
7fa5470f8d14: Waiting
0c4863e7b4f1: Waiting
7fa5470f8d14: Waiting
0c4863e7b4f1: Waiting
7fa5470f8d14: Waiting
7fa5470f8d14: Waiting
0c4863e7b4f1: Waiting
0c4863e7b4f1: Waiting
7fa5470f8d14: Waiting
7fa5470f8d14: Waiting
0c4863e7b4f1: Waiting
0c4863e7b4f1: Waiting
7fa5470f8d14: Waiting
0c4863e7b4f1: Waiting
7fa5470f8d14: Waiting
0c4863e7b4f1: Waiting
7fa5470f8d14: Waiting
7fa5470f8d14: Waiting
0c4863e7b4f1: Waiting
7fa5470f8d14: Waiting
0c4863e7b4f1: Waiting
0c4863e7b4f1: Waiting
7fa5470f8d14: Waiting
7fa5470f8d14: Waiting
0c4863e7b4f1: Waiting
0c4863e7b4f1: Waiting
7fa5470f8d14: Waiting
7fa5470f8d14: Waiting
0c4863e7b4f1: Waiting
0c4863e7b4f1: Waiting
7fa5470f8d14: Waiting
0c4863e7b4f1: Waiting
7fa5470f8d14: Waiting
0c4863e7b4f1: Waiting
7fa5470f8d14: Waiting
0c4863e7b4f1: Waiting
7fa5470f8d14: Waiting
0c4863e7b4f1: Waiting
7fa5470f8d14: Waiting
0c4863e7b4f1: Waiting
7fa5470f8d14: Waiting
0c4863e7b4f1: Waiting
7fa5470f8d14: Waiting
0c4863e7b4f1: Waiting
7fa5470f8d14: Waiting
0c4863e7b4f1: Waiting
7fa5470f8d14: Waiting
7fa5470f8d14: Waiting
0c4863e7b4f1: Waiting
0c4863e7b4f1: Waiting
7fa5470f8d14: Waiting
7fa5470f8d14: Waiting
0c4863e7b4f1: Waiting
0c4863e7b4f1: Waiting
7fa5470f8d14: Waiting
0c4863e7b4f1: Waiting
7fa5470f8d14: Waiting
7fa5470f8d14: Waiting
0c4863e7b4f1: Waiting
0c4863e7b4f1: Waiting
7fa5470f8d14: Waiting
0c4863e7b4f1: Waiting
7fa5470f8d14: Waiting
7fa5470f8d14: Waiting
0c4863e7b4f1: Waiting
7fa5470f8d14: Waiting
0c4863e7b4f1: Waiting
failed to do request: Head "https://1.94.151.57:85/v2/train-ticket/ts-seat-service/blobs/sha256:7fa5470f8d148c0aa0bc273c5c2f5c143a9da9936b8e8b94b3e3a5731312d296": proxyconnect tcp: dial tcp 192.168.65.1:3128: i/o timeout
