#0 building with "desktop-linux" instance using docker driver

#1 [internal] load build definition from Dockerfile
#1 transferring dockerfile: 296B done
#1 DONE 0.0s

#2 [internal] load metadata for docker.io/library/eclipse-temurin:8-jre
#2 DONE 0.0s

#3 [internal] load .dockerignore
#3 transferring context: 2B done
#3 DONE 0.0s

#4 [1/3] FROM docker.io/library/eclipse-temurin:8-jre@sha256:3b307643e9a7bb12b03154c434211ec485446bea7d119559365c06f31e8bbfa1
#4 resolve docker.io/library/eclipse-temurin:8-jre@sha256:3b307643e9a7bb12b03154c434211ec485446bea7d119559365c06f31e8bbfa1 done
#4 DONE 0.0s

#5 [2/3] RUN /bin/cp /usr/share/zoneinfo/Asia/Shanghai /etc/localtime && echo 'Asia/Shanghai' >/etc/timezone
#5 CACHED

#6 [internal] load build context
#6 transferring context: 80.92MB 0.5s done
#6 DONE 0.5s

#7 [3/3] ADD ./target/ts-station-service-1.0.jar /app/
#7 DONE 0.1s

#8 exporting to image
#8 exporting layers
#8 exporting layers 1.2s done
#8 exporting manifest sha256:8a304f1f8fc1883d5397d277e887e0e94ac8d5ff2dd3201c4ca343fd26e0f808 done
#8 exporting config sha256:424476160f8765a9c2e8b012aa48f5d26a758bf803098ebfed78f9cfef3e0828 done
#8 exporting attestation manifest sha256:d925abe5d62d08e6dc25a9350ac4097531898bbc9d710f13e39834e1b70b2e67 done
#8 exporting manifest list sha256:70c006cb870382829f1d150caf654a29be1a476a4586919919ac94733e80ca86 done
#8 naming to 1.94.151.57:85/train-ticket/ts-station-service:1.0.0 done
#8 DONE 1.2s
The push refers to repository [1.94.151.57:85/train-ticket/ts-station-service]
fd51d394b192: Waiting
7fa5470f8d14: Waiting
a583c88cc96f: Waiting
76edbe7bb9ad: Waiting
8431d82e064a: Waiting
01d7766a2e4a: Waiting
63efd5d9eb50: Waiting
80ffb99b1b2d: Waiting
fd51d394b192: Waiting
7fa5470f8d14: Waiting
a583c88cc96f: Waiting
76edbe7bb9ad: Waiting
8431d82e064a: Waiting
01d7766a2e4a: Waiting
63efd5d9eb50: Waiting
80ffb99b1b2d: Waiting
fd51d394b192: Waiting
7fa5470f8d14: Waiting
a583c88cc96f: Waiting
76edbe7bb9ad: Waiting
8431d82e064a: Waiting
01d7766a2e4a: Waiting
63efd5d9eb50: Waiting
80ffb99b1b2d: Waiting
7fa5470f8d14: Waiting
a583c88cc96f: Waiting
76edbe7bb9ad: Waiting
8431d82e064a: Waiting
01d7766a2e4a: Waiting
63efd5d9eb50: Waiting
80ffb99b1b2d: Waiting
fd51d394b192: Waiting
a583c88cc96f: Waiting
76edbe7bb9ad: Waiting
8431d82e064a: Waiting
01d7766a2e4a: Waiting
63efd5d9eb50: Waiting
80ffb99b1b2d: Waiting
fd51d394b192: Waiting
7fa5470f8d14: Waiting
fd51d394b192: Waiting
7fa5470f8d14: Waiting
a583c88cc96f: Waiting
76edbe7bb9ad: Waiting
8431d82e064a: Waiting
01d7766a2e4a: Waiting
63efd5d9eb50: Waiting
80ffb99b1b2d: Waiting
fd51d394b192: Waiting
7fa5470f8d14: Waiting
a583c88cc96f: Waiting
76edbe7bb9ad: Waiting
8431d82e064a: Waiting
01d7766a2e4a: Waiting
63efd5d9eb50: Waiting
80ffb99b1b2d: Waiting
7fa5470f8d14: Waiting
a583c88cc96f: Waiting
76edbe7bb9ad: Waiting
8431d82e064a: Waiting
01d7766a2e4a: Waiting
63efd5d9eb50: Waiting
80ffb99b1b2d: Waiting
fd51d394b192: Waiting
8431d82e064a: Waiting
01d7766a2e4a: Waiting
63efd5d9eb50: Waiting
80ffb99b1b2d: Waiting
fd51d394b192: Waiting
7fa5470f8d14: Waiting
a583c88cc96f: Waiting
01d7766a2e4a: Waiting
63efd5d9eb50: Waiting
80ffb99b1b2d: Waiting
fd51d394b192: Waiting
7fa5470f8d14: Waiting
a583c88cc96f: Waiting
8431d82e064a: Waiting
fd51d394b192: Waiting
7fa5470f8d14: Waiting
a583c88cc96f: Waiting
76edbe7bb9ad: Pushed
8431d82e064a: Waiting
01d7766a2e4a: Waiting
63efd5d9eb50: Waiting
80ffb99b1b2d: Waiting
63efd5d9eb50: Waiting
80ffb99b1b2d: Waiting
fd51d394b192: Waiting
7fa5470f8d14: Waiting
a583c88cc96f: Waiting
8431d82e064a: Waiting
01d7766a2e4a: Waiting
fd51d394b192: Waiting
7fa5470f8d14: Waiting
a583c88cc96f: Waiting
01d7766a2e4a: Waiting
63efd5d9eb50: Waiting
80ffb99b1b2d: Waiting
63efd5d9eb50: Waiting
80ffb99b1b2d: Waiting
fd51d394b192: Waiting
7fa5470f8d14: Waiting
a583c88cc96f: Waiting
01d7766a2e4a: Waiting
01d7766a2e4a: Waiting
63efd5d9eb50: Waiting
80ffb99b1b2d: Waiting
fd51d394b192: Waiting
7fa5470f8d14: Waiting
a583c88cc96f: Waiting
80ffb99b1b2d: Mounted from train-ticket/ts-security-service
fd51d394b192: Mounted from train-ticket/ts-security-service
7fa5470f8d14: Mounted from train-ticket/ts-security-service
a583c88cc96f: Mounted from train-ticket/ts-security-service
01d7766a2e4a: Mounted from train-ticket/ts-security-service
63efd5d9eb50: Mounted from train-ticket/ts-security-service
8431d82e064a: Pushed
1.0.0: digest: sha256:70c006cb870382829f1d150caf654a29be1a476a4586919919ac94733e80ca86 size: 856
