#0 building with "desktop-linux" instance using docker driver

#1 [internal] load build definition from Dockerfile
#1 transferring dockerfile: 303B done
#1 DONE 0.0s

#2 [internal] load metadata for docker.io/library/eclipse-temurin:8-jre
#2 DONE 0.0s

#3 [internal] load .dockerignore
#3 transferring context: 2B done
#3 DONE 0.0s

#4 [1/3] FROM docker.io/library/eclipse-temurin:8-jre@sha256:3b307643e9a7bb12b03154c434211ec485446bea7d119559365c06f31e8bbfa1
#4 resolve docker.io/library/eclipse-temurin:8-jre@sha256:3b307643e9a7bb12b03154c434211ec485446bea7d119559365c06f31e8bbfa1 0.0s done
#4 DONE 0.0s

#5 [2/3] RUN /bin/cp /usr/share/zoneinfo/Asia/Shanghai /etc/localtime && echo 'Asia/Shanghai' >/etc/timezone
#5 CACHED

#6 [internal] load build context
#6 transferring context: 80.91MB 0.5s done
#6 DONE 0.5s

#7 [3/3] ADD ./target/ts-train-food-service-1.0.jar /app/
#7 DONE 0.1s

#8 exporting to image
#8 exporting layers
#8 exporting layers 1.3s done
#8 exporting manifest sha256:e9c954e09a8cff14976597a6902d8d4a3679a52c5a04ef19641c46db704dac4e done
#8 exporting config sha256:22200fc6df6570975100582689681e7e871710b94ce5be780fdf18bfca8ed140 done
#8 exporting attestation manifest sha256:89a0cb2f3812d56fa5b2790a56a1670e30348426561e519620ee139c950796a9 done
#8 exporting manifest list sha256:d4765f471f273136db2e5386485d02f313836a8a3604dfc0329608425873d4e2 done
#8 naming to 1.94.151.57:85/train-ticket/ts-train-food-service:1.0.0 done
#8 DONE 1.3s
The push refers to repository [1.94.151.57:85/train-ticket/ts-train-food-service]
7fa5470f8d14: Waiting
107ef00fde07: Waiting
ed33cc69450d: Waiting
a583c88cc96f: Waiting
80ffb99b1b2d: Waiting
63efd5d9eb50: Waiting
fd51d394b192: Waiting
01d7766a2e4a: Waiting
80ffb99b1b2d: Waiting
63efd5d9eb50: Waiting
fd51d394b192: Waiting
01d7766a2e4a: Waiting
7fa5470f8d14: Waiting
107ef00fde07: Waiting
ed33cc69450d: Waiting
a583c88cc96f: Waiting
80ffb99b1b2d: Waiting
63efd5d9eb50: Waiting
fd51d394b192: Waiting
01d7766a2e4a: Waiting
7fa5470f8d14: Waiting
107ef00fde07: Waiting
ed33cc69450d: Waiting
a583c88cc96f: Waiting
107ef00fde07: Waiting
ed33cc69450d: Waiting
a583c88cc96f: Waiting
80ffb99b1b2d: Waiting
63efd5d9eb50: Waiting
fd51d394b192: Waiting
01d7766a2e4a: Waiting
7fa5470f8d14: Waiting
01d7766a2e4a: Waiting
7fa5470f8d14: Waiting
107ef00fde07: Waiting
ed33cc69450d: Waiting
a583c88cc96f: Waiting
80ffb99b1b2d: Waiting
63efd5d9eb50: Waiting
fd51d394b192: Waiting
80ffb99b1b2d: Waiting
63efd5d9eb50: Waiting
fd51d394b192: Waiting
01d7766a2e4a: Waiting
7fa5470f8d14: Waiting
107ef00fde07: Waiting
ed33cc69450d: Waiting
a583c88cc96f: Waiting
107ef00fde07: Waiting
ed33cc69450d: Waiting
a583c88cc96f: Waiting
80ffb99b1b2d: Waiting
63efd5d9eb50: Waiting
fd51d394b192: Waiting
01d7766a2e4a: Waiting
7fa5470f8d14: Waiting
80ffb99b1b2d: Waiting
63efd5d9eb50: Waiting
fd51d394b192: Waiting
01d7766a2e4a: Waiting
7fa5470f8d14: Waiting
107ef00fde07: Waiting
ed33cc69450d: Waiting
a583c88cc96f: Waiting
7fa5470f8d14: Waiting
107ef00fde07: Waiting
ed33cc69450d: Waiting
a583c88cc96f: Waiting
80ffb99b1b2d: Waiting
63efd5d9eb50: Waiting
fd51d394b192: Waiting
01d7766a2e4a: Waiting
80ffb99b1b2d: Waiting
63efd5d9eb50: Waiting
fd51d394b192: Waiting
01d7766a2e4a: Waiting
7fa5470f8d14: Waiting
a583c88cc96f: Waiting
a583c88cc96f: Waiting
80ffb99b1b2d: Waiting
63efd5d9eb50: Waiting
fd51d394b192: Waiting
01d7766a2e4a: Waiting
7fa5470f8d14: Waiting
107ef00fde07: Pushed
fd51d394b192: Waiting
01d7766a2e4a: Waiting
7fa5470f8d14: Waiting
a583c88cc96f: Waiting
80ffb99b1b2d: Waiting
63efd5d9eb50: Waiting
7fa5470f8d14: Mounted from train-ticket/ts-security-service
a583c88cc96f: Mounted from train-ticket/ts-security-service
80ffb99b1b2d: Mounted from train-ticket/ts-security-service
63efd5d9eb50: Mounted from train-ticket/ts-security-service
fd51d394b192: Mounted from train-ticket/ts-security-service
01d7766a2e4a: Mounted from train-ticket/ts-security-service
ed33cc69450d: Pushed
1.0.0: digest: sha256:d4765f471f273136db2e5386485d02f313836a8a3604dfc0329608425873d4e2 size: 856
