#0 building with "desktop-linux" instance using docker driver

#1 [internal] load build definition from Dockerfile
#1 transferring dockerfile: 304B done
#1 DONE 0.0s

#2 [internal] load metadata for docker.io/library/eclipse-temurin:8-jre
#2 DONE 0.0s

#3 [internal] load .dockerignore
#3 transferring context: 2B done
#3 DONE 0.0s

#4 [1/3] FROM docker.io/library/eclipse-temurin:8-jre@sha256:3b307643e9a7bb12b03154c434211ec485446bea7d119559365c06f31e8bbfa1
#4 resolve docker.io/library/eclipse-temurin:8-jre@sha256:3b307643e9a7bb12b03154c434211ec485446bea7d119559365c06f31e8bbfa1 done
#4 DONE 0.0s

#5 [2/3] RUN /bin/cp /usr/share/zoneinfo/Asia/Shanghai /etc/localtime && echo 'Asia/Shanghai' >/etc/timezone
#5 CACHED

#6 [internal] load build context
#6 transferring context: 62.51MB 0.4s done
#6 DONE 0.4s

#7 [3/3] ADD ./target/ts-travel-plan-service-1.0.jar /app/
#7 DONE 0.1s

#8 exporting to image
#8 exporting layers
#8 exporting layers 1.0s done
#8 exporting manifest sha256:71b06d1ad05fdebde5f762d55d3168ddda98501d57d4f43227bbde4f906f392e
#8 exporting manifest sha256:71b06d1ad05fdebde5f762d55d3168ddda98501d57d4f43227bbde4f906f392e done
#8 exporting config sha256:0da6c75f5be4fdd94634598f9c093768d5daf598091d5cb64baec92afdc38025 done
#8 exporting attestation manifest sha256:9fe49f81b3b3f92d4356c7876546676f47d45fdc5f5f5f666108eb0d7f315ac0 done
#8 exporting manifest list sha256:f752e57330214dd87c65d9c465935893d9e086b2f1d4919e1339887677dd71c3 done
#8 naming to 1.94.151.57:85/train-ticket/ts-travel-plan-service:1.0.0 done
#8 DONE 1.0s
The push refers to repository [1.94.151.57:85/train-ticket/ts-travel-plan-service]
80ffb99b1b2d: Waiting
63efd5d9eb50: Waiting
a583c88cc96f: Waiting
fd51d394b192: Waiting
a563e5c2b3e4: Waiting
5fa506ff48d7: Waiting
7fa5470f8d14: Waiting
01d7766a2e4a: Waiting
a583c88cc96f: Waiting
fd51d394b192: Waiting
a563e5c2b3e4: Waiting
5fa506ff48d7: Waiting
7fa5470f8d14: Waiting
01d7766a2e4a: Waiting
80ffb99b1b2d: Waiting
63efd5d9eb50: Waiting
7fa5470f8d14: Waiting
01d7766a2e4a: Waiting
80ffb99b1b2d: Waiting
63efd5d9eb50: Waiting
a583c88cc96f: Waiting
fd51d394b192: Waiting
a563e5c2b3e4: Waiting
5fa506ff48d7: Waiting
7fa5470f8d14: Waiting
01d7766a2e4a: Waiting
80ffb99b1b2d: Waiting
63efd5d9eb50: Waiting
a583c88cc96f: Waiting
fd51d394b192: Waiting
a563e5c2b3e4: Waiting
5fa506ff48d7: Waiting
fd51d394b192: Waiting
a563e5c2b3e4: Waiting
5fa506ff48d7: Waiting
7fa5470f8d14: Waiting
01d7766a2e4a: Waiting
80ffb99b1b2d: Waiting
63efd5d9eb50: Waiting
a583c88cc96f: Waiting
63efd5d9eb50: Waiting
a583c88cc96f: Waiting
fd51d394b192: Waiting
a563e5c2b3e4: Waiting
5fa506ff48d7: Waiting
7fa5470f8d14: Waiting
01d7766a2e4a: Waiting
80ffb99b1b2d: Waiting
80ffb99b1b2d: Waiting
63efd5d9eb50: Waiting
a583c88cc96f: Waiting
fd51d394b192: Waiting
a563e5c2b3e4: Waiting
5fa506ff48d7: Waiting
7fa5470f8d14: Waiting
01d7766a2e4a: Waiting
01d7766a2e4a: Waiting
80ffb99b1b2d: Waiting
63efd5d9eb50: Waiting
a583c88cc96f: Waiting
fd51d394b192: Waiting
a563e5c2b3e4: Waiting
5fa506ff48d7: Waiting
7fa5470f8d14: Waiting
fd51d394b192: Waiting
a563e5c2b3e4: Waiting
5fa506ff48d7: Waiting
7fa5470f8d14: Waiting
01d7766a2e4a: Waiting
80ffb99b1b2d: Waiting
63efd5d9eb50: Waiting
a583c88cc96f: Waiting
80ffb99b1b2d: Waiting
63efd5d9eb50: Waiting
a583c88cc96f: Waiting
fd51d394b192: Waiting
7fa5470f8d14: Waiting
01d7766a2e4a: Waiting
01d7766a2e4a: Waiting
80ffb99b1b2d: Waiting
63efd5d9eb50: Waiting
a583c88cc96f: Waiting
fd51d394b192: Waiting
a563e5c2b3e4: Pushed
7fa5470f8d14: Waiting
7fa5470f8d14: Waiting
01d7766a2e4a: Mounted from train-ticket/ts-security-service
80ffb99b1b2d: Mounted from train-ticket/ts-security-service
63efd5d9eb50: Mounted from train-ticket/ts-security-service
a583c88cc96f: Waiting
fd51d394b192: Mounted from train-ticket/ts-security-service
a583c88cc96f: Waiting
7fa5470f8d14: Mounted from train-ticket/ts-security-service
a583c88cc96f: Waiting
a583c88cc96f: Waiting
a583c88cc96f: Waiting
a583c88cc96f: Waiting
a583c88cc96f: Waiting
a583c88cc96f: Waiting
a583c88cc96f: Waiting
a583c88cc96f: Waiting
a583c88cc96f: Waiting
a583c88cc96f: Waiting
a583c88cc96f: Waiting
a583c88cc96f: Waiting
a583c88cc96f: Waiting
a583c88cc96f: Waiting
a583c88cc96f: Waiting
a583c88cc96f: Waiting
a583c88cc96f: Waiting
a583c88cc96f: Waiting
a583c88cc96f: Waiting
a583c88cc96f: Waiting
a583c88cc96f: Waiting
a583c88cc96f: Waiting
a583c88cc96f: Waiting
a583c88cc96f: Waiting
a583c88cc96f: Waiting
a583c88cc96f: Waiting
a583c88cc96f: Waiting
a583c88cc96f: Waiting
a583c88cc96f: Waiting
a583c88cc96f: Waiting
a583c88cc96f: Waiting
a583c88cc96f: Waiting
a583c88cc96f: Waiting
a583c88cc96f: Waiting
a583c88cc96f: Waiting
a583c88cc96f: Waiting
a583c88cc96f: Waiting
a583c88cc96f: Waiting
a583c88cc96f: Waiting
a583c88cc96f: Waiting
a583c88cc96f: Waiting
a583c88cc96f: Waiting
a583c88cc96f: Waiting
a583c88cc96f: Waiting
a583c88cc96f: Waiting
a583c88cc96f: Waiting
a583c88cc96f: Waiting
a583c88cc96f: Waiting
a583c88cc96f: Waiting
a583c88cc96f: Waiting
a583c88cc96f: Waiting
a583c88cc96f: Waiting
a583c88cc96f: Waiting
a583c88cc96f: Waiting
a583c88cc96f: Waiting
a583c88cc96f: Waiting
a583c88cc96f: Waiting
a583c88cc96f: Waiting
a583c88cc96f: Waiting
a583c88cc96f: Waiting
a583c88cc96f: Waiting
a583c88cc96f: Waiting
a583c88cc96f: Waiting
a583c88cc96f: Waiting
a583c88cc96f: Waiting
a583c88cc96f: Waiting
a583c88cc96f: Waiting
a583c88cc96f: Waiting
a583c88cc96f: Waiting
a583c88cc96f: Waiting
a583c88cc96f: Waiting
a583c88cc96f: Waiting
a583c88cc96f: Waiting
a583c88cc96f: Waiting
a583c88cc96f: Waiting
a583c88cc96f: Waiting
a583c88cc96f: Waiting
a583c88cc96f: Waiting
a583c88cc96f: Waiting
a583c88cc96f: Waiting
a583c88cc96f: Waiting
a583c88cc96f: Waiting
a583c88cc96f: Waiting
a583c88cc96f: Waiting
a583c88cc96f: Waiting
a583c88cc96f: Waiting
a583c88cc96f: Waiting
a583c88cc96f: Waiting
a583c88cc96f: Waiting
a583c88cc96f: Waiting
a583c88cc96f: Waiting
a583c88cc96f: Waiting
a583c88cc96f: Waiting
a583c88cc96f: Waiting
a583c88cc96f: Waiting
a583c88cc96f: Waiting
a583c88cc96f: Waiting
a583c88cc96f: Waiting
a583c88cc96f: Waiting
a583c88cc96f: Waiting
a583c88cc96f: Waiting
a583c88cc96f: Waiting
a583c88cc96f: Waiting
a583c88cc96f: Waiting
a583c88cc96f: Waiting
a583c88cc96f: Waiting
a583c88cc96f: Waiting
a583c88cc96f: Waiting
a583c88cc96f: Waiting
a583c88cc96f: Waiting
a583c88cc96f: Waiting
a583c88cc96f: Waiting
a583c88cc96f: Waiting
a583c88cc96f: Waiting
a583c88cc96f: Waiting
a583c88cc96f: Waiting
a583c88cc96f: Waiting
a583c88cc96f: Waiting
a583c88cc96f: Waiting
a583c88cc96f: Waiting
a583c88cc96f: Waiting
a583c88cc96f: Waiting
a583c88cc96f: Waiting
a583c88cc96f: Waiting
a583c88cc96f: Waiting
a583c88cc96f: Waiting
a583c88cc96f: Waiting
a583c88cc96f: Waiting
a583c88cc96f: Waiting
a583c88cc96f: Waiting
a583c88cc96f: Waiting
a583c88cc96f: Waiting
a583c88cc96f: Waiting
a583c88cc96f: Waiting
a583c88cc96f: Waiting
a583c88cc96f: Waiting
a583c88cc96f: Waiting
a583c88cc96f: Waiting
a583c88cc96f: Waiting
a583c88cc96f: Waiting
a583c88cc96f: Waiting
a583c88cc96f: Waiting
a583c88cc96f: Waiting
a583c88cc96f: Waiting
a583c88cc96f: Waiting
a583c88cc96f: Waiting
a583c88cc96f: Waiting
a583c88cc96f: Waiting
a583c88cc96f: Waiting
a583c88cc96f: Waiting
a583c88cc96f: Waiting
a583c88cc96f: Waiting
a583c88cc96f: Waiting
a583c88cc96f: Waiting
a583c88cc96f: Waiting
a583c88cc96f: Waiting
a583c88cc96f: Waiting
a583c88cc96f: Waiting
a583c88cc96f: Waiting
a583c88cc96f: Waiting
a583c88cc96f: Waiting
a583c88cc96f: Waiting
a583c88cc96f: Waiting
a583c88cc96f: Waiting
a583c88cc96f: Waiting
a583c88cc96f: Waiting
a583c88cc96f: Waiting
a583c88cc96f: Waiting
a583c88cc96f: Waiting
a583c88cc96f: Waiting
a583c88cc96f: Waiting
a583c88cc96f: Waiting
a583c88cc96f: Waiting
a583c88cc96f: Waiting
a583c88cc96f: Waiting
a583c88cc96f: Waiting
a583c88cc96f: Waiting
a583c88cc96f: Waiting
a583c88cc96f: Waiting
a583c88cc96f: Waiting
a583c88cc96f: Waiting
a583c88cc96f: Waiting
a583c88cc96f: Waiting
a583c88cc96f: Waiting
a583c88cc96f: Waiting
a583c88cc96f: Waiting
a583c88cc96f: Waiting
a583c88cc96f: Waiting
a583c88cc96f: Waiting
a583c88cc96f: Waiting
a583c88cc96f: Waiting
a583c88cc96f: Waiting
a583c88cc96f: Waiting
a583c88cc96f: Waiting
a583c88cc96f: Waiting
a583c88cc96f: Waiting
a583c88cc96f: Waiting
a583c88cc96f: Waiting
a583c88cc96f: Waiting
a583c88cc96f: Waiting
a583c88cc96f: Waiting
a583c88cc96f: Waiting
a583c88cc96f: Waiting
a583c88cc96f: Waiting
a583c88cc96f: Waiting
a583c88cc96f: Waiting
a583c88cc96f: Waiting
a583c88cc96f: Waiting
a583c88cc96f: Waiting
a583c88cc96f: Waiting
a583c88cc96f: Waiting
a583c88cc96f: Waiting
a583c88cc96f: Waiting
a583c88cc96f: Waiting
a583c88cc96f: Waiting
a583c88cc96f: Waiting
a583c88cc96f: Waiting
a583c88cc96f: Waiting
a583c88cc96f: Waiting
a583c88cc96f: Waiting
a583c88cc96f: Waiting
a583c88cc96f: Waiting
a583c88cc96f: Waiting
a583c88cc96f: Waiting
a583c88cc96f: Waiting
a583c88cc96f: Waiting
a583c88cc96f: Waiting
a583c88cc96f: Waiting
a583c88cc96f: Waiting
a583c88cc96f: Waiting
a583c88cc96f: Waiting
a583c88cc96f: Waiting
a583c88cc96f: Waiting
a583c88cc96f: Waiting
a583c88cc96f: Waiting
a583c88cc96f: Waiting
a583c88cc96f: Waiting
a583c88cc96f: Waiting
a583c88cc96f: Waiting
a583c88cc96f: Waiting
a583c88cc96f: Waiting
a583c88cc96f: Waiting
a583c88cc96f: Waiting
a583c88cc96f: Waiting
a583c88cc96f: Waiting
a583c88cc96f: Waiting
a583c88cc96f: Waiting
a583c88cc96f: Waiting
a583c88cc96f: Waiting
a583c88cc96f: Waiting
a583c88cc96f: Waiting
a583c88cc96f: Waiting
a583c88cc96f: Waiting
a583c88cc96f: Waiting
a583c88cc96f: Waiting
a583c88cc96f: Waiting
a583c88cc96f: Waiting
a583c88cc96f: Waiting
a583c88cc96f: Waiting
a583c88cc96f: Waiting
a583c88cc96f: Waiting
a583c88cc96f: Waiting
a583c88cc96f: Waiting
a583c88cc96f: Waiting
a583c88cc96f: Waiting
a583c88cc96f: Waiting
a583c88cc96f: Waiting
a583c88cc96f: Waiting
a583c88cc96f: Waiting
a583c88cc96f: Waiting
a583c88cc96f: Waiting
a583c88cc96f: Waiting
a583c88cc96f: Waiting
a583c88cc96f: Waiting
a583c88cc96f: Waiting
a583c88cc96f: Waiting
a583c88cc96f: Waiting
a583c88cc96f: Waiting
a583c88cc96f: Waiting
a583c88cc96f: Waiting
a583c88cc96f: Waiting
a583c88cc96f: Waiting
a583c88cc96f: Waiting
a583c88cc96f: Waiting
a583c88cc96f: Waiting
a583c88cc96f: Waiting
a583c88cc96f: Waiting
a583c88cc96f: Waiting
a583c88cc96f: Waiting
a583c88cc96f: Waiting
a583c88cc96f: Waiting
a583c88cc96f: Waiting
a583c88cc96f: Waiting
a583c88cc96f: Waiting
a583c88cc96f: Waiting
failed to do request: Head "https://1.94.151.57:85/v2/train-ticket/ts-travel-plan-service/blobs/sha256:a583c88cc96f0a8edabd1a817651d2eb0e55985409f59f4b2bcc4aa17b7f3359": proxyconnect tcp: dial tcp 192.168.65.1:3128: i/o timeout
