#0 building with "desktop-linux" instance using docker driver

#1 [internal] load build definition from Dockerfile
#1 transferring dockerfile: 290B done
#1 DONE 0.0s

#2 [internal] load metadata for docker.io/library/eclipse-temurin:8-jre
#2 DONE 0.0s

#3 [internal] load .dockerignore
#3 transferring context: 2B done
#3 DONE 0.0s

#4 [1/3] FROM docker.io/library/eclipse-temurin:8-jre@sha256:3b307643e9a7bb12b03154c434211ec485446bea7d119559365c06f31e8bbfa1
#4 resolve docker.io/library/eclipse-temurin:8-jre@sha256:3b307643e9a7bb12b03154c434211ec485446bea7d119559365c06f31e8bbfa1 done
#4 DONE 0.0s

#5 [2/3] RUN /bin/cp /usr/share/zoneinfo/Asia/Shanghai /etc/localtime && echo 'Asia/Shanghai' >/etc/timezone
#5 CACHED

#6 [internal] load build context
#6 transferring context: 80.92MB 0.5s done
#6 DONE 0.5s

#7 [3/3] ADD ./target/ts-user-service-1.0.jar /app/
#7 DONE 0.1s

#8 exporting to image
#8 exporting layers
#8 exporting layers 1.2s done
#8 exporting manifest sha256:98cfd6636e457dc90b540f9c323205fb71257047268c6312a3dd25a79d44ceca done
#8 exporting config sha256:72d23cfec40041b8426498a5006d3547392a0f1af9d44e91b76791fe90914e5c done
#8 exporting attestation manifest sha256:b809da22f6ddbd07d83283bc7f509464a95ff7d8659f830bf13e9352e83e0167 done
#8 exporting manifest list sha256:9a950db05af4aa15a5e69ffb766e11c2e1c109d887173b24d1256086338d3b88 done
#8 naming to 1.94.151.57:85/train-ticket/ts-user-service:1.0.0 done
#8 DONE 1.3s
The push refers to repository [1.94.151.57:85/train-ticket/ts-user-service]
c9c4e17d2387: Waiting
31a6d9de572c: Waiting
01d7766a2e4a: Waiting
63efd5d9eb50: Waiting
80ffb99b1b2d: Waiting
fd51d394b192: Waiting
7fa5470f8d14: Waiting
a583c88cc96f: Waiting
fd51d394b192: Waiting
7fa5470f8d14: Waiting
a583c88cc96f: Waiting
c9c4e17d2387: Waiting
31a6d9de572c: Waiting
01d7766a2e4a: Waiting
63efd5d9eb50: Waiting
80ffb99b1b2d: Waiting
fd51d394b192: Waiting
7fa5470f8d14: Waiting
a583c88cc96f: Waiting
c9c4e17d2387: Waiting
31a6d9de572c: Waiting
01d7766a2e4a: Waiting
63efd5d9eb50: Waiting
80ffb99b1b2d: Waiting
80ffb99b1b2d: Waiting
fd51d394b192: Waiting
7fa5470f8d14: Waiting
a583c88cc96f: Waiting
c9c4e17d2387: Waiting
31a6d9de572c: Waiting
01d7766a2e4a: Waiting
63efd5d9eb50: Waiting
fd51d394b192: Waiting
7fa5470f8d14: Waiting
a583c88cc96f: Waiting
c9c4e17d2387: Waiting
31a6d9de572c: Waiting
01d7766a2e4a: Waiting
63efd5d9eb50: Waiting
80ffb99b1b2d: Waiting
31a6d9de572c: Waiting
01d7766a2e4a: Waiting
63efd5d9eb50: Waiting
80ffb99b1b2d: Waiting
fd51d394b192: Waiting
7fa5470f8d14: Waiting
a583c88cc96f: Waiting
c9c4e17d2387: Waiting
31a6d9de572c: Waiting
01d7766a2e4a: Waiting
63efd5d9eb50: Waiting
80ffb99b1b2d: Waiting
fd51d394b192: Waiting
7fa5470f8d14: Waiting
a583c88cc96f: Waiting
c9c4e17d2387: Waiting
7fa5470f8d14: Waiting
a583c88cc96f: Waiting
01d7766a2e4a: Waiting
63efd5d9eb50: Waiting
80ffb99b1b2d: Waiting
fd51d394b192: Waiting
63efd5d9eb50: Waiting
80ffb99b1b2d: Waiting
fd51d394b192: Waiting
7fa5470f8d14: Waiting
a583c88cc96f: Waiting
c9c4e17d2387: Pushed
01d7766a2e4a: Waiting
fd51d394b192: Mounted from train-ticket/ts-train-food-service
7fa5470f8d14: Mounted from train-ticket/ts-train-food-service
a583c88cc96f: Mounted from train-ticket/ts-train-food-service
01d7766a2e4a: Mounted from train-ticket/ts-train-food-service
63efd5d9eb50: Mounted from train-ticket/ts-train-food-service
80ffb99b1b2d: Mounted from train-ticket/ts-train-food-service
31a6d9de572c: Pushed
1.0.0: digest: sha256:9a950db05af4aa15a5e69ffb766e11c2e1c109d887173b24d1256086338d3b88 size: 856
